#
# There is insufficient memory for the Java Runtime Environment to continue.
# Native memory allocation (malloc) failed to allocate 85983232 bytes for committing reserved memory.
# Possible reasons:
#   The system is out of physical RAM or swap space
#   In 32 bit mode, the process size limit was hit
# Possible solutions:
#   Reduce memory load on the system
#   Increase physical memory or swap space
#   Check if swap backing store is full
#   Use 64 bit Java on a 64 bit OS
#   Decrease Java heap size (-Xmx/-Xms)
#   Decrease number of Java threads
#   Decrease Java thread stack sizes (-Xss)
#   Set larger code cache with -XX:ReservedCodeCacheSize=
# This output file may be truncated or incomplete.
#
#  Out of Memory Error (os_linux.cpp:2718), pid=11612, tid=139906156447488
#
# JRE version: Java(TM) SE Runtime Environment (7.0_40-b43) (build 1.7.0_40-b43)
# Java VM: Java HotSpot(TM) 64-Bit Server VM (24.0-b56 mixed mode linux-amd64 compressed oops)
# Failed to write core dump. Core dumps have been disabled. To enable core dumping, try "ulimit -c unlimited" before starting Java again
#

---------------  T H R E A D  ---------------

Current thread (0x00007f3e6c069800):  VMThread [stack: 0x00007f3e70b1c000,0x00007f3e70c1d000] [id=11631]

Stack: [0x00007f3e70b1c000,0x00007f3e70c1d000],  sp=0x00007f3e70c1b3a0,  free space=1020k
Native frames: (J=compiled Java code, j=interpreted, Vv=VM code, C=native code)
V  [libjvm.so+0x99242a]  VMError::report_and_die()+0x2ea
V  [libjvm.so+0x49316b]  report_vm_out_of_memory(char const*, int, unsigned long, char const*)+0x9b
V  [libjvm.so+0x8128de]  os::Linux::commit_memory_impl(char*, unsigned long, bool)+0xfe
V  [libjvm.so+0x812d8f]  os::Linux::commit_memory_impl(char*, unsigned long, unsigned long, bool)+0x4f
V  [libjvm.so+0x812f4c]  os::pd_commit_memory(char*, unsigned long, unsigned long, bool)+0xc
V  [libjvm.so+0x80d03a]  os::commit_memory(char*, unsigned long, unsigned long, bool)+0x2a
V  [libjvm.so+0x87f203]  PSVirtualSpace::expand_by(unsigned long)+0x53
V  [libjvm.so+0x8805d8]  PSYoungGen::resize_generation(unsigned long, unsigned long)+0xf8
V  [libjvm.so+0x87f742]  PSYoungGen::resize(unsigned long, unsigned long)+0x22
V  [libjvm.so+0x87cbdb]  PSScavenge::invoke_no_policy()+0xf3b
V  [libjvm.so+0x87d341]  PSScavenge::invoke()+0x41
V  [libjvm.so+0x834440]  ParallelScavengeHeap::failed_mem_allocate(unsigned long)+0x70
V  [libjvm.so+0x993cc7]  VM_ParallelGCFailedAllocation::doit()+0x97
V  [libjvm.so+0x99b0f5]  VM_Operation::evaluate()+0x55
V  [libjvm.so+0x99952a]  VMThread::evaluate_operation(VM_Operation*)+0xba
V  [libjvm.so+0x9998ae]  VMThread::loop()+0x1ce
V  [libjvm.so+0x999d20]  VMThread::run()+0x70
V  [libjvm.so+0x814a58]  java_start(Thread*)+0x108

VM_Operation (0x00007f3e684cfea0): ParallelGCFailedAllocation, mode: safepoint, requested by thread 0x00007f3e6c10d800


---------------  P R O C E S S  ---------------

Java Threads: ( => current thread )
  0x00007f3e6c10d800 JavaThread "pool-1-thread-4" [_thread_blocked, id=11672, stack(0x00007f3e683d1000,0x00007f3e684d2000)]
  0x00007f3e6c10d000 JavaThread "pool-1-thread-3" [_thread_blocked, id=11671, stack(0x00007f3e684d2000,0x00007f3e685d3000)]
  0x00007f3e6c0d8000 JavaThread "pool-1-thread-2" [_thread_blocked, id=11669, stack(0x00007f3e685d3000,0x00007f3e686d4000)]
  0x00007f3e6c0d5800 JavaThread "pool-2-thread-1" [_thread_blocked, id=11665, stack(0x00007f3e686d4000,0x00007f3e687d5000)]
  0x00007f3e6c0d4800 JavaThread "pool-1-thread-1" [_thread_blocked, id=11663, stack(0x00007f3e687d5000,0x00007f3e688d6000)]
  0x00007f3e6c096800 JavaThread "Service Thread" daemon [_thread_blocked, id=11651, stack(0x00007f3e68dfe000,0x00007f3e68eff000)]
  0x00007f3e6c094000 JavaThread "C2 CompilerThread1" daemon [_thread_blocked, id=11649, stack(0x00007f3e68eff000,0x00007f3e69000000)]
  0x00007f3e6c091000 JavaThread "C2 CompilerThread0" daemon [_thread_in_native, id=11648, stack(0x00007f3e70036000,0x00007f3e70137000)]
  0x00007f3e6c087000 JavaThread "Signal Dispatcher" daemon [_thread_blocked, id=11641, stack(0x00007f3e70137000,0x00007f3e70238000)]
  0x00007f3e6c070000 JavaThread "Finalizer" daemon [_thread_blocked, id=11637, stack(0x00007f3e7091a000,0x00007f3e70a1b000)]
  0x00007f3e6c06c000 JavaThread "Reference Handler" daemon [_thread_blocked, id=11634, stack(0x00007f3e70a1b000,0x00007f3e70b1c000)]
  0x00007f3e6c00a000 JavaThread "main" [_thread_blocked, id=11617, stack(0x00007f3e755a4000,0x00007f3e756a5000)]

Other Threads:
=>0x00007f3e6c069800 VMThread [stack: 0x00007f3e70b1c000,0x00007f3e70c1d000] [id=11631]
  0x00007f3e6c0a9000 WatcherThread [stack: 0x00007f3e68cfd000,0x00007f3e68dfe000] [id=11654]

VM state:at safepoint (normal execution)

VM Mutex/Monitor currently owned by a thread:  ([mutex/lock_event])
[0x00007f3e6c006740] Threads_lock - owner thread: 0x00007f3e6c069800
[0x00007f3e6c006c40] Heap_lock - owner thread: 0x00007f3e6c10d800

Heap
 PSYoungGen      total 66048K, used 2551K [0x00000000eaa80000, 0x00000000eed80000, 0x0000000100000000)
  eden space 63488K, 0% used [0x00000000eaa80000,0x00000000eaa80000,0x00000000ee880000)
  from space 2560K, 99% used [0x00000000ee880000,0x00000000eeafdd90,0x00000000eeb00000)
  to   space 2560K, 0% used [0x00000000eeb00000,0x00000000eeb00000,0x00000000eed80000)
 ParOldGen       total 40960K, used 23502K [0x00000000c0000000, 0x00000000c2800000, 0x00000000eaa80000)
  object space 40960K, 57% used [0x00000000c0000000,0x00000000c16f3aa0,0x00000000c2800000)
 PSPermGen       total 21504K, used 5847K [0x00000000bae00000, 0x00000000bc300000, 0x00000000c0000000)
  object space 21504K, 27% used [0x00000000bae00000,0x00000000bb3b5e70,0x00000000bc300000)

Card table byte_map: [0x00007f3e7267e000,0x00007f3e728a8000] byte_map_base: 0x00007f3e720a7000

Polling page: 0x00007f3e756c9000

Code Cache  [0x00007f3e69000000, 0x00007f3e69270000, 0x00007f3e6c000000)
 total_blobs=492 nmethods=263 adapters=182 free_code_cache=47987Kb largest_free_block=49081280

Compilation events (10 events):
Event: 53.377 Thread 0x00007f3e6c094000 nmethod 262 0x00007f3e690f99d0 code [0x00007f3e690f9b20, 0x00007f3e690f9bb8]
Event: 53.377 Thread 0x00007f3e6c094000  263             com.android.dx.dex.code.CodeAddress::<init> (7 bytes)
Event: 53.380 Thread 0x00007f3e6c094000 nmethod 263 0x00007f3e69107f10 code [0x00007f3e69108060, 0x00007f3e691080f8]
Event: 53.381 Thread 0x00007f3e6c094000  264             com.android.dx.rop.code.RegisterSpecSet::localItemToSpec (49 bytes)
Event: 53.502 Thread 0x00007f3e6c094000 nmethod 264 0x00007f3e69105a90 code [0x00007f3e69105c00, 0x00007f3e69105fb8]
Event: 53.502 Thread 0x00007f3e6c094000  265             com.android.dx.ssa.SsaMethod::getUseListForRegister (18 bytes)
Event: 53.535 Thread 0x00007f3e6c094000 nmethod 265 0x00007f3e69105790 code [0x00007f3e691058e0, 0x00007f3e691059a8]
Event: 53.535 Thread 0x00007f3e6c094000  266             com.android.dx.ssa.SsaInsn::<init> (29 bytes)
Event: 53.538 Thread 0x00007f3e6c094000 nmethod 266 0x00007f3e69105550 code [0x00007f3e69105680, 0x00007f3e69105718]
Event: 53.538 Thread 0x00007f3e6c094000  267             com.android.dx.ssa.SCCP::simulateStmt (481 bytes)

GC Heap History (9 events):
Event: 12.767 GC heap before
{Heap before GC invocations=1 (full 0):
 PSYoungGen      total 18432K, used 15872K [0x00000000eaa80000, 0x00000000ebf00000, 0x0000000100000000)
  eden space 15872K, 100% used [0x00000000eaa80000,0x00000000eba00000,0x00000000eba00000)
  from space 2560K, 0% used [0x00000000ebc80000,0x00000000ebc80000,0x00000000ebf00000)
  to   space 2560K, 0% used [0x00000000eba00000,0x00000000eba00000,0x00000000ebc80000)
 ParOldGen       total 40960K, used 0K [0x00000000c0000000, 0x00000000c2800000, 0x00000000eaa80000)
  object space 40960K, 0% used [0x00000000c0000000,0x00000000c0000000,0x00000000c2800000)
 PSPermGen       total 21504K, used 5483K [0x00000000bae00000, 0x00000000bc300000, 0x00000000c0000000)
  object space 21504K, 25% used [0x00000000bae00000,0x00000000bb35ac90,0x00000000bc300000)
Event: 12.918 GC heap after
Heap after GC invocations=1 (full 0):
 PSYoungGen      total 18432K, used 2539K [0x00000000eaa80000, 0x00000000ece80000, 0x0000000100000000)
  eden space 15872K, 0% used [0x00000000eaa80000,0x00000000eaa80000,0x00000000eba00000)
  from space 2560K, 99% used [0x00000000eba00000,0x00000000ebc7ade0,0x00000000ebc80000)
  to   space 2560K, 0% used [0x00000000ecc00000,0x00000000ecc00000,0x00000000ece80000)
 ParOldGen       total 40960K, used 1380K [0x00000000c0000000, 0x00000000c2800000, 0x00000000eaa80000)
  object space 40960K, 3% used [0x00000000c0000000,0x00000000c0159130,0x00000000c2800000)
 PSPermGen       total 21504K, used 5483K [0x00000000bae00000, 0x00000000bc300000, 0x00000000c0000000)
  object space 21504K, 25% used [0x00000000bae00000,0x00000000bb35ac90,0x00000000bc300000)
}
Event: 17.368 GC heap before
{Heap before GC invocations=2 (full 0):
 PSYoungGen      total 18432K, used 18411K [0x00000000eaa80000, 0x00000000ece80000, 0x0000000100000000)
  eden space 15872K, 100% used [0x00000000eaa80000,0x00000000eba00000,0x00000000eba00000)
  from space 2560K, 99% used [0x00000000eba00000,0x00000000ebc7ade0,0x00000000ebc80000)
  to   space 2560K, 0% used [0x00000000ecc00000,0x00000000ecc00000,0x00000000ece80000)
 ParOldGen       total 40960K, used 1380K [0x00000000c0000000, 0x00000000c2800000, 0x00000000eaa80000)
  object space 40960K, 3% used [0x00000000c0000000,0x00000000c0159130,0x00000000c2800000)
 PSPermGen       total 21504K, used 5679K [0x00000000bae00000, 0x00000000bc300000, 0x00000000c0000000)
  object space 21504K, 26% used [0x00000000bae00000,0x00000000bb38be58,0x00000000bc300000)
Event: 17.473 GC heap after
Heap after GC invocations=2 (full 0):
 PSYoungGen      total 34304K, used 2557K [0x00000000eaa80000, 0x00000000ece80000, 0x0000000100000000)
  eden space 31744K, 0% used [0x00000000eaa80000,0x00000000eaa80000,0x00000000ec980000)
  from space 2560K, 99% used [0x00000000ecc00000,0x00000000ece7f790,0x00000000ece80000)
  to   space 2560K, 0% used [0x00000000ec980000,0x00000000ec980000,0x00000000ecc00000)
 ParOldGen       total 40960K, used 3601K [0x00000000c0000000, 0x00000000c2800000, 0x00000000eaa80000)
  object space 40960K, 8% used [0x00000000c0000000,0x00000000c0384410,0x00000000c2800000)
 PSPermGen       total 21504K, used 5679K [0x00000000bae00000, 0x00000000bc300000, 0x00000000c0000000)
  object space 21504K, 26% used [0x00000000bae00000,0x00000000bb38be58,0x00000000bc300000)
}
Event: 29.767 GC heap before
{Heap before GC invocations=3 (full 0):
 PSYoungGen      total 34304K, used 34301K [0x00000000eaa80000, 0x00000000ece80000, 0x0000000100000000)
  eden space 31744K, 100% used [0x00000000eaa80000,0x00000000ec980000,0x00000000ec980000)
  from space 2560K, 99% used [0x00000000ecc00000,0x00000000ece7f790,0x00000000ece80000)
  to   space 2560K, 0% used [0x00000000ec980000,0x00000000ec980000,0x00000000ecc00000)
 ParOldGen       total 40960K, used 3601K [0x00000000c0000000, 0x00000000c2800000, 0x00000000eaa80000)
  object space 40960K, 8% used [0x00000000c0000000,0x00000000c0384410,0x00000000c2800000)
 PSPermGen       total 21504K, used 5783K [0x00000000bae00000, 0x00000000bc300000, 0x00000000c0000000)
  object space 21504K, 26% used [0x00000000bae00000,0x00000000bb3a5d00,0x00000000bc300000)
Event: 30.125 GC heap after
Heap after GC invocations=3 (full 0):
 PSYoungGen      total 34304K, used 2547K [0x00000000eaa80000, 0x00000000eed80000, 0x0000000100000000)
  eden space 31744K, 0% used [0x00000000eaa80000,0x00000000eaa80000,0x00000000ec980000)
  from space 2560K, 99% used [0x00000000ec980000,0x00000000ecbfce50,0x00000000ecc00000)
  to   space 2560K, 0% used [0x00000000eeb00000,0x00000000eeb00000,0x00000000eed80000)
 ParOldGen       total 40960K, used 9046K [0x00000000c0000000, 0x00000000c2800000, 0x00000000eaa80000)
  object space 40960K, 22% used [0x00000000c0000000,0x00000000c08d5bc0,0x00000000c2800000)
 PSPermGen       total 21504K, used 5783K [0x00000000bae00000, 0x00000000bc300000, 0x00000000c0000000)
  object space 21504K, 26% used [0x00000000bae00000,0x00000000bb3a5d00,0x00000000bc300000)
}
Event: 42.015 GC heap before
{Heap before GC invocations=4 (full 0):
 PSYoungGen      total 34304K, used 34291K [0x00000000eaa80000, 0x00000000eed80000, 0x0000000100000000)
  eden space 31744K, 100% used [0x00000000eaa80000,0x00000000ec980000,0x00000000ec980000)
  from space 2560K, 99% used [0x00000000ec980000,0x00000000ecbfce50,0x00000000ecc00000)
  to   space 2560K, 0% used [0x00000000eeb00000,0x00000000eeb00000,0x00000000eed80000)
 ParOldGen       total 40960K, used 9046K [0x00000000c0000000, 0x00000000c2800000, 0x00000000eaa80000)
  object space 40960K, 22% used [0x00000000c0000000,0x00000000c08d5bc0,0x00000000c2800000)
 PSPermGen       total 21504K, used 5809K [0x00000000bae00000, 0x00000000bc300000, 0x00000000c0000000)
  object space 21504K, 27% used [0x00000000bae00000,0x00000000bb3ac610,0x00000000bc300000)
Event: 42.237 GC heap after
Heap after GC invocations=4 (full 0):
 PSYoungGen      total 66048K, used 2547K [0x00000000eaa80000, 0x00000000eed80000, 0x0000000100000000)
  eden space 63488K, 0% used [0x00000000eaa80000,0x00000000eaa80000,0x00000000ee880000)
  from space 2560K, 99% used [0x00000000eeb00000,0x00000000eed7cff8,0x00000000eed80000)
  to   space 2560K, 0% used [0x00000000ee880000,0x00000000ee880000,0x00000000eeb00000)
 ParOldGen       total 40960K, used 13804K [0x00000000c0000000, 0x00000000c2800000, 0x00000000eaa80000)
  object space 40960K, 33% used [0x00000000c0000000,0x00000000c0d7b298,0x00000000c2800000)
 PSPermGen       total 21504K, used 5809K [0x00000000bae00000, 0x00000000bc300000, 0x00000000c0000000)
  object space 21504K, 27% used [0x00000000bae00000,0x00000000bb3ac610,0x00000000bc300000)
}
Event: 53.862 GC heap before
{Heap before GC invocations=5 (full 0):
 PSYoungGen      total 66048K, used 66035K [0x00000000eaa80000, 0x00000000eed80000, 0x0000000100000000)
  eden space 63488K, 100% used [0x00000000eaa80000,0x00000000ee880000,0x00000000ee880000)
  from space 2560K, 99% used [0x00000000eeb00000,0x00000000eed7cff8,0x00000000eed80000)
  to   space 2560K, 0% used [0x00000000ee880000,0x00000000ee880000,0x00000000eeb00000)
 ParOldGen       total 40960K, used 13804K [0x00000000c0000000, 0x00000000c2800000, 0x00000000eaa80000)
  object space 40960K, 33% used [0x00000000c0000000,0x00000000c0d7b298,0x00000000c2800000)
 PSPermGen       total 21504K, used 5847K [0x00000000bae00000, 0x00000000bc300000, 0x00000000c0000000)
  object space 21504K, 27% used [0x00000000bae00000,0x00000000bb3b5e70,0x00000000bc300000)

Deoptimization events (10 events):
Event: 11.831 Thread 0x00007f3e6c10d800 Uncommon trap: reason=class_check action=maybe_recompile pc=0x00007f3e6907a6ec method=com.android.dx.ssa.NormalSsaInsn.accept(Lcom/android/dx/ssa/SsaInsn$Visitor;)V @ 9
Event: 11.832 Thread 0x00007f3e6c10d800 Uncommon trap: reason=class_check action=maybe_recompile pc=0x00007f3e6907a6ec method=com.android.dx.ssa.NormalSsaInsn.accept(Lcom/android/dx/ssa/SsaInsn$Visitor;)V @ 9
Event: 12.292 Thread 0x00007f3e6c10d000 Uncommon trap: reason=null_check action=make_not_entrant pc=0x00007f3e6907eed4 method=com.android.dx.rop.code.LocalItem.equals(Ljava/lang/Object;)Z @ 1
Event: 17.775 Thread 0x00007f3e6c10d000 Uncommon trap: reason=class_check action=maybe_recompile pc=0x00007f3e69094ea0 method=com.android.dx.rop.type.Type.equals(Ljava/lang/Object;)Z @ 8
Event: 18.246 Thread 0x00007f3e6c0d4800 Uncommon trap: reason=class_check action=maybe_recompile pc=0x00007f3e69094ea0 method=com.android.dx.rop.type.Type.equals(Ljava/lang/Object;)Z @ 8
Event: 18.271 Thread 0x00007f3e6c0d4800 Uncommon trap: reason=class_check action=maybe_recompile pc=0x00007f3e69094ea0 method=com.android.dx.rop.type.Type.equals(Ljava/lang/Object;)Z @ 8
Event: 18.272 Thread 0x00007f3e6c0d4800 Uncommon trap: reason=class_check action=maybe_recompile pc=0x00007f3e69094ea0 method=com.android.dx.rop.type.Type.equals(Ljava/lang/Object;)Z @ 8
Event: 25.056 Thread 0x00007f3e6c0d8000 Uncommon trap: reason=null_check action=make_not_entrant pc=0x00007f3e690d8170 method=com.android.dx.ssa.SsaRenamer.getLocalForNewReg(I)Lcom/android/dx/rop/code/LocalItem; @ 19
Event: 30.129 Thread 0x00007f3e6c0d8000 Uncommon trap: reason=class_check action=maybe_recompile pc=0x00007f3e69091c70 method=com.android.dx.rop.type.Type.equals(Ljava/lang/Object;)Z @ 8
Event: 52.549 Thread 0x00007f3e6c10d000 Uncommon trap: reason=unreached action=reinterpret pc=0x00007f3e690d0924 method=com.android.dx.ssa.LocalVariableExtractor.processBlock(I)V @ 251

Internal exceptions (10 events):
Event: 12.292 Thread 0x00007f3e6c10d000 Implicit null exception at 0x00007f3e6907eb4d to 0x00007f3e6907eec1
Event: 25.056 Thread 0x00007f3e6c0d8000 Implicit null exception at 0x00007f3e690d6404 to 0x00007f3e690d8139
Event: 27.208 Thread 0x00007f3e6c00a000 Threw 0x00000000ec470160 at /HUDSON/workspace/jdk7u40-2-build-linux-amd64-product/jdk7u40/hotspot/src/share/vm/prims/jvm.cpp:1244
Event: 27.209 Thread 0x00007f3e6c00a000 Threw 0x00000000ec4726d0 at /HUDSON/workspace/jdk7u40-2-build-linux-amd64-product/jdk7u40/hotspot/src/share/vm/prims/jvm.cpp:1244
Event: 27.367 Thread 0x00007f3e6c00a000 Threw 0x00000000ec4cfb60 at /HUDSON/workspace/jdk7u40-2-build-linux-amd64-product/jdk7u40/hotspot/src/share/vm/prims/jvm.cpp:1244
Event: 27.369 Thread 0x00007f3e6c00a000 Threw 0x00000000ec4d1f38 at /HUDSON/workspace/jdk7u40-2-build-linux-amd64-product/jdk7u40/hotspot/src/share/vm/prims/jvm.cpp:1244
Event: 28.800 Thread 0x00007f3e6c00a000 Threw 0x00000000ec7b5190 at /HUDSON/workspace/jdk7u40-2-build-linux-amd64-product/jdk7u40/hotspot/src/share/vm/prims/jvm.cpp:1244
Event: 28.802 Thread 0x00007f3e6c00a000 Threw 0x00000000ec7bab08 at /HUDSON/workspace/jdk7u40-2-build-linux-amd64-product/jdk7u40/hotspot/src/share/vm/prims/jvm.cpp:1244
Event: 28.845 Thread 0x00007f3e6c00a000 Threw 0x00000000ec7c0138 at /HUDSON/workspace/jdk7u40-2-build-linux-amd64-product/jdk7u40/hotspot/src/share/vm/prims/jvm.cpp:1244
Event: 41.598 Thread 0x00007f3e6c10d000 Threw 0x00000000ec875520 at /HUDSON/workspace/jdk7u40-2-build-linux-amd64-product/jdk7u40/hotspot/src/share/vm/prims/jvm.cpp:1244

Events (10 events):
Event: 35.968 Thread 0x00007f3e6c094000 flushing nmethod 0x00007f3e6907e7d0
Event: 41.598 loading class 0x00007f3e2800d0e0
Event: 41.598 loading class 0x00007f3e2800d0e0 done
Event: 41.992 Executing VM operation: ParallelGCFailedAllocation
Event: 42.237 Executing VM operation: ParallelGCFailedAllocation done
Event: 46.521 Thread 0x00007f3e6c094000 flushing nmethod 0x00007f3e69094c10
Event: 52.549 Thread 0x00007f3e6c10d000 Uncommon trap: trap_request=0xffffffad fr.pc=0x00007f3e690d0924
Event: 52.549 Thread 0x00007f3e6c10d000 DEOPT PACKING pc=0x00007f3e690d0924 sp=0x00007f3e685d1040
Event: 52.549 Thread 0x00007f3e6c10d000 DEOPT UNPACKING pc=0x00007f3e69039445 sp=0x00007f3e685d1010 mode 2
Event: 53.846 Executing VM operation: ParallelGCFailedAllocation


Dynamic libraries:
00400000-00401000 r-xp 00000000 08:05 2635599                            /usr/local/jdk1.7.0_40/bin/java
00600000-00601000 rw-p 00000000 08:05 2635599                            /usr/local/jdk1.7.0_40/bin/java
020e3000-02104000 rw-p 00000000 00:00 0                                  [heap]
bae00000-bc300000 rw-p 00000000 00:00 0 
bc300000-c0000000 rw-p 00000000 00:00 0 
c0000000-c2800000 rw-p 00000000 00:00 0 
c2800000-eaa80000 rw-p 00000000 00:00 0 
eaa80000-eed80000 rw-p 00000000 00:00 0 
f3f80000-100000000 rw-p 00000000 00:00 0 
7f3e1c000000-7f3e1c021000 rw-p 00000000 00:00 0 
7f3e1c021000-7f3e20000000 ---p 00000000 00:00 0 
7f3e20000000-7f3e2002e000 rw-p 00000000 00:00 0 
7f3e2002e000-7f3e24000000 ---p 00000000 00:00 0 
7f3e24000000-7f3e24021000 rw-p 00000000 00:00 0 
7f3e24021000-7f3e28000000 ---p 00000000 00:00 0 
7f3e28000000-7f3e28021000 rw-p 00000000 00:00 0 
7f3e28021000-7f3e2c000000 ---p 00000000 00:00 0 
7f3e2c000000-7f3e2c021000 rw-p 00000000 00:00 0 
7f3e2c021000-7f3e30000000 ---p 00000000 00:00 0 
7f3e30000000-7f3e3003f000 rw-p 00000000 00:00 0 
7f3e3003f000-7f3e34000000 ---p 00000000 00:00 0 
7f3e34000000-7f3e350eb000 rw-p 00000000 00:00 0 
7f3e350eb000-7f3e38000000 ---p 00000000 00:00 0 
7f3e38000000-7f3e38021000 rw-p 00000000 00:00 0 
7f3e38021000-7f3e3c000000 ---p 00000000 00:00 0 
7f3e3c000000-7f3e3c021000 rw-p 00000000 00:00 0 
7f3e3c021000-7f3e40000000 ---p 00000000 00:00 0 
7f3e40000000-7f3e41613000 rw-p 00000000 00:00 0 
7f3e41613000-7f3e44000000 ---p 00000000 00:00 0 
7f3e44000000-7f3e44021000 rw-p 00000000 00:00 0 
7f3e44021000-7f3e48000000 ---p 00000000 00:00 0 
7f3e48000000-7f3e48021000 rw-p 00000000 00:00 0 
7f3e48021000-7f3e4c000000 ---p 00000000 00:00 0 
7f3e4c000000-7f3e4c021000 rw-p 00000000 00:00 0 
7f3e4c021000-7f3e50000000 ---p 00000000 00:00 0 
7f3e50000000-7f3e5024b000 rw-p 00000000 00:00 0 
7f3e5024b000-7f3e54000000 ---p 00000000 00:00 0 
7f3e54000000-7f3e54021000 rw-p 00000000 00:00 0 
7f3e54021000-7f3e58000000 ---p 00000000 00:00 0 
7f3e5c000000-7f3e5c021000 rw-p 00000000 00:00 0 
7f3e5c021000-7f3e60000000 ---p 00000000 00:00 0 
7f3e61d70000-7f3e64000000 rw-p 00000000 00:00 0 
7f3e64000000-7f3e64021000 rw-p 00000000 00:00 0 
7f3e64021000-7f3e68000000 ---p 00000000 00:00 0 
7f3e683d1000-7f3e683d4000 ---p 00000000 00:00 0 
7f3e683d4000-7f3e684d2000 rw-p 00000000 00:00 0                          [stack:11672]
7f3e684d2000-7f3e684d5000 ---p 00000000 00:00 0 
7f3e684d5000-7f3e685d3000 rw-p 00000000 00:00 0                          [stack:11671]
7f3e685d3000-7f3e685d6000 ---p 00000000 00:00 0 
7f3e685d6000-7f3e686d4000 rw-p 00000000 00:00 0                          [stack:11669]
7f3e686d4000-7f3e686d7000 ---p 00000000 00:00 0 
7f3e686d7000-7f3e687d5000 rw-p 00000000 00:00 0                          [stack:11665]
7f3e687d5000-7f3e687d8000 ---p 00000000 00:00 0 
7f3e687d8000-7f3e688d6000 rw-p 00000000 00:00 0                          [stack:11663]
7f3e688d6000-7f3e688eb000 r-xp 00000000 08:05 2636261                    /usr/local/jdk1.7.0_40/jre/lib/amd64/libnet.so
7f3e688eb000-7f3e68aeb000 ---p 00015000 08:05 2636261                    /usr/local/jdk1.7.0_40/jre/lib/amd64/libnet.so
7f3e68aeb000-7f3e68aec000 rw-p 00015000 08:05 2636261                    /usr/local/jdk1.7.0_40/jre/lib/amd64/libnet.so
7f3e68aec000-7f3e68afc000 r-xp 00000000 08:05 2636301                    /usr/local/jdk1.7.0_40/jre/lib/amd64/libnio.so
7f3e68afc000-7f3e68cfc000 ---p 00010000 08:05 2636301                    /usr/local/jdk1.7.0_40/jre/lib/amd64/libnio.so
7f3e68cfc000-7f3e68cfd000 rw-p 00010000 08:05 2636301                    /usr/local/jdk1.7.0_40/jre/lib/amd64/libnio.so
7f3e68cfd000-7f3e68cfe000 ---p 00000000 00:00 0 
7f3e68cfe000-7f3e68dfe000 rw-p 00000000 00:00 0                          [stack:11654]
7f3e68dfe000-7f3e68e01000 ---p 00000000 00:00 0 
7f3e68e01000-7f3e68eff000 rw-p 00000000 00:00 0                          [stack:11651]
7f3e68eff000-7f3e68f02000 ---p 00000000 00:00 0 
7f3e68f02000-7f3e69000000 rw-p 00000000 00:00 0                          [stack:11649]
7f3e69000000-7f3e69270000 rwxp 00000000 00:00 0 
7f3e69270000-7f3e6c14f000 rw-p 00000000 00:00 0 
7f3e6c14f000-7f3e70000000 ---p 00000000 00:00 0 
7f3e70005000-7f3e70036000 rw-p 00000000 00:00 0 
7f3e70036000-7f3e70039000 ---p 00000000 00:00 0 
7f3e70039000-7f3e70137000 rw-p 00000000 00:00 0                          [stack:11648]
7f3e70137000-7f3e7013a000 ---p 00000000 00:00 0 
7f3e7013a000-7f3e70238000 rw-p 00000000 00:00 0                          [stack:11641]
7f3e70238000-7f3e7091a000 r--p 00000000 08:05 2629588                    /usr/lib/locale/locale-archive
7f3e7091a000-7f3e7091d000 ---p 00000000 00:00 0 
7f3e7091d000-7f3e70a1b000 rw-p 00000000 00:00 0                          [stack:11637]
7f3e70a1b000-7f3e70a1e000 ---p 00000000 00:00 0 
7f3e70a1e000-7f3e70b1c000 rw-p 00000000 00:00 0                          [stack:11634]
7f3e70b1c000-7f3e70b1d000 ---p 00000000 00:00 0 
7f3e70b1d000-7f3e71c1c000 rw-p 00000000 00:00 0                          [stack:11631]
7f3e71c1c000-7f3e71dd9000 r--s 039d3000 08:05 2636971                    /usr/local/jdk1.7.0_40/jre/lib/rt.jar
7f3e71dd9000-7f3e720fb000 rw-p 00000000 00:00 0 
7f3e720fb000-7f3e720fc000 ---p 00000000 00:00 0 
7f3e720fc000-7f3e721fc000 rw-p 00000000 00:00 0                          [stack:11628]
7f3e721fc000-7f3e721fd000 ---p 00000000 00:00 0 
7f3e721fd000-7f3e722fd000 rw-p 00000000 00:00 0                          [stack:11626]
7f3e722fd000-7f3e722fe000 ---p 00000000 00:00 0 
7f3e722fe000-7f3e723fe000 rw-p 00000000 00:00 0                          [stack:11623]
7f3e723fe000-7f3e723ff000 ---p 00000000 00:00 0 
7f3e723ff000-7f3e7250a000 rw-p 00000000 00:00 0                          [stack:11619]
7f3e7250a000-7f3e72528000 rw-p 00000000 00:00 0 
7f3e72528000-7f3e7253c000 rw-p 00000000 00:00 0 
7f3e7253c000-7f3e7267e000 rw-p 00000000 00:00 0 
7f3e7267e000-7f3e72689000 rw-p 00000000 00:00 0 
7f3e72689000-7f3e726a7000 rw-p 00000000 00:00 0 
7f3e726a7000-7f3e726bb000 rw-p 00000000 00:00 0 
7f3e726bb000-7f3e727fc000 rw-p 00000000 00:00 0 
7f3e727fc000-7f3e7281e000 rw-p 00000000 00:00 0 
7f3e7281e000-7f3e728a7000 rw-p 00000000 00:00 0 
7f3e728a7000-7f3e728a8000 rw-p 00000000 00:00 0 
7f3e728a8000-7f3e728c2000 r-xp 00000000 08:05 2636315                    /usr/local/jdk1.7.0_40/jre/lib/amd64/libzip.so
7f3e728c2000-7f3e72ac2000 ---p 0001a000 08:05 2636315                    /usr/local/jdk1.7.0_40/jre/lib/amd64/libzip.so
7f3e72ac2000-7f3e72ac3000 rw-p 0001a000 08:05 2636315                    /usr/local/jdk1.7.0_40/jre/lib/amd64/libzip.so
7f3e72ac3000-7f3e72ace000 r-xp 00000000 08:05 2894758                    /lib/x86_64-linux-gnu/libnss_files-2.19.so
7f3e72ace000-7f3e72ccd000 ---p 0000b000 08:05 2894758                    /lib/x86_64-linux-gnu/libnss_files-2.19.so
7f3e72ccd000-7f3e72cce000 r--p 0000a000 08:05 2894758                    /lib/x86_64-linux-gnu/libnss_files-2.19.so
7f3e72cce000-7f3e72ccf000 rw-p 0000b000 08:05 2894758                    /lib/x86_64-linux-gnu/libnss_files-2.19.so
7f3e72ccf000-7f3e72cda000 r-xp 00000000 08:05 2894778                    /lib/x86_64-linux-gnu/libnss_nis-2.19.so
7f3e72cda000-7f3e72ed9000 ---p 0000b000 08:05 2894778                    /lib/x86_64-linux-gnu/libnss_nis-2.19.so
7f3e72ed9000-7f3e72eda000 r--p 0000a000 08:05 2894778                    /lib/x86_64-linux-gnu/libnss_nis-2.19.so
7f3e72eda000-7f3e72edb000 rw-p 0000b000 08:05 2894778                    /lib/x86_64-linux-gnu/libnss_nis-2.19.so
7f3e72edb000-7f3e72ef2000 r-xp 00000000 08:05 2894767                    /lib/x86_64-linux-gnu/libnsl-2.19.so
7f3e72ef2000-7f3e730f1000 ---p 00017000 08:05 2894767                    /lib/x86_64-linux-gnu/libnsl-2.19.so
7f3e730f1000-7f3e730f2000 r--p 00016000 08:05 2894767                    /lib/x86_64-linux-gnu/libnsl-2.19.so
7f3e730f2000-7f3e730f3000 rw-p 00017000 08:05 2894767                    /lib/x86_64-linux-gnu/libnsl-2.19.so
7f3e730f3000-7f3e730f5000 rw-p 00000000 00:00 0 
7f3e730f5000-7f3e730fe000 r-xp 00000000 08:05 2894766                    /lib/x86_64-linux-gnu/libnss_compat-2.19.so
7f3e730fe000-7f3e732fd000 ---p 00009000 08:05 2894766                    /lib/x86_64-linux-gnu/libnss_compat-2.19.so
7f3e732fd000-7f3e732fe000 r--p 00008000 08:05 2894766                    /lib/x86_64-linux-gnu/libnss_compat-2.19.so
7f3e732fe000-7f3e732ff000 rw-p 00009000 08:05 2894766                    /lib/x86_64-linux-gnu/libnss_compat-2.19.so
7f3e732ff000-7f3e73328000 r-xp 00000000 08:05 2636298                    /usr/local/jdk1.7.0_40/jre/lib/amd64/libjava.so
7f3e73328000-7f3e73528000 ---p 00029000 08:05 2636298                    /usr/local/jdk1.7.0_40/jre/lib/amd64/libjava.so
7f3e73528000-7f3e7352a000 rw-p 00029000 08:05 2636298                    /usr/local/jdk1.7.0_40/jre/lib/amd64/libjava.so
7f3e7352a000-7f3e73537000 r-xp 00000000 08:05 2636260                    /usr/local/jdk1.7.0_40/jre/lib/amd64/libverify.so
7f3e73537000-7f3e73736000 ---p 0000d000 08:05 2636260                    /usr/local/jdk1.7.0_40/jre/lib/amd64/libverify.so
7f3e73736000-7f3e73738000 rw-p 0000c000 08:05 2636260                    /usr/local/jdk1.7.0_40/jre/lib/amd64/libverify.so
7f3e73738000-7f3e7373f000 r-xp 00000000 08:05 2894775                    /lib/x86_64-linux-gnu/librt-2.19.so
7f3e7373f000-7f3e7393e000 ---p 00007000 08:05 2894775                    /lib/x86_64-linux-gnu/librt-2.19.so
7f3e7393e000-7f3e7393f000 r--p 00006000 08:05 2894775                    /lib/x86_64-linux-gnu/librt-2.19.so
7f3e7393f000-7f3e73940000 rw-p 00007000 08:05 2894775                    /lib/x86_64-linux-gnu/librt-2.19.so
7f3e73940000-7f3e73a45000 r-xp 00000000 08:05 2894757                    /lib/x86_64-linux-gnu/libm-2.19.so
7f3e73a45000-7f3e73c44000 ---p 00105000 08:05 2894757                    /lib/x86_64-linux-gnu/libm-2.19.so
7f3e73c44000-7f3e73c45000 r--p 00104000 08:05 2894757                    /lib/x86_64-linux-gnu/libm-2.19.so
7f3e73c45000-7f3e73c46000 rw-p 00105000 08:05 2894757                    /lib/x86_64-linux-gnu/libm-2.19.so
7f3e73c46000-7f3e747a8000 r-xp 00000000 08:05 2636274                    /usr/local/jdk1.7.0_40/jre/lib/amd64/server/libjvm.so
7f3e747a8000-7f3e749a8000 ---p 00b62000 08:05 2636274                    /usr/local/jdk1.7.0_40/jre/lib/amd64/server/libjvm.so
7f3e749a8000-7f3e74a6b000 rw-p 00b62000 08:05 2636274                    /usr/local/jdk1.7.0_40/jre/lib/amd64/server/libjvm.so
7f3e74a6b000-7f3e74aac000 rw-p 00000000 00:00 0 
7f3e74aac000-7f3e74c67000 r-xp 00000000 08:05 2894772                    /lib/x86_64-linux-gnu/libc-2.19.so
7f3e74c67000-7f3e74e66000 ---p 001bb000 08:05 2894772                    /lib/x86_64-linux-gnu/libc-2.19.so
7f3e74e66000-7f3e74e6a000 r--p 001ba000 08:05 2894772                    /lib/x86_64-linux-gnu/libc-2.19.so
7f3e74e6a000-7f3e74e6c000 rw-p 001be000 08:05 2894772                    /lib/x86_64-linux-gnu/libc-2.19.so
7f3e74e6c000-7f3e74e71000 rw-p 00000000 00:00 0 
7f3e74e71000-7f3e74e74000 r-xp 00000000 08:05 2894761                    /lib/x86_64-linux-gnu/libdl-2.19.so
7f3e74e74000-7f3e75073000 ---p 00003000 08:05 2894761                    /lib/x86_64-linux-gnu/libdl-2.19.so
7f3e75073000-7f3e75074000 r--p 00002000 08:05 2894761                    /lib/x86_64-linux-gnu/libdl-2.19.so
7f3e75074000-7f3e75075000 rw-p 00003000 08:05 2894761                    /lib/x86_64-linux-gnu/libdl-2.19.so
7f3e75075000-7f3e7508b000 r-xp 00000000 08:05 2636289                    /usr/local/jdk1.7.0_40/jre/lib/amd64/jli/libjli.so
7f3e7508b000-7f3e7528b000 ---p 00016000 08:05 2636289                    /usr/local/jdk1.7.0_40/jre/lib/amd64/jli/libjli.so
7f3e7528b000-7f3e7528c000 rw-p 00016000 08:05 2636289                    /usr/local/jdk1.7.0_40/jre/lib/amd64/jli/libjli.so
7f3e7528c000-7f3e752a5000 r-xp 00000000 08:05 2894773                    /lib/x86_64-linux-gnu/libpthread-2.19.so
7f3e752a5000-7f3e754a4000 ---p 00019000 08:05 2894773                    /lib/x86_64-linux-gnu/libpthread-2.19.so
7f3e754a4000-7f3e754a5000 r--p 00018000 08:05 2894773                    /lib/x86_64-linux-gnu/libpthread-2.19.so
7f3e754a5000-7f3e754a6000 rw-p 00019000 08:05 2894773                    /lib/x86_64-linux-gnu/libpthread-2.19.so
7f3e754a6000-7f3e754aa000 rw-p 00000000 00:00 0 
7f3e754aa000-7f3e754cd000 r-xp 00000000 08:05 2894769                    /lib/x86_64-linux-gnu/ld-2.19.so
7f3e754d0000-7f3e754d5000 r--s 00042000 08:05 830660                     /home/mayank/android projects/Movies/app/build/intermediates/exploded-aar/com.android.support/recyclerview-v7/23.1.1/jars/classes.jar
7f3e754d5000-7f3e754e4000 r--s 000df000 08:05 1200912                    /home/mayank/android-sdk-linux/build-tools/23.0.2/lib/dx.jar
7f3e754e4000-7f3e754ee000 rw-p 00000000 00:00 0 
7f3e754ee000-7f3e755a4000 rw-p 00000000 00:00 0 
7f3e755a4000-7f3e755a7000 ---p 00000000 00:00 0 
7f3e755a7000-7f3e756c0000 rw-p 00000000 00:00 0                          [stack:11617]
7f3e756c0000-7f3e756c8000 rw-s 00000000 08:05 2519123                    /tmp/hsperfdata_mayank/11612
7f3e756c8000-7f3e756c9000 rw-p 00000000 00:00 0 
7f3e756c9000-7f3e756ca000 ---p 00000000 00:00 0 
7f3e756ca000-7f3e756cc000 rw-p 00000000 00:00 0 
7f3e756cc000-7f3e756cd000 r--p 00022000 08:05 2894769                    /lib/x86_64-linux-gnu/ld-2.19.so
7f3e756cd000-7f3e756ce000 rw-p 00023000 08:05 2894769                    /lib/x86_64-linux-gnu/ld-2.19.so
7f3e756ce000-7f3e756cf000 rw-p 00000000 00:00 0 
7ffff2e68000-7ffff2e8a000 rw-p 00000000 00:00 0                          [stack]
7ffff2fa4000-7ffff2fa6000 r-xp 00000000 00:00 0                          [vdso]
ffffffffff600000-ffffffffff601000 r-xp 00000000 00:00 0                  [vsyscall]

VM Arguments:
jvm_args: -Djava.awt.headless=true -Xmx1024M -Dfile.encoding=UTF-8 -Duser.country=IN -Duser.language=en -Duser.variant 
java_command: com.android.dx.command.Main --dex --num-threads=4 --output /home/mayank/android projects/Movies/app/build/intermediates/pre-dexed/release/com.android.support-recyclerview-v7-23.1.1_3f6b423dd97545a03dec0784c518693c02cf6417.jar /home/mayank/android projects/Movies/app/build/intermediates/exploded-aar/com.android.support/recyclerview-v7/23.1.1/jars/classes.jar
Launcher Type: SUN_STANDARD

Environment Variables:
JAVA_HOME=/usr/local/java/jdk1.7.0_40
PATH=/usr/local/sbin:/usr/local/bin:/usr/sbin:/usr/bin:/sbin:/bin:/usr/games:/usr/local/games:/home/mayank/bin:/usr/local/java/jdk1.7.0_40/bin:/usr/local/jdk1.7.0_40/bin:/home/mayank/ns-allinone-2.35/xgraph-12.2/:/home/mayank/ns-allinone-2.35/bin/:/home/mayank/ns-allinone-2.35/tcl8.5.10/unix/:/home/mayank/ns-allinone-2.35/tk8.5.10/unix/:/home/mayank/ns-allinone-2.35/ns-2.35/:/home/mayank/ns-allinone-2.35/nam-1.15/:/home/mayank/omnetpp-4.6/bin:/apache-tomcat-7.0.62/lib/servlet-api.jar:/usr/local/apache-tomcat-8.0.23/
LD_LIBRARY_PATH=.::/home/mayank/ns-allinone-2.35/otcl-1.14:/home/mayank/ns-allinone-2.35/lib/:/usr/local/lib/
SHELL=/bin/bash
DISPLAY=:0

Signal Handlers:
SIGSEGV: [libjvm.so+0x992d50], sa_mask[0]=0x7ffbfeff, sa_flags=0x10000004
SIGBUS: [libjvm.so+0x992d50], sa_mask[0]=0x7ffbfeff, sa_flags=0x10000004
SIGFPE: [libjvm.so+0x80fb00], sa_mask[0]=0x7ffbfeff, sa_flags=0x10000004
SIGPIPE: [libjvm.so+0x80fb00], sa_mask[0]=0x7ffbfeff, sa_flags=0x10000004
SIGXFSZ: [libjvm.so+0x80fb00], sa_mask[0]=0x7ffbfeff, sa_flags=0x10000004
SIGILL: [libjvm.so+0x80fb00], sa_mask[0]=0x7ffbfeff, sa_flags=0x10000004
SIGUSR1: SIG_DFL, sa_mask[0]=0x00000000, sa_flags=0x00000000
SIGUSR2: [libjvm.so+0x810ff0], sa_mask[0]=0x00000004, sa_flags=0x10000004
SIGHUP: [libjvm.so+0x811f60], sa_mask[0]=0x7ffbfeff, sa_flags=0x10000004
SIGINT: [libjvm.so+0x811f60], sa_mask[0]=0x7ffbfeff, sa_flags=0x10000004
SIGTERM: [libjvm.so+0x811f60], sa_mask[0]=0x7ffbfeff, sa_flags=0x10000004
SIGQUIT: [libjvm.so+0x811f60], sa_mask[0]=0x7ffbfeff, sa_flags=0x10000004


---------------  S Y S T E M  ---------------

OS:jessie/sid

uname:Linux 3.13.0-46-generic #79-Ubuntu SMP Tue Mar 10 20:06:50 UTC 2015 x86_64
libc:glibc 2.19 NPTL 2.19 
rlimit: STACK 8192k, CORE 0k, NPROC 30704, NOFILE 4096, AS infinity
load average:19.25 10.59 7.42

/proc/meminfo:
MemTotal:        3951712 kB
MemFree:          104160 kB
Buffers:             880 kB
Cached:           401908 kB
SwapCached:            0 kB
Active:          3306692 kB
Inactive:         369188 kB
Active(anon):    3276752 kB
Inactive(anon):   336328 kB
Active(file):      29940 kB
Inactive(file):    32860 kB
Unevictable:          32 kB
Mlocked:              32 kB
SwapTotal:             0 kB
SwapFree:              0 kB
Dirty:               904 kB
Writeback:             0 kB
AnonPages:       3273396 kB
Mapped:           128872 kB
Shmem:            339792 kB
Slab:              73252 kB
SReclaimable:      34552 kB
SUnreclaim:        38700 kB
KernelStack:        4912 kB
PageTables:        41660 kB
NFS_Unstable:          0 kB
Bounce:                0 kB
WritebackTmp:          0 kB
CommitLimit:     1975856 kB
Committed_AS:    7296884 kB
VmallocTotal:   34359738367 kB
VmallocUsed:      347548 kB
VmallocChunk:   34359379544 kB
HardwareCorrupted:     0 kB
AnonHugePages:    999424 kB
HugePages_Total:       0
HugePages_Free:        0
HugePages_Rsvd:        0
HugePages_Surp:        0
Hugepagesize:       2048 kB
DirectMap4k:       92608 kB
DirectMap2M:     4005888 kB


CPU:total 4 (2 cores per cpu, 2 threads per core) family 6 model 42 stepping 7, cmov, cx8, fxsr, mmx, sse, sse2, sse3, ssse3, sse4.1, sse4.2, popcnt, avx, aes, ht, tsc, tscinvbit

/proc/cpuinfo:
processor	: 0
vendor_id	: GenuineIntel
cpu family	: 6
model		: 42
model name	: Intel(R) Core(TM) i5-2450M CPU @ 2.50GHz
stepping	: 7
microcode	: 0x1b
cpu MHz		: 2501.000
cache size	: 3072 KB
physical id	: 0
siblings	: 4
core id		: 0
cpu cores	: 2
apicid		: 0
initial apicid	: 0
fpu		: yes
fpu_exception	: yes
cpuid level	: 13
wp		: yes
flags		: fpu vme de pse tsc msr pae mce cx8 apic sep mtrr pge mca cmov pat pse36 clflush dts acpi mmx fxsr sse sse2 ss ht tm pbe syscall nx rdtscp lm constant_tsc arch_perfmon pebs bts rep_good nopl xtopology nonstop_tsc aperfmperf eagerfpu pni pclmulqdq dtes64 monitor ds_cpl vmx est tm2 ssse3 cx16 xtpr pdcm pcid sse4_1 sse4_2 x2apic popcnt tsc_deadline_timer aes xsave avx lahf_lm ida arat epb xsaveopt pln pts dtherm tpr_shadow vnmi flexpriority ept vpid
bogomips	: 4988.92
clflush size	: 64
cache_alignment	: 64
address sizes	: 36 bits physical, 48 bits virtual
power management:

processor	: 1
vendor_id	: GenuineIntel
cpu family	: 6
model		: 42
model name	: Intel(R) Core(TM) i5-2450M CPU @ 2.50GHz
stepping	: 7
microcode	: 0x1b
cpu MHz		: 2501.000
cache size	: 3072 KB
physical id	: 0
siblings	: 4
core id		: 1
cpu cores	: 2
apicid		: 2
initial apicid	: 2
fpu		: yes
fpu_exception	: yes
cpuid level	: 13
wp		: yes
flags		: fpu vme de pse tsc msr pae mce cx8 apic sep mtrr pge mca cmov pat pse36 clflush dts acpi mmx fxsr sse sse2 ss ht tm pbe syscall nx rdtscp lm constant_tsc arch_perfmon pebs bts rep_good nopl xtopology nonstop_tsc aperfmperf eagerfpu pni pclmulqdq dtes64 monitor ds_cpl vmx est tm2 ssse3 cx16 xtpr pdcm pcid sse4_1 sse4_2 x2apic popcnt tsc_deadline_timer aes xsave avx lahf_lm ida arat epb xsaveopt pln pts dtherm tpr_shadow vnmi flexpriority ept vpid
bogomips	: 4988.92
clflush size	: 64
cache_alignment	: 64
address sizes	: 36 bits physical, 48 bits virtual
power management:

processor	: 2
vendor_id	: GenuineIntel
cpu family	: 6
model		: 42
model name	: Intel(R) Core(TM) i5-2450M CPU @ 2.50GHz
stepping	: 7
microcode	: 0x1b
cpu MHz		: 2501.000
cache size	: 3072 KB
physical id	: 0
siblings	: 4
core id		: 0
cpu cores	: 2
apicid		: 1
initial apicid	: 1
fpu		: yes
fpu_exception	: yes
cpuid level	: 13
wp		: yes
flags		: fpu vme de pse tsc msr pae mce cx8 apic sep mtrr pge mca cmov pat pse36 clflush dts acpi mmx fxsr sse sse2 ss ht tm pbe syscall nx rdtscp lm constant_tsc arch_perfmon pebs bts rep_good nopl xtopology nonstop_tsc aperfmperf eagerfpu pni pclmulqdq dtes64 monitor ds_cpl vmx est tm2 ssse3 cx16 xtpr pdcm pcid sse4_1 sse4_2 x2apic popcnt tsc_deadline_timer aes xsave avx lahf_lm ida arat epb xsaveopt pln pts dtherm tpr_shadow vnmi flexpriority ept vpid
bogomips	: 4988.92
clflush size	: 64
cache_alignment	: 64
address sizes	: 36 bits physical, 48 bits virtual
power management:

processor	: 3
vendor_id	: GenuineIntel
cpu family	: 6
model		: 42
model name	: Intel(R) Core(TM) i5-2450M CPU @ 2.50GHz
stepping	: 7
microcode	: 0x1b
cpu MHz		: 2501.000
cache size	: 3072 KB
physical id	: 0
siblings	: 4
core id		: 1
cpu cores	: 2
apicid		: 3
initial apicid	: 3
fpu		: yes
fpu_exception	: yes
cpuid level	: 13
wp		: yes
flags		: fpu vme de pse tsc msr pae mce cx8 apic sep mtrr pge mca cmov pat pse36 clflush dts acpi mmx fxsr sse sse2 ss ht tm pbe syscall nx rdtscp lm constant_tsc arch_perfmon pebs bts rep_good nopl xtopology nonstop_tsc aperfmperf eagerfpu pni pclmulqdq dtes64 monitor ds_cpl vmx est tm2 ssse3 cx16 xtpr pdcm pcid sse4_1 sse4_2 x2apic popcnt tsc_deadline_timer aes xsave avx lahf_lm ida arat epb xsaveopt pln pts dtherm tpr_shadow vnmi flexpriority ept vpid
bogomips	: 4988.92
clflush size	: 64
cache_alignment	: 64
address sizes	: 36 bits physical, 48 bits virtual
power management:



Memory: 4k page, physical 3951712k(104160k free), swap 0k(0k free)

vm_info: Java HotSpot(TM) 64-Bit Server VM (24.0-b56) for linux-amd64 JRE (1.7.0_40-b43), built on Aug 26 2013 23:53:33 by "java_re" with gcc 4.3.0 20080428 (Red Hat 4.3.0-8)

time: Sat Feb 13 03:22:19 2016
elapsed time: 54 seconds

