#
# There is insufficient memory for the Java Runtime Environment to continue.
# Native memory allocation (malloc) failed to allocate 87556096 bytes for committing reserved memory.
# Possible reasons:
#   The system is out of physical RAM or swap space
#   In 32 bit mode, the process size limit was hit
# Possible solutions:
#   Reduce memory load on the system
#   Increase physical memory or swap space
#   Check if swap backing store is full
#   Use 64 bit Java on a 64 bit OS
#   Decrease Java heap size (-Xmx/-Xms)
#   Decrease number of Java threads
#   Decrease Java thread stack sizes (-Xss)
#   Set larger code cache with -XX:ReservedCodeCacheSize=
# This output file may be truncated or incomplete.
#
#  Out of Memory Error (os_linux.cpp:2809), pid=13953, tid=140175389705984
#
# JRE version: OpenJDK Runtime Environment (7.0_79-b14) (build 1.7.0_79-b14)
# Java VM: OpenJDK 64-Bit Server VM (24.79-b02 mixed mode linux-amd64 compressed oops)
# Derivative: IcedTea 2.5.5
# Distribution: Ubuntu 14.04 LTS, package 7u79-2.5.5-0ubuntu0.14.04.2
# Failed to write core dump. Core dumps have been disabled. To enable core dumping, try "ulimit -c unlimited" before starting Java again
#

---------------  T H R E A D  ---------------

Current thread (0x00007f7d24076000):  VMThread [stack: 0x00007f7d203f4000,0x00007f7d204f5000] [id=13988]

Stack: [0x00007f7d203f4000,0x00007f7d204f5000],  sp=0x00007f7d204f3490,  free space=1021k
Native frames: (J=compiled Java code, j=interpreted, Vv=VM code, C=native code)
V  [libjvm.so+0x94aec5]  VMError::report_and_die()+0x175
V  [libjvm.so+0x48b9c4]  report_vm_out_of_memory(char const*, int, unsigned long, char const*)+0x74
V  [libjvm.so+0x7c806b]  os::pd_commit_memory(char*, unsigned long, unsigned long, bool)+0xeb
V  [libjvm.so+0x7c2b0f]  os::commit_memory(char*, unsigned long, unsigned long, bool)+0x1f
V  [libjvm.so+0x83500b]  PSVirtualSpace::expand_by(unsigned long)+0x5b
V  [libjvm.so+0x835e60]  PSYoungGen::resize_generation(unsigned long, unsigned long)+0xb0
V  [libjvm.so+0x83654b]  PSYoungGen::resize(unsigned long, unsigned long)+0x1b
V  [libjvm.so+0x832830]  PSScavenge::invoke_no_policy()+0xde0
V  [libjvm.so+0x833008]  PSScavenge::invoke()+0x38
V  [libjvm.so+0x7e96f3]  ParallelScavengeHeap::failed_mem_allocate(unsigned long)+0x63
V  [libjvm.so+0x94c8c4]  VM_ParallelGCFailedAllocation::doit()+0x84
V  [libjvm.so+0x950dc7]  VM_Operation::evaluate()+0x47
V  [libjvm.so+0x94f738]  VMThread::evaluate_operation(VM_Operation*)+0x318
V  [libjvm.so+0x94fb99]  VMThread::loop()+0x219
V  [libjvm.so+0x94ffe2]  VMThread::run()+0x72
V  [libjvm.so+0x7c4f32]  java_start(Thread*)+0xf2

VM_Operation (0x00007f7ceb577f90): ParallelGCFailedAllocation, mode: safepoint, requested by thread 0x00007f7d241ae800


---------------  P R O C E S S  ---------------

Java Threads: ( => current thread )
  0x00007f7d241b2000 JavaThread "pool-1-thread-4" [_thread_blocked, id=14037, stack(0x00007f7ceb277000,0x00007f7ceb378000)]
  0x00007f7d241b0800 JavaThread "pool-1-thread-3" [_thread_blocked, id=14036, stack(0x00007f7ceb378000,0x00007f7ceb479000)]
  0x00007f7d241ae800 JavaThread "pool-1-thread-2" [_thread_blocked, id=14035, stack(0x00007f7ceb479000,0x00007f7ceb57a000)]
  0x00007f7d241aa800 JavaThread "pool-2-thread-1" [_thread_blocked, id=14034, stack(0x00007f7ceb57a000,0x00007f7ceb67b000)]
  0x00007f7d241a8800 JavaThread "pool-1-thread-1" [_thread_blocked, id=14033, stack(0x00007f7ceb67b000,0x00007f7ceb77c000)]
  0x00007f7d240b0800 JavaThread "Service Thread" daemon [_thread_blocked, id=14007, stack(0x00007f7d110eb000,0x00007f7d111ec000)]
  0x00007f7d240ae000 JavaThread "C2 CompilerThread1" daemon [_thread_blocked, id=14003, stack(0x00007f7d111ec000,0x00007f7d112ed000)]
  0x00007f7d240ab000 JavaThread "C2 CompilerThread0" daemon [_thread_blocked, id=13999, stack(0x00007f7d112ed000,0x00007f7d113ee000)]
  0x00007f7d240a9000 JavaThread "Signal Dispatcher" daemon [_thread_blocked, id=13998, stack(0x00007f7d200f1000,0x00007f7d201f2000)]
  0x00007f7d2407c000 JavaThread "Finalizer" daemon [_thread_blocked, id=13995, stack(0x00007f7d201f2000,0x00007f7d202f3000)]
  0x00007f7d2407a000 JavaThread "Reference Handler" daemon [_thread_blocked, id=13993, stack(0x00007f7d202f3000,0x00007f7d203f4000)]
  0x00007f7d2400a800 JavaThread "main" [_thread_blocked, id=13967, stack(0x00007f7d2c601000,0x00007f7d2c702000)]

Other Threads:
=>0x00007f7d24076000 VMThread [stack: 0x00007f7d203f4000,0x00007f7d204f5000] [id=13988]
  0x00007f7d240bb000 WatcherThread [stack: 0x00007f7d10fea000,0x00007f7d110eb000] [id=14009]

VM state:at safepoint (normal execution)

VM Mutex/Monitor currently owned by a thread:  ([mutex/lock_event])
[0x00007f7d24006b00] Threads_lock - owner thread: 0x00007f7d24076000
[0x00007f7d24007000] Heap_lock - owner thread: 0x00007f7d241ae800

Heap
 PSYoungGen      total 141312K, used 21478K [0x00000000eaa80000, 0x00000000f4e80000, 0x0000000100000000)
  eden space 119808K, 0% used [0x00000000eaa80000,0x00000000eaa80000,0x00000000f1f80000)
  from space 21504K, 99% used [0x00000000f1f80000,0x00000000f3479a90,0x00000000f3480000)
  to   space 16384K, 0% used [0x00000000f3480000,0x00000000f3480000,0x00000000f4480000)
 ParOldGen       total 40960K, used 38104K [0x00000000c0000000, 0x00000000c2800000, 0x00000000eaa80000)
  object space 40960K, 93% used [0x00000000c0000000,0x00000000c2536258,0x00000000c2800000)
 PSPermGen       total 21504K, used 6358K [0x00000000b5a00000, 0x00000000b6f00000, 0x00000000c0000000)
  object space 21504K, 29% used [0x00000000b5a00000,0x00000000b6035a78,0x00000000b6f00000)

Card table byte_map: [0x00007f7d28ff6000,0x00007f7d2924a000] byte_map_base: 0x00007f7d28a49000

Polling page: 0x00007f7d2c726000

Code Cache  [0x00007f7d21000000, 0x00007f7d21270000, 0x00007f7d24000000)
 total_blobs=634 nmethods=403 adapters=184 free_code_cache=47386Kb largest_free_block=48496320

Compilation events (10 events):
Event: 57.066 Thread 0x00007f7d240ab000 nmethod 402 0x00007f7d211b6950 code [0x00007f7d211b6b00, 0x00007f7d211b7158]
Event: 57.066 Thread 0x00007f7d240ab000  403             com.android.dx.rop.code.RegisterSpecSet::equals (106 bytes)
Event: 57.379 Thread 0x00007f7d240ab000 nmethod 403 0x00007f7d2119b1d0 code [0x00007f7d2119b320, 0x00007f7d2119b718]
Event: 57.379 Thread 0x00007f7d240ab000  404             com.android.dx.ssa.SsaRenamer::setNameForSsaReg (54 bytes)
Event: 57.533 Thread 0x00007f7d240ab000 nmethod 404 0x00007f7d21197790 code [0x00007f7d21197940, 0x00007f7d21197d50]
Event: 57.533 Thread 0x00007f7d240ab000  405             com.android.dx.rop.code.LocalItem::equals (29 bytes)
Event: 57.597 Thread 0x00007f7d240ab000 nmethod 405 0x00007f7d21197050 code [0x00007f7d211971a0, 0x00007f7d211974b8]
Event: 57.597 Thread 0x00007f7d240ab000  406             com.android.dx.dex.code.RopTranslator$TranslationVisitor::addOutput (9 bytes)
Event: 57.600 Thread 0x00007f7d240ab000 nmethod 406 0x00007f7d211b65d0 code [0x00007f7d211b6720, 0x00007f7d211b67c8]
Event: 57.600 Thread 0x00007f7d240ab000  407             com.android.dx.ssa.SsaBasicBlock::exitBlockFixup (58 bytes)

GC Heap History (10 events):
Event: 13.362 GC heap after
Heap after GC invocations=4 (full 0):
 PSYoungGen      total 34304K, used 2539K [0x00000000eaa80000, 0x00000000ece80000, 0x0000000100000000)
  eden space 31744K, 0% used [0x00000000eaa80000,0x00000000eaa80000,0x00000000ec980000)
  from space 2560K, 99% used [0x00000000ecc00000,0x00000000ece7af90,0x00000000ece80000)
  to   space 2560K, 0% used [0x00000000ec980000,0x00000000ec980000,0x00000000ecc00000)
 ParOldGen       total 40960K, used 7719K [0x00000000c0000000, 0x00000000c2800000, 0x00000000eaa80000)
  object space 40960K, 18% used [0x00000000c0000000,0x00000000c0789cf0,0x00000000c2800000)
 PSPermGen       total 21504K, used 6159K [0x00000000b5a00000, 0x00000000b6f00000, 0x00000000c0000000)
  object space 21504K, 28% used [0x00000000b5a00000,0x00000000b6003c58,0x00000000b6f00000)
}
Event: 20.535 GC heap before
{Heap before GC invocations=5 (full 0):
 PSYoungGen      total 34304K, used 34283K [0x00000000eaa80000, 0x00000000ece80000, 0x0000000100000000)
  eden space 31744K, 100% used [0x00000000eaa80000,0x00000000ec980000,0x00000000ec980000)
  from space 2560K, 99% used [0x00000000ecc00000,0x00000000ece7af90,0x00000000ece80000)
  to   space 2560K, 0% used [0x00000000ec980000,0x00000000ec980000,0x00000000ecc00000)
 ParOldGen       total 40960K, used 7719K [0x00000000c0000000, 0x00000000c2800000, 0x00000000eaa80000)
  object space 40960K, 18% used [0x00000000c0000000,0x00000000c0789cf0,0x00000000c2800000)
 PSPermGen       total 21504K, used 6198K [0x00000000b5a00000, 0x00000000b6f00000, 0x00000000c0000000)
  object space 21504K, 28% used [0x00000000b5a00000,0x00000000b600d928,0x00000000b6f00000)
Event: 20.715 GC heap after
Heap after GC invocations=5 (full 0):
 PSYoungGen      total 34304K, used 2539K [0x00000000eaa80000, 0x00000000efc80000, 0x0000000100000000)
  eden space 31744K, 0% used [0x00000000eaa80000,0x00000000eaa80000,0x00000000ec980000)
  from space 2560K, 99% used [0x00000000ec980000,0x00000000ecbfaf70,0x00000000ecc00000)
  to   space 10240K, 0% used [0x00000000ef280000,0x00000000ef280000,0x00000000efc80000)
 ParOldGen       total 40960K, used 13738K [0x00000000c0000000, 0x00000000c2800000, 0x00000000eaa80000)
  object space 40960K, 33% used [0x00000000c0000000,0x00000000c0d6aa68,0x00000000c2800000)
 PSPermGen       total 21504K, used 6198K [0x00000000b5a00000, 0x00000000b6f00000, 0x00000000c0000000)
  object space 21504K, 28% used [0x00000000b5a00000,0x00000000b600d928,0x00000000b6f00000)
}
Event: 26.468 GC heap before
{Heap before GC invocations=6 (full 0):
 PSYoungGen      total 34304K, used 34283K [0x00000000eaa80000, 0x00000000efc80000, 0x0000000100000000)
  eden space 31744K, 100% used [0x00000000eaa80000,0x00000000ec980000,0x00000000ec980000)
  from space 2560K, 99% used [0x00000000ec980000,0x00000000ecbfaf70,0x00000000ecc00000)
  to   space 10240K, 0% used [0x00000000ef280000,0x00000000ef280000,0x00000000efc80000)
 ParOldGen       total 40960K, used 13738K [0x00000000c0000000, 0x00000000c2800000, 0x00000000eaa80000)
  object space 40960K, 33% used [0x00000000c0000000,0x00000000c0d6aa68,0x00000000c2800000)
 PSPermGen       total 21504K, used 6214K [0x00000000b5a00000, 0x00000000b6f00000, 0x00000000c0000000)
  object space 21504K, 28% used [0x00000000b5a00000,0x00000000b6011a98,0x00000000b6f00000)
Event: 26.635 GC heap after
Heap after GC invocations=6 (full 0):
 PSYoungGen      total 72704K, used 8302K [0x00000000eaa80000, 0x00000000efe80000, 0x0000000100000000)
  eden space 62464K, 0% used [0x00000000eaa80000,0x00000000eaa80000,0x00000000ee780000)
  from space 10240K, 81% used [0x00000000ef280000,0x00000000efa9b8f0,0x00000000efc80000)
  to   space 11264K, 0% used [0x00000000ee780000,0x00000000ee780000,0x00000000ef280000)
 ParOldGen       total 40960K, used 13738K [0x00000000c0000000, 0x00000000c2800000, 0x00000000eaa80000)
  object space 40960K, 33% used [0x00000000c0000000,0x00000000c0d6aa68,0x00000000c2800000)
 PSPermGen       total 21504K, used 6214K [0x00000000b5a00000, 0x00000000b6f00000, 0x00000000c0000000)
  object space 21504K, 28% used [0x00000000b5a00000,0x00000000b6011a98,0x00000000b6f00000)
}
Event: 35.715 GC heap before
{Heap before GC invocations=7 (full 0):
 PSYoungGen      total 72704K, used 70766K [0x00000000eaa80000, 0x00000000efe80000, 0x0000000100000000)
  eden space 62464K, 100% used [0x00000000eaa80000,0x00000000ee780000,0x00000000ee780000)
  from space 10240K, 81% used [0x00000000ef280000,0x00000000efa9b8f0,0x00000000efc80000)
  to   space 11264K, 0% used [0x00000000ee780000,0x00000000ee780000,0x00000000ef280000)
 ParOldGen       total 40960K, used 13738K [0x00000000c0000000, 0x00000000c2800000, 0x00000000eaa80000)
  object space 40960K, 33% used [0x00000000c0000000,0x00000000c0d6aa68,0x00000000c2800000)
 PSPermGen       total 21504K, used 6266K [0x00000000b5a00000, 0x00000000b6f00000, 0x00000000c0000000)
  object space 21504K, 29% used [0x00000000b5a00000,0x00000000b601ea30,0x00000000b6f00000)
Event: 36.108 GC heap after
Heap after GC invocations=7 (full 0):
 PSYoungGen      total 73728K, used 11261K [0x00000000eaa80000, 0x00000000f4480000, 0x0000000100000000)
  eden space 62464K, 0% used [0x00000000eaa80000,0x00000000eaa80000,0x00000000ee780000)
  from space 11264K, 99% used [0x00000000ee780000,0x00000000ef27f5b0,0x00000000ef280000)
  to   space 16384K, 0% used [0x00000000f3480000,0x00000000f3480000,0x00000000f4480000)
 ParOldGen       total 40960K, used 20165K [0x00000000c0000000, 0x00000000c2800000, 0x00000000eaa80000)
  object space 40960K, 49% used [0x00000000c0000000,0x00000000c13b1638,0x00000000c2800000)
 PSPermGen       total 21504K, used 6266K [0x00000000b5a00000, 0x00000000b6f00000, 0x00000000c0000000)
  object space 21504K, 29% used [0x00000000b5a00000,0x00000000b601ea30,0x00000000b6f00000)
}
Event: 45.192 GC heap before
{Heap before GC invocations=8 (full 0):
 PSYoungGen      total 73728K, used 73725K [0x00000000eaa80000, 0x00000000f4480000, 0x0000000100000000)
  eden space 62464K, 100% used [0x00000000eaa80000,0x00000000ee780000,0x00000000ee780000)
  from space 11264K, 99% used [0x00000000ee780000,0x00000000ef27f5b0,0x00000000ef280000)
  to   space 16384K, 0% used [0x00000000f3480000,0x00000000f3480000,0x00000000f4480000)
 ParOldGen       total 40960K, used 20165K [0x00000000c0000000, 0x00000000c2800000, 0x00000000eaa80000)
  object space 40960K, 49% used [0x00000000c0000000,0x00000000c13b1638,0x00000000c2800000)
 PSPermGen       total 21504K, used 6284K [0x00000000b5a00000, 0x00000000b6f00000, 0x00000000c0000000)
  object space 21504K, 29% used [0x00000000b5a00000,0x00000000b60233b0,0x00000000b6f00000)
Event: 45.472 GC heap after
Heap after GC invocations=8 (full 0):
 PSYoungGen      total 136192K, used 16371K [0x00000000eaa80000, 0x00000000f4e80000, 0x0000000100000000)
  eden space 119808K, 0% used [0x00000000eaa80000,0x00000000eaa80000,0x00000000f1f80000)
  from space 16384K, 99% used [0x00000000f3480000,0x00000000f447cc00,0x00000000f4480000)
  to   space 21504K, 0% used [0x00000000f1f80000,0x00000000f1f80000,0x00000000f3480000)
 ParOldGen       total 40960K, used 24953K [0x00000000c0000000, 0x00000000c2800000, 0x00000000eaa80000)
  object space 40960K, 60% used [0x00000000c0000000,0x00000000c185e548,0x00000000c2800000)
 PSPermGen       total 21504K, used 6284K [0x00000000b5a00000, 0x00000000b6f00000, 0x00000000c0000000)
  object space 21504K, 29% used [0x00000000b5a00000,0x00000000b60233b0,0x00000000b6f00000)
}
Event: 57.806 GC heap before
{Heap before GC invocations=9 (full 0):
 PSYoungGen      total 136192K, used 136179K [0x00000000eaa80000, 0x00000000f4e80000, 0x0000000100000000)
  eden space 119808K, 100% used [0x00000000eaa80000,0x00000000f1f80000,0x00000000f1f80000)
  from space 16384K, 99% used [0x00000000f3480000,0x00000000f447cc00,0x00000000f4480000)
  to   space 21504K, 0% used [0x00000000f1f80000,0x00000000f1f80000,0x00000000f3480000)
 ParOldGen       total 40960K, used 24953K [0x00000000c0000000, 0x00000000c2800000, 0x00000000eaa80000)
  object space 40960K, 60% used [0x00000000c0000000,0x00000000c185e548,0x00000000c2800000)
 PSPermGen       total 21504K, used 6358K [0x00000000b5a00000, 0x00000000b6f00000, 0x00000000c0000000)
  object space 21504K, 29% used [0x00000000b5a00000,0x00000000b6035a78,0x00000000b6f00000)

Deoptimization events (10 events):
Event: 8.827 Thread 0x00007f7d2400a800 Uncommon trap: reason=null_check action=make_not_entrant pc=0x00007f7d210ac62c method=com.android.dx.rop.type.Type.putIntern(Lcom/android/dx/rop/type/Type;)Lcom/android/dx/rop/type/Type; @ 18
Event: 11.874 Thread 0x00007f7d241a8800 Uncommon trap: reason=unreached action=reinterpret pc=0x00007f7d2108d3c4 method=com.android.dx.rop.cst.Constant.compareTo(Lcom/android/dx/rop/cst/Constant;)I @ 12
Event: 14.564 Thread 0x00007f7d241a8800 Uncommon trap: reason=unreached action=reinterpret pc=0x00007f7d210b733c method=com.android.dx.ssa.LocalVariableExtractor.processBlock(I)V @ 251
Event: 17.361 Thread 0x00007f7d241b0800 Uncommon trap: reason=null_check action=make_not_entrant pc=0x00007f7d210cd9c4 method=com.android.dx.ssa.SsaRenamer.getLocalForNewReg(I)Lcom/android/dx/rop/code/LocalItem; @ 19
Event: 17.961 Thread 0x00007f7d241b2000 Uncommon trap: reason=class_check action=maybe_recompile pc=0x00007f7d210aeff0 method=java.util.HashMap.put(Ljava/lang/Object;Ljava/lang/Object;)Ljava/lang/Object; @ 83
Event: 17.961 Thread 0x00007f7d241b2000 Uncommon trap: reason=class_check action=maybe_recompile pc=0x00007f7d210aeff0 method=java.util.HashMap.put(Ljava/lang/Object;Ljava/lang/Object;)Ljava/lang/Object; @ 83
Event: 17.961 Thread 0x00007f7d241b2000 Uncommon trap: reason=class_check action=maybe_recompile pc=0x00007f7d210aeff0 method=java.util.HashMap.put(Ljava/lang/Object;Ljava/lang/Object;)Ljava/lang/Object; @ 83
Event: 17.961 Thread 0x00007f7d241b2000 Uncommon trap: reason=class_check action=maybe_recompile pc=0x00007f7d210aeff0 method=java.util.HashMap.put(Ljava/lang/Object;Ljava/lang/Object;)Ljava/lang/Object; @ 83
Event: 31.709 Thread 0x00007f7d2400a800 Uncommon trap: reason=unloaded action=reinterpret pc=0x00007f7d2111fb38 method=com.android.dx.cf.cst.ConstantPoolParser.parse0(ILjava/util/BitSet;)Lcom/android/dx/rop/cst/Constant; @ 220
Event: 38.388 Thread 0x00007f7d2400a800 Uncommon trap: reason=null_check action=make_not_entrant pc=0x00007f7d211332f8 method=com.android.dx.cf.code.Ropper$CatchInfo.getSetup(Lcom/android/dx/rop/type/Type;)Lcom/android/dx/cf/code/Ropper$ExceptionHandlerSetup; @ 10

Internal exceptions (10 events):
Event: 4.026 Thread 0x00007f7d241b0800 Threw 0x00000000eb4897c0 at /build/buildd/openjdk-7-7u79-2.5.5/build/openjdk/hotspot/src/share/vm/prims/jvm.cpp:1284
Event: 4.573 Thread 0x00007f7d2400a800 Threw 0x00000000eb685548 at /build/buildd/openjdk-7-7u79-2.5.5/build/openjdk/hotspot/src/share/vm/prims/jvm.cpp:1284
Event: 6.156 Thread 0x00007f7d241b2000 Threw 0x00000000eac15c08 at /build/buildd/openjdk-7-7u79-2.5.5/build/openjdk/hotspot/src/share/vm/prims/jvm.cpp:1284
Event: 8.827 Thread 0x00007f7d2400a800 Implicit null exception at 0x00007f7d210abefb to 0x00007f7d210ac61d
Event: 12.949 Thread 0x00007f7d2400a800 Threw 0x00000000eb87b480 at /build/buildd/openjdk-7-7u79-2.5.5/build/openjdk/hotspot/src/share/vm/prims/jvm.cpp:1284
Event: 13.478 Thread 0x00007f7d2400a800 Threw 0x00000000eab2e538 at /build/buildd/openjdk-7-7u79-2.5.5/build/openjdk/hotspot/src/share/vm/prims/jvm.cpp:1284
Event: 17.361 Thread 0x00007f7d241b0800 Implicit null exception at 0x00007f7d210cba86 to 0x00007f7d210cd991
Event: 19.465 Thread 0x00007f7d241b0800 Threw 0x00000000ec53db80 at /build/buildd/openjdk-7-7u79-2.5.5/build/openjdk/hotspot/src/share/vm/prims/jvm.cpp:1284
Event: 37.230 Thread 0x00007f7d2400a800 Threw 0x00000000eb291ae8 at /build/buildd/openjdk-7-7u79-2.5.5/build/openjdk/hotspot/src/share/vm/prims/jvm.cpp:1284
Event: 38.388 Thread 0x00007f7d2400a800 Implicit null exception at 0x00007f7d2112f9a1 to 0x00007f7d211332c5

Events (10 events):
Event: 38.388 Thread 0x00007f7d2400a800 Uncommon trap: trap_request=0xfffffff4 fr.pc=0x00007f7d211332f8
Event: 38.388 Thread 0x00007f7d2400a800 DEOPT PACKING pc=0x00007f7d211332f8 sp=0x00007f7d2c6ffab0
Event: 38.388 Thread 0x00007f7d2400a800 DEOPT UNPACKING pc=0x00007f7d21039445 sp=0x00007f7d2c6ffa18 mode 2
Event: 38.879 Thread 0x00007f7d240ae000 flushing nmethod 0x00007f7d2108d210
Event: 44.622 Thread 0x00007f7d240ae000 flushing nmethod 0x00007f7d210b5fd0
Event: 45.183 Executing VM operation: ParallelGCFailedAllocation
Event: 45.511 Executing VM operation: ParallelGCFailedAllocation done
Event: 45.985 Thread 0x00007f7d240ab000 flushing nmethod 0x00007f7d210ae690
Event: 46.094 Thread 0x00007f7d240ab000 flushing nmethod 0x00007f7d210ca9d0
Event: 57.749 Executing VM operation: ParallelGCFailedAllocation


Dynamic libraries:
00400000-00401000 r-xp 00000000 08:05 2642243                            /usr/lib/jvm/java-7-openjdk-amd64/jre/bin/java
00600000-00601000 r--p 00000000 08:05 2642243                            /usr/lib/jvm/java-7-openjdk-amd64/jre/bin/java
00601000-00602000 rw-p 00001000 08:05 2642243                            /usr/lib/jvm/java-7-openjdk-amd64/jre/bin/java
0195b000-0197c000 rw-p 00000000 00:00 0                                  [heap]
b5a00000-b6f00000 rw-p 00000000 00:00 0 
b6f00000-c0000000 rw-p 00000000 00:00 0 
c0000000-c2800000 rw-p 00000000 00:00 0 
c2800000-eaa80000 rw-p 00000000 00:00 0 
eaa80000-f4e80000 rw-p 00000000 00:00 0 
fa200000-100000000 rw-p 00000000 00:00 0 
7f7cd4000000-7f7cd4027000 rw-p 00000000 00:00 0 
7f7cd4027000-7f7cd8000000 ---p 00000000 00:00 0 
7f7cd8000000-7f7cd8021000 rw-p 00000000 00:00 0 
7f7cd8021000-7f7cdc000000 ---p 00000000 00:00 0 
7f7cdc000000-7f7cdc021000 rw-p 00000000 00:00 0 
7f7cdc021000-7f7ce0000000 ---p 00000000 00:00 0 
7f7ce0000000-7f7ce002a000 rw-p 00000000 00:00 0 
7f7ce002a000-7f7ce4000000 ---p 00000000 00:00 0 
7f7ce4000000-7f7ce4042000 rw-p 00000000 00:00 0 
7f7ce4042000-7f7ce8000000 ---p 00000000 00:00 0 
7f7ceb277000-7f7ceb27a000 ---p 00000000 00:00 0 
7f7ceb27a000-7f7ceb378000 rw-p 00000000 00:00 0                          [stack:14037]
7f7ceb378000-7f7ceb37b000 ---p 00000000 00:00 0 
7f7ceb37b000-7f7ceb479000 rw-p 00000000 00:00 0                          [stack:14036]
7f7ceb479000-7f7ceb47c000 ---p 00000000 00:00 0 
7f7ceb47c000-7f7ceb57a000 rw-p 00000000 00:00 0                          [stack:14035]
7f7ceb57a000-7f7ceb57d000 ---p 00000000 00:00 0 
7f7ceb57d000-7f7ceb67b000 rw-p 00000000 00:00 0                          [stack:14034]
7f7ceb67b000-7f7ceb67e000 ---p 00000000 00:00 0 
7f7ceb67e000-7f7ceb77c000 rw-p 00000000 00:00 0                          [stack:14033]
7f7ceb77c000-7f7ceb7b9000 r-xp 00000000 08:05 2887801                    /lib/x86_64-linux-gnu/libpcre.so.3.13.1
7f7ceb7b9000-7f7ceb9b8000 ---p 0003d000 08:05 2887801                    /lib/x86_64-linux-gnu/libpcre.so.3.13.1
7f7ceb9b8000-7f7ceb9b9000 r--p 0003c000 08:05 2887801                    /lib/x86_64-linux-gnu/libpcre.so.3.13.1
7f7ceb9b9000-7f7ceb9ba000 rw-p 0003d000 08:05 2887801                    /lib/x86_64-linux-gnu/libpcre.so.3.13.1
7f7ceb9ba000-7f7ceb9c1000 r-xp 00000000 08:05 2631203                    /usr/lib/x86_64-linux-gnu/libffi.so.6.0.1
7f7ceb9c1000-7f7cebbc0000 ---p 00007000 08:05 2631203                    /usr/lib/x86_64-linux-gnu/libffi.so.6.0.1
7f7cebbc0000-7f7cebbc1000 r--p 00006000 08:05 2631203                    /usr/lib/x86_64-linux-gnu/libffi.so.6.0.1
7f7cebbc1000-7f7cebbc2000 rw-p 00007000 08:05 2631203                    /usr/lib/x86_64-linux-gnu/libffi.so.6.0.1
7f7cebbc2000-7f7cebbd9000 r-xp 00000000 08:05 2894756                    /lib/x86_64-linux-gnu/libresolv-2.19.so
7f7cebbd9000-7f7cebdd9000 ---p 00017000 08:05 2894756                    /lib/x86_64-linux-gnu/libresolv-2.19.so
7f7cebdd9000-7f7cebdda000 r--p 00017000 08:05 2894756                    /lib/x86_64-linux-gnu/libresolv-2.19.so
7f7cebdda000-7f7cebddb000 rw-p 00018000 08:05 2894756                    /lib/x86_64-linux-gnu/libresolv-2.19.so
7f7cebddb000-7f7cebddd000 rw-p 00000000 00:00 0 
7f7cebddd000-7f7cebdfd000 r-xp 00000000 08:05 2884563                    /lib/x86_64-linux-gnu/libselinux.so.1
7f7cebdfd000-7f7cebffc000 ---p 00020000 08:05 2884563                    /lib/x86_64-linux-gnu/libselinux.so.1
7f7cebffc000-7f7cebffd000 r--p 0001f000 08:05 2884563                    /lib/x86_64-linux-gnu/libselinux.so.1
7f7cebffd000-7f7cebffe000 rw-p 00020000 08:05 2884563                    /lib/x86_64-linux-gnu/libselinux.so.1
7f7cebffe000-7f7cec000000 rw-p 00000000 00:00 0 
7f7cec000000-7f7cec021000 rw-p 00000000 00:00 0 
7f7cec021000-7f7cf0000000 ---p 00000000 00:00 0 
7f7cf0000000-7f7cf0021000 rw-p 00000000 00:00 0 
7f7cf0021000-7f7cf4000000 ---p 00000000 00:00 0 
7f7cf4000000-7f7cf5b83000 rw-p 00000000 00:00 0 
7f7cf5b83000-7f7cf8000000 ---p 00000000 00:00 0 
7f7cf8000000-7f7cf94d0000 rw-p 00000000 00:00 0 
7f7cf94d0000-7f7cfc000000 ---p 00000000 00:00 0 
7f7cfc000000-7f7cfc021000 rw-p 00000000 00:00 0 
7f7cfc021000-7f7d00000000 ---p 00000000 00:00 0 
7f7d00000000-7f7d00021000 rw-p 00000000 00:00 0 
7f7d00021000-7f7d04000000 ---p 00000000 00:00 0 
7f7d04000000-7f7d04241000 rw-p 00000000 00:00 0 
7f7d04241000-7f7d08000000 ---p 00000000 00:00 0 
7f7d08000000-7f7d08021000 rw-p 00000000 00:00 0 
7f7d08021000-7f7d0c000000 ---p 00000000 00:00 0 
7f7d0c000000-7f7d0c021000 rw-p 00000000 00:00 0 
7f7d0c021000-7f7d10000000 ---p 00000000 00:00 0 
7f7d100f0000-7f7d100f3000 r-xp 00000000 08:05 2621804                    /usr/lib/x86_64-linux-gnu/libgmodule-2.0.so.0.4002.0
7f7d100f3000-7f7d102f2000 ---p 00003000 08:05 2621804                    /usr/lib/x86_64-linux-gnu/libgmodule-2.0.so.0.4002.0
7f7d102f2000-7f7d102f3000 r--p 00002000 08:05 2621804                    /usr/lib/x86_64-linux-gnu/libgmodule-2.0.so.0.4002.0
7f7d102f3000-7f7d102f4000 rw-p 00003000 08:05 2621804                    /usr/lib/x86_64-linux-gnu/libgmodule-2.0.so.0.4002.0
7f7d102f4000-7f7d103fa000 r-xp 00000000 08:05 2887662                    /lib/x86_64-linux-gnu/libglib-2.0.so.0.4002.0
7f7d103fa000-7f7d105f9000 ---p 00106000 08:05 2887662                    /lib/x86_64-linux-gnu/libglib-2.0.so.0.4002.0
7f7d105f9000-7f7d105fa000 r--p 00105000 08:05 2887662                    /lib/x86_64-linux-gnu/libglib-2.0.so.0.4002.0
7f7d105fa000-7f7d105fb000 rw-p 00106000 08:05 2887662                    /lib/x86_64-linux-gnu/libglib-2.0.so.0.4002.0
7f7d105fb000-7f7d105fc000 rw-p 00000000 00:00 0 
7f7d105fc000-7f7d1064b000 r-xp 00000000 08:05 2621822                    /usr/lib/x86_64-linux-gnu/libgobject-2.0.so.0.4002.0
7f7d1064b000-7f7d1084b000 ---p 0004f000 08:05 2621822                    /usr/lib/x86_64-linux-gnu/libgobject-2.0.so.0.4002.0
7f7d1084b000-7f7d1084c000 r--p 0004f000 08:05 2621822                    /usr/lib/x86_64-linux-gnu/libgobject-2.0.so.0.4002.0
7f7d1084c000-7f7d1084d000 rw-p 00050000 08:05 2621822                    /usr/lib/x86_64-linux-gnu/libgobject-2.0.so.0.4002.0
7f7d1084d000-7f7d109b9000 r-xp 00000000 08:05 2621826                    /usr/lib/x86_64-linux-gnu/libgio-2.0.so.0.4002.0
7f7d109b9000-7f7d10bb8000 ---p 0016c000 08:05 2621826                    /usr/lib/x86_64-linux-gnu/libgio-2.0.so.0.4002.0
7f7d10bb8000-7f7d10bbc000 r--p 0016b000 08:05 2621826                    /usr/lib/x86_64-linux-gnu/libgio-2.0.so.0.4002.0
7f7d10bbc000-7f7d10bbe000 rw-p 0016f000 08:05 2621826                    /usr/lib/x86_64-linux-gnu/libgio-2.0.so.0.4002.0
7f7d10bbe000-7f7d10bc0000 rw-p 00000000 00:00 0 
7f7d10bc0000-7f7d10bd7000 r-xp 00000000 08:05 2656276                    /usr/lib/jvm/java-7-openjdk-amd64/jre/lib/amd64/libnet.so
7f7d10bd7000-7f7d10dd6000 ---p 00017000 08:05 2656276                    /usr/lib/jvm/java-7-openjdk-amd64/jre/lib/amd64/libnet.so
7f7d10dd6000-7f7d10dd7000 r--p 00016000 08:05 2656276                    /usr/lib/jvm/java-7-openjdk-amd64/jre/lib/amd64/libnet.so
7f7d10dd7000-7f7d10dd8000 rw-p 00017000 08:05 2656276                    /usr/lib/jvm/java-7-openjdk-amd64/jre/lib/amd64/libnet.so
7f7d10dd8000-7f7d10de8000 r-xp 00000000 08:05 2656263                    /usr/lib/jvm/java-7-openjdk-amd64/jre/lib/amd64/libnio.so
7f7d10de8000-7f7d10fe8000 ---p 00010000 08:05 2656263                    /usr/lib/jvm/java-7-openjdk-amd64/jre/lib/amd64/libnio.so
7f7d10fe8000-7f7d10fe9000 r--p 00010000 08:05 2656263                    /usr/lib/jvm/java-7-openjdk-amd64/jre/lib/amd64/libnio.so
7f7d10fe9000-7f7d10fea000 rw-p 00011000 08:05 2656263                    /usr/lib/jvm/java-7-openjdk-amd64/jre/lib/amd64/libnio.so
7f7d10fea000-7f7d10feb000 ---p 00000000 00:00 0 
7f7d10feb000-7f7d110eb000 rw-p 00000000 00:00 0                          [stack:14009]
7f7d110eb000-7f7d110ee000 ---p 00000000 00:00 0 
7f7d110ee000-7f7d111ec000 rw-p 00000000 00:00 0                          [stack:14007]
7f7d111ec000-7f7d111ef000 ---p 00000000 00:00 0 
7f7d111ef000-7f7d112ed000 rw-p 00000000 00:00 0                          [stack:14003]
7f7d112ed000-7f7d112f0000 ---p 00000000 00:00 0 
7f7d112f0000-7f7d113ee000 rw-p 00000000 00:00 0                          [stack:13999]
7f7d113ee000-7f7d11ad0000 r--p 00000000 08:05 2629588                    /usr/lib/locale/locale-archive
7f7d11ad0000-7f7d14000000 rw-p 00000000 00:00 0 
7f7d14000000-7f7d14021000 rw-p 00000000 00:00 0 
7f7d14021000-7f7d18000000 ---p 00000000 00:00 0 
7f7d18000000-7f7d18021000 rw-p 00000000 00:00 0 
7f7d18021000-7f7d1c000000 ---p 00000000 00:00 0 
7f7d1c000000-7f7d1c021000 rw-p 00000000 00:00 0 
7f7d1c021000-7f7d20000000 ---p 00000000 00:00 0 
7f7d200c0000-7f7d200f1000 rw-p 00000000 00:00 0 
7f7d200f1000-7f7d200f4000 ---p 00000000 00:00 0 
7f7d200f4000-7f7d201f2000 rw-p 00000000 00:00 0                          [stack:13998]
7f7d201f2000-7f7d201f5000 ---p 00000000 00:00 0 
7f7d201f5000-7f7d202f3000 rw-p 00000000 00:00 0                          [stack:13995]
7f7d202f3000-7f7d202f6000 ---p 00000000 00:00 0 
7f7d202f6000-7f7d203f4000 rw-p 00000000 00:00 0                          [stack:13993]
7f7d203f4000-7f7d203f5000 ---p 00000000 00:00 0 
7f7d203f5000-7f7d21000000 rw-p 00000000 00:00 0                          [stack:13988]
7f7d21000000-7f7d21270000 rwxp 00000000 00:00 0 
7f7d21270000-7f7d241cd000 rw-p 00000000 00:00 0 
7f7d241cd000-7f7d28000000 ---p 00000000 00:00 0 
7f7d2802d000-7f7d28042000 r--s 000e5000 08:05 833391                     /home/mayank/android projects/Movies/app/build/intermediates/exploded-aar/com.android.support/support-v4/23.1.1/jars/classes.jar
7f7d28042000-7f7d28534000 rw-p 00000000 00:00 0 
7f7d28534000-7f7d286e5000 r--s 01d27000 08:05 2656282                    /usr/lib/jvm/java-7-openjdk-amd64/jre/lib/rt.jar
7f7d286e5000-7f7d28a49000 rw-p 00000000 00:00 0 
7f7d28a49000-7f7d28a4a000 ---p 00000000 00:00 0 
7f7d28a4a000-7f7d28b4a000 rw-p 00000000 00:00 0                          [stack:13984]
7f7d28b4a000-7f7d28b4b000 ---p 00000000 00:00 0 
7f7d28b4b000-7f7d28c4b000 rw-p 00000000 00:00 0                          [stack:13979]
7f7d28c4b000-7f7d28c4c000 ---p 00000000 00:00 0 
7f7d28c4c000-7f7d28d4c000 rw-p 00000000 00:00 0                          [stack:13974]
7f7d28d4c000-7f7d28d4d000 ---p 00000000 00:00 0 
7f7d28d4d000-7f7d28e58000 rw-p 00000000 00:00 0                          [stack:13971]
7f7d28e58000-7f7d28ea0000 rw-p 00000000 00:00 0 
7f7d28ea0000-7f7d28eb4000 rw-p 00000000 00:00 0 
7f7d28eb4000-7f7d28ff6000 rw-p 00000000 00:00 0 
7f7d28ff6000-7f7d29001000 rw-p 00000000 00:00 0 
7f7d29001000-7f7d29049000 rw-p 00000000 00:00 0 
7f7d29049000-7f7d2905d000 rw-p 00000000 00:00 0 
7f7d2905d000-7f7d2919e000 rw-p 00000000 00:00 0 
7f7d2919e000-7f7d291f1000 rw-p 00000000 00:00 0 
7f7d291f1000-7f7d29249000 rw-p 00000000 00:00 0 
7f7d29249000-7f7d2924a000 rw-p 00000000 00:00 0 
7f7d2924a000-7f7d29252000 r-xp 00000000 08:05 2656259                    /usr/lib/jvm/java-7-openjdk-amd64/jre/lib/amd64/libzip.so
7f7d29252000-7f7d29451000 ---p 00008000 08:05 2656259                    /usr/lib/jvm/java-7-openjdk-amd64/jre/lib/amd64/libzip.so
7f7d29451000-7f7d29452000 r--p 00007000 08:05 2656259                    /usr/lib/jvm/java-7-openjdk-amd64/jre/lib/amd64/libzip.so
7f7d29452000-7f7d29453000 rw-p 00008000 08:05 2656259                    /usr/lib/jvm/java-7-openjdk-amd64/jre/lib/amd64/libzip.so
7f7d29453000-7f7d2945e000 r-xp 00000000 08:05 2894758                    /lib/x86_64-linux-gnu/libnss_files-2.19.so
7f7d2945e000-7f7d2965d000 ---p 0000b000 08:05 2894758                    /lib/x86_64-linux-gnu/libnss_files-2.19.so
7f7d2965d000-7f7d2965e000 r--p 0000a000 08:05 2894758                    /lib/x86_64-linux-gnu/libnss_files-2.19.so
7f7d2965e000-7f7d2965f000 rw-p 0000b000 08:05 2894758                    /lib/x86_64-linux-gnu/libnss_files-2.19.so
7f7d2965f000-7f7d2966a000 r-xp 00000000 08:05 2894778                    /lib/x86_64-linux-gnu/libnss_nis-2.19.so
7f7d2966a000-7f7d29869000 ---p 0000b000 08:05 2894778                    /lib/x86_64-linux-gnu/libnss_nis-2.19.so
7f7d29869000-7f7d2986a000 r--p 0000a000 08:05 2894778                    /lib/x86_64-linux-gnu/libnss_nis-2.19.so
7f7d2986a000-7f7d2986b000 rw-p 0000b000 08:05 2894778                    /lib/x86_64-linux-gnu/libnss_nis-2.19.so
7f7d2986b000-7f7d29882000 r-xp 00000000 08:05 2894767                    /lib/x86_64-linux-gnu/libnsl-2.19.so
7f7d29882000-7f7d29a81000 ---p 00017000 08:05 2894767                    /lib/x86_64-linux-gnu/libnsl-2.19.so
7f7d29a81000-7f7d29a82000 r--p 00016000 08:05 2894767                    /lib/x86_64-linux-gnu/libnsl-2.19.so
7f7d29a82000-7f7d29a83000 rw-p 00017000 08:05 2894767                    /lib/x86_64-linux-gnu/libnsl-2.19.so
7f7d29a83000-7f7d29a85000 rw-p 00000000 00:00 0 
7f7d29a85000-7f7d29a8e000 r-xp 00000000 08:05 2894766                    /lib/x86_64-linux-gnu/libnss_compat-2.19.so
7f7d29a8e000-7f7d29c8d000 ---p 00009000 08:05 2894766                    /lib/x86_64-linux-gnu/libnss_compat-2.19.so
7f7d29c8d000-7f7d29c8e000 r--p 00008000 08:05 2894766                    /lib/x86_64-linux-gnu/libnss_compat-2.19.so
7f7d29c8e000-7f7d29c8f000 rw-p 00009000 08:05 2894766                    /lib/x86_64-linux-gnu/libnss_compat-2.19.so
7f7d29c8f000-7f7d29cba000 r-xp 00000000 08:05 2656275                    /usr/lib/jvm/java-7-openjdk-amd64/jre/lib/amd64/libjava.so
7f7d29cba000-7f7d29eba000 ---p 0002b000 08:05 2656275                    /usr/lib/jvm/java-7-openjdk-amd64/jre/lib/amd64/libjava.so
7f7d29eba000-7f7d29ebb000 r--p 0002b000 08:05 2656275                    /usr/lib/jvm/java-7-openjdk-amd64/jre/lib/amd64/libjava.so
7f7d29ebb000-7f7d29ebd000 rw-p 0002c000 08:05 2656275                    /usr/lib/jvm/java-7-openjdk-amd64/jre/lib/amd64/libjava.so
7f7d29ebd000-7f7d29ecd000 r-xp 00000000 08:05 2656272                    /usr/lib/jvm/java-7-openjdk-amd64/jre/lib/amd64/libverify.so
7f7d29ecd000-7f7d2a0cc000 ---p 00010000 08:05 2656272                    /usr/lib/jvm/java-7-openjdk-amd64/jre/lib/amd64/libverify.so
7f7d2a0cc000-7f7d2a0ce000 r--p 0000f000 08:05 2656272                    /usr/lib/jvm/java-7-openjdk-amd64/jre/lib/amd64/libverify.so
7f7d2a0ce000-7f7d2a0cf000 rw-p 00011000 08:05 2656272                    /usr/lib/jvm/java-7-openjdk-amd64/jre/lib/amd64/libverify.so
7f7d2a0cf000-7f7d2a0d6000 r-xp 00000000 08:05 2894775                    /lib/x86_64-linux-gnu/librt-2.19.so
7f7d2a0d6000-7f7d2a2d5000 ---p 00007000 08:05 2894775                    /lib/x86_64-linux-gnu/librt-2.19.so
7f7d2a2d5000-7f7d2a2d6000 r--p 00006000 08:05 2894775                    /lib/x86_64-linux-gnu/librt-2.19.so
7f7d2a2d6000-7f7d2a2d7000 rw-p 00007000 08:05 2894775                    /lib/x86_64-linux-gnu/librt-2.19.so
7f7d2a2d7000-7f7d2a2ed000 r-xp 00000000 08:05 2894752                    /lib/x86_64-linux-gnu/libgcc_s.so.1
7f7d2a2ed000-7f7d2a4ec000 ---p 00016000 08:05 2894752                    /lib/x86_64-linux-gnu/libgcc_s.so.1
7f7d2a4ec000-7f7d2a4ed000 rw-p 00015000 08:05 2894752                    /lib/x86_64-linux-gnu/libgcc_s.so.1
7f7d2a4ed000-7f7d2a5f2000 r-xp 00000000 08:05 2894757                    /lib/x86_64-linux-gnu/libm-2.19.so
7f7d2a5f2000-7f7d2a7f1000 ---p 00105000 08:05 2894757                    /lib/x86_64-linux-gnu/libm-2.19.so
7f7d2a7f1000-7f7d2a7f2000 r--p 00104000 08:05 2894757                    /lib/x86_64-linux-gnu/libm-2.19.so
7f7d2a7f2000-7f7d2a7f3000 rw-p 00105000 08:05 2894757                    /lib/x86_64-linux-gnu/libm-2.19.so
7f7d2a7f3000-7f7d2a8d9000 r-xp 00000000 08:05 2631831                    /usr/lib/x86_64-linux-gnu/libstdc++.so.6.0.19
7f7d2a8d9000-7f7d2aad8000 ---p 000e6000 08:05 2631831                    /usr/lib/x86_64-linux-gnu/libstdc++.so.6.0.19
7f7d2aad8000-7f7d2aae0000 r--p 000e5000 08:05 2631831                    /usr/lib/x86_64-linux-gnu/libstdc++.so.6.0.19
7f7d2aae0000-7f7d2aae2000 rw-p 000ed000 08:05 2631831                    /usr/lib/x86_64-linux-gnu/libstdc++.so.6.0.19
7f7d2aae2000-7f7d2aaf7000 rw-p 00000000 00:00 0 
7f7d2aaf7000-7f7d2b60f000 r-xp 00000000 08:05 2656280                    /usr/lib/jvm/java-7-openjdk-amd64/jre/lib/amd64/server/libjvm.so
7f7d2b60f000-7f7d2b80f000 ---p 00b18000 08:05 2656280                    /usr/lib/jvm/java-7-openjdk-amd64/jre/lib/amd64/server/libjvm.so
7f7d2b80f000-7f7d2b8a9000 r--p 00b18000 08:05 2656280                    /usr/lib/jvm/java-7-openjdk-amd64/jre/lib/amd64/server/libjvm.so
7f7d2b8a9000-7f7d2b8cc000 rw-p 00bb2000 08:05 2656280                    /usr/lib/jvm/java-7-openjdk-amd64/jre/lib/amd64/server/libjvm.so
7f7d2b8cc000-7f7d2b8fa000 rw-p 00000000 00:00 0 
7f7d2b8fa000-7f7d2b912000 r-xp 00000000 08:05 2887861                    /lib/x86_64-linux-gnu/libz.so.1.2.8
7f7d2b912000-7f7d2bb11000 ---p 00018000 08:05 2887861                    /lib/x86_64-linux-gnu/libz.so.1.2.8
7f7d2bb11000-7f7d2bb12000 r--p 00017000 08:05 2887861                    /lib/x86_64-linux-gnu/libz.so.1.2.8
7f7d2bb12000-7f7d2bb13000 rw-p 00018000 08:05 2887861                    /lib/x86_64-linux-gnu/libz.so.1.2.8
7f7d2bb13000-7f7d2bb2c000 r-xp 00000000 08:05 2894773                    /lib/x86_64-linux-gnu/libpthread-2.19.so
7f7d2bb2c000-7f7d2bd2b000 ---p 00019000 08:05 2894773                    /lib/x86_64-linux-gnu/libpthread-2.19.so
7f7d2bd2b000-7f7d2bd2c000 r--p 00018000 08:05 2894773                    /lib/x86_64-linux-gnu/libpthread-2.19.so
7f7d2bd2c000-7f7d2bd2d000 rw-p 00019000 08:05 2894773                    /lib/x86_64-linux-gnu/libpthread-2.19.so
7f7d2bd2d000-7f7d2bd31000 rw-p 00000000 00:00 0 
7f7d2bd31000-7f7d2bd34000 r-xp 00000000 08:05 2894761                    /lib/x86_64-linux-gnu/libdl-2.19.so
7f7d2bd34000-7f7d2bf33000 ---p 00003000 08:05 2894761                    /lib/x86_64-linux-gnu/libdl-2.19.so
7f7d2bf33000-7f7d2bf34000 r--p 00002000 08:05 2894761                    /lib/x86_64-linux-gnu/libdl-2.19.so
7f7d2bf34000-7f7d2bf35000 rw-p 00003000 08:05 2894761                    /lib/x86_64-linux-gnu/libdl-2.19.so
7f7d2bf35000-7f7d2c0f0000 r-xp 00000000 08:05 2894772                    /lib/x86_64-linux-gnu/libc-2.19.so
7f7d2c0f0000-7f7d2c2ef000 ---p 001bb000 08:05 2894772                    /lib/x86_64-linux-gnu/libc-2.19.so
7f7d2c2ef000-7f7d2c2f3000 r--p 001ba000 08:05 2894772                    /lib/x86_64-linux-gnu/libc-2.19.so
7f7d2c2f3000-7f7d2c2f5000 rw-p 001be000 08:05 2894772                    /lib/x86_64-linux-gnu/libc-2.19.so
7f7d2c2f5000-7f7d2c2fa000 rw-p 00000000 00:00 0 
7f7d2c2fa000-7f7d2c307000 r-xp 00000000 08:05 2656251                    /usr/lib/jvm/java-7-openjdk-amd64/jre/lib/amd64/jli/libjli.so
7f7d2c307000-7f7d2c506000 ---p 0000d000 08:05 2656251                    /usr/lib/jvm/java-7-openjdk-amd64/jre/lib/amd64/jli/libjli.so
7f7d2c506000-7f7d2c507000 r--p 0000c000 08:05 2656251                    /usr/lib/jvm/java-7-openjdk-amd64/jre/lib/amd64/jli/libjli.so
7f7d2c507000-7f7d2c508000 rw-p 0000d000 08:05 2656251                    /usr/lib/jvm/java-7-openjdk-amd64/jre/lib/amd64/jli/libjli.so
7f7d2c508000-7f7d2c52b000 r-xp 00000000 08:05 2894769                    /lib/x86_64-linux-gnu/ld-2.19.so
7f7d2c532000-7f7d2c541000 r--s 000df000 08:05 1200912                    /home/mayank/android-sdk-linux/build-tools/23.0.2/lib/dx.jar
7f7d2c541000-7f7d2c54b000 rw-p 00000000 00:00 0 
7f7d2c54b000-7f7d2c601000 rw-p 00000000 00:00 0 
7f7d2c601000-7f7d2c604000 ---p 00000000 00:00 0 
7f7d2c604000-7f7d2c706000 rw-p 00000000 00:00 0                          [stack:13967]
7f7d2c709000-7f7d2c70a000 rw-p 00000000 00:00 0 
7f7d2c70a000-7f7d2c70c000 r--s 00006000 08:05 133870                     /usr/share/java/java-atk-wrapper.jar
7f7d2c70c000-7f7d2c710000 r--s 00034000 08:05 2656289                    /usr/lib/jvm/java-7-openjdk-amd64/jre/lib/ext/sunjce_provider.jar
7f7d2c710000-7f7d2c711000 r--s 00002000 08:05 2656286                    /usr/lib/jvm/java-7-openjdk-amd64/jre/lib/ext/dnsns.jar
7f7d2c711000-7f7d2c715000 r--s 0003c000 08:05 2656287                    /usr/lib/jvm/java-7-openjdk-amd64/jre/lib/ext/sunpkcs11.jar
7f7d2c715000-7f7d2c718000 r--s 0000f000 08:05 2656285                    /usr/lib/jvm/java-7-openjdk-amd64/jre/lib/ext/icedtea-sound.jar
7f7d2c718000-7f7d2c71b000 r--s 00086000 08:05 2656288                    /usr/lib/jvm/java-7-openjdk-amd64/jre/lib/ext/localedata.jar
7f7d2c71b000-7f7d2c71d000 r--s 00012000 08:05 2656290                    /usr/lib/jvm/java-7-openjdk-amd64/jre/lib/ext/zipfs.jar
7f7d2c71d000-7f7d2c725000 rw-s 00000000 08:05 2490451                    /tmp/hsperfdata_mayank/13953
7f7d2c725000-7f7d2c726000 rw-p 00000000 00:00 0 
7f7d2c726000-7f7d2c727000 ---p 00000000 00:00 0 
7f7d2c727000-7f7d2c72a000 rw-p 00000000 00:00 0 
7f7d2c72a000-7f7d2c72b000 r--p 00022000 08:05 2894769                    /lib/x86_64-linux-gnu/ld-2.19.so
7f7d2c72b000-7f7d2c72c000 rw-p 00023000 08:05 2894769                    /lib/x86_64-linux-gnu/ld-2.19.so
7f7d2c72c000-7f7d2c72d000 rw-p 00000000 00:00 0 
7ffffcb59000-7ffffcb7b000 rw-p 00000000 00:00 0                          [stack]
7ffffcba9000-7ffffcbab000 r-xp 00000000 00:00 0                          [vdso]
ffffffffff600000-ffffffffff601000 r-xp 00000000 00:00 0                  [vsyscall]

VM Arguments:
jvm_args: -Djava.awt.headless=true -Xmx1024M -Dfile.encoding=UTF-8 -Duser.country=IN -Duser.language=en -Duser.variant 
java_command: com.android.dx.command.Main --dex --num-threads=4 --output /home/mayank/android projects/Movies/app/build/intermediates/pre-dexed/debug/com.android.support-support-v4-23.1.1_31502f776c2d32c68a0a203943bde6b13e94bedb.jar /home/mayank/android projects/Movies/app/build/intermediates/exploded-aar/com.android.support/support-v4/23.1.1/jars/classes.jar
Launcher Type: SUN_STANDARD

Environment Variables:
JAVA_HOME=/usr/local/java/jdk1.7.0_40
PATH=/usr/local/sbin:/usr/local/bin:/usr/sbin:/usr/bin:/sbin:/bin:/usr/games:/usr/local/games:/home/mayank/bin:/usr/local/java/jdk1.7.0_40/bin:/usr/local/jdk1.7.0_40/bin:/home/mayank/ns-allinone-2.35/xgraph-12.2/:/home/mayank/ns-allinone-2.35/bin/:/home/mayank/ns-allinone-2.35/tcl8.5.10/unix/:/home/mayank/ns-allinone-2.35/tk8.5.10/unix/:/home/mayank/ns-allinone-2.35/ns-2.35/:/home/mayank/ns-allinone-2.35/nam-1.15/:/home/mayank/omnetpp-4.6/bin:/apache-tomcat-7.0.62/lib/servlet-api.jar:/usr/local/apache-tomcat-8.0.23/
LD_LIBRARY_PATH=.::/home/mayank/ns-allinone-2.35/otcl-1.14:/home/mayank/ns-allinone-2.35/lib/:/usr/local/lib/
SHELL=/bin/bash
DISPLAY=:0

Signal Handlers:
SIGSEGV: [libjvm.so+0x94b9a0], sa_mask[0]=0x7ffbfeff, sa_flags=0x10000004
SIGBUS: [libjvm.so+0x94b9a0], sa_mask[0]=0x7ffbfeff, sa_flags=0x10000004
SIGFPE: [libjvm.so+0x7c3880], sa_mask[0]=0x7ffbfeff, sa_flags=0x10000004
SIGPIPE: [libjvm.so+0x7c3880], sa_mask[0]=0x7ffbfeff, sa_flags=0x10000004
SIGXFSZ: [libjvm.so+0x7c3880], sa_mask[0]=0x7ffbfeff, sa_flags=0x10000004
SIGILL: [libjvm.so+0x7c3880], sa_mask[0]=0x7ffbfeff, sa_flags=0x10000004
SIGUSR1: SIG_DFL, sa_mask[0]=0x00000000, sa_flags=0x00000000
SIGUSR2: [libjvm.so+0x7c3720], sa_mask[0]=0x00000004, sa_flags=0x10000004
SIGHUP: [libjvm.so+0x7c3900], sa_mask[0]=0x7ffbfeff, sa_flags=0x10000004
SIGINT: [libjvm.so+0x7c3900], sa_mask[0]=0x7ffbfeff, sa_flags=0x10000004
SIGTERM: [libjvm.so+0x7c3900], sa_mask[0]=0x7ffbfeff, sa_flags=0x10000004
SIGQUIT: [libjvm.so+0x7c3900], sa_mask[0]=0x7ffbfeff, sa_flags=0x10000004
SIGTRAP: SIG_DFL, sa_mask[0]=0x00000000, sa_flags=0x00000000


---------------  S Y S T E M  ---------------

OS:Ubuntu 14.04 (trusty)
uname:Linux 3.13.0-46-generic #79-Ubuntu SMP Tue Mar 10 20:06:50 UTC 2015 x86_64
libc:glibc 2.19 NPTL 2.19 
rlimit: STACK 8192k, CORE 0k, NPROC 30704, NOFILE 4096, AS infinity
load average:11.38 4.07 1.85

/proc/meminfo:
MemTotal:        3951712 kB
MemFree:          199644 kB
Buffers:            6256 kB
Cached:           345340 kB
SwapCached:            0 kB
Active:          3251864 kB
Inactive:         338076 kB
Active(anon):    3241452 kB
Inactive(anon):   307476 kB
Active(file):      10412 kB
Inactive(file):    30600 kB
Unevictable:          32 kB
Mlocked:              32 kB
SwapTotal:             0 kB
SwapFree:              0 kB
Dirty:               244 kB
Writeback:             0 kB
AnonPages:       3238864 kB
Mapped:            90888 kB
Shmem:            310108 kB
Slab:              64640 kB
SReclaimable:      29964 kB
SUnreclaim:        34676 kB
KernelStack:        4744 kB
PageTables:        40136 kB
NFS_Unstable:          0 kB
Bounce:                0 kB
WritebackTmp:          0 kB
CommitLimit:     1975856 kB
Committed_AS:    6798140 kB
VmallocTotal:   34359738367 kB
VmallocUsed:      347508 kB
VmallocChunk:   34359385116 kB
HardwareCorrupted:     0 kB
AnonHugePages:   1714176 kB
HugePages_Total:       0
HugePages_Free:        0
HugePages_Rsvd:        0
HugePages_Surp:        0
Hugepagesize:       2048 kB
DirectMap4k:      100800 kB
DirectMap2M:     3997696 kB


CPU:total 4 (2 cores per cpu, 2 threads per core) family 6 model 42 stepping 7, cmov, cx8, fxsr, mmx, sse, sse2, sse3, ssse3, sse4.1, sse4.2, popcnt, avx, aes, ht, tsc, tscinvbit

/proc/cpuinfo:
processor	: 0
vendor_id	: GenuineIntel
cpu family	: 6
model		: 42
model name	: Intel(R) Core(TM) i5-2450M CPU @ 2.50GHz
stepping	: 7
microcode	: 0x1b
cpu MHz		: 2501.000
cache size	: 3072 KB
physical id	: 0
siblings	: 4
core id		: 0
cpu cores	: 2
apicid		: 0
initial apicid	: 0
fpu		: yes
fpu_exception	: yes
cpuid level	: 13
wp		: yes
flags		: fpu vme de pse tsc msr pae mce cx8 apic sep mtrr pge mca cmov pat pse36 clflush dts acpi mmx fxsr sse sse2 ss ht tm pbe syscall nx rdtscp lm constant_tsc arch_perfmon pebs bts rep_good nopl xtopology nonstop_tsc aperfmperf eagerfpu pni pclmulqdq dtes64 monitor ds_cpl vmx est tm2 ssse3 cx16 xtpr pdcm pcid sse4_1 sse4_2 x2apic popcnt tsc_deadline_timer aes xsave avx lahf_lm ida arat epb xsaveopt pln pts dtherm tpr_shadow vnmi flexpriority ept vpid
bogomips	: 4988.62
clflush size	: 64
cache_alignment	: 64
address sizes	: 36 bits physical, 48 bits virtual
power management:

processor	: 1
vendor_id	: GenuineIntel
cpu family	: 6
model		: 42
model name	: Intel(R) Core(TM) i5-2450M CPU @ 2.50GHz
stepping	: 7
microcode	: 0x1b
cpu MHz		: 2501.000
cache size	: 3072 KB
physical id	: 0
siblings	: 4
core id		: 1
cpu cores	: 2
apicid		: 2
initial apicid	: 2
fpu		: yes
fpu_exception	: yes
cpuid level	: 13
wp		: yes
flags		: fpu vme de pse tsc msr pae mce cx8 apic sep mtrr pge mca cmov pat pse36 clflush dts acpi mmx fxsr sse sse2 ss ht tm pbe syscall nx rdtscp lm constant_tsc arch_perfmon pebs bts rep_good nopl xtopology nonstop_tsc aperfmperf eagerfpu pni pclmulqdq dtes64 monitor ds_cpl vmx est tm2 ssse3 cx16 xtpr pdcm pcid sse4_1 sse4_2 x2apic popcnt tsc_deadline_timer aes xsave avx lahf_lm ida arat epb xsaveopt pln pts dtherm tpr_shadow vnmi flexpriority ept vpid
bogomips	: 4988.62
clflush size	: 64
cache_alignment	: 64
address sizes	: 36 bits physical, 48 bits virtual
power management:

processor	: 2
vendor_id	: GenuineIntel
cpu family	: 6
model		: 42
model name	: Intel(R) Core(TM) i5-2450M CPU @ 2.50GHz
stepping	: 7
microcode	: 0x1b
cpu MHz		: 2501.000
cache size	: 3072 KB
physical id	: 0
siblings	: 4
core id		: 0
cpu cores	: 2
apicid		: 1
initial apicid	: 1
fpu		: yes
fpu_exception	: yes
cpuid level	: 13
wp		: yes
flags		: fpu vme de pse tsc msr pae mce cx8 apic sep mtrr pge mca cmov pat pse36 clflush dts acpi mmx fxsr sse sse2 ss ht tm pbe syscall nx rdtscp lm constant_tsc arch_perfmon pebs bts rep_good nopl xtopology nonstop_tsc aperfmperf eagerfpu pni pclmulqdq dtes64 monitor ds_cpl vmx est tm2 ssse3 cx16 xtpr pdcm pcid sse4_1 sse4_2 x2apic popcnt tsc_deadline_timer aes xsave avx lahf_lm ida arat epb xsaveopt pln pts dtherm tpr_shadow vnmi flexpriority ept vpid
bogomips	: 4988.62
clflush size	: 64
cache_alignment	: 64
address sizes	: 36 bits physical, 48 bits virtual
power management:

processor	: 3
vendor_id	: GenuineIntel
cpu family	: 6
model		: 42
model name	: Intel(R) Core(TM) i5-2450M CPU @ 2.50GHz
stepping	: 7
microcode	: 0x1b
cpu MHz		: 2501.000
cache size	: 3072 KB
physical id	: 0
siblings	: 4
core id		: 1
cpu cores	: 2
apicid		: 3
initial apicid	: 3
fpu		: yes
fpu_exception	: yes
cpuid level	: 13
wp		: yes
flags		: fpu vme de pse tsc msr pae mce cx8 apic sep mtrr pge mca cmov pat pse36 clflush dts acpi mmx fxsr sse sse2 ss ht tm pbe syscall nx rdtscp lm constant_tsc arch_perfmon pebs bts rep_good nopl xtopology nonstop_tsc aperfmperf eagerfpu pni pclmulqdq dtes64 monitor ds_cpl vmx est tm2 ssse3 cx16 xtpr pdcm pcid sse4_1 sse4_2 x2apic popcnt tsc_deadline_timer aes xsave avx lahf_lm ida arat epb xsaveopt pln pts dtherm tpr_shadow vnmi flexpriority ept vpid
bogomips	: 4988.62
clflush size	: 64
cache_alignment	: 64
address sizes	: 36 bits physical, 48 bits virtual
power management:



Memory: 4k page, physical 3951712k(199644k free), swap 0k(0k free)

vm_info: OpenJDK 64-Bit Server VM (24.79-b02) for linux-amd64 JRE (1.7.0_79-b14), built on Apr 16 2015 08:21:58 by "buildd" with gcc 4.8.2

time: Sun Jan 31 14:13:25 2016
elapsed time: 60 seconds

