#
# There is insufficient memory for the Java Runtime Environment to continue.
# Native memory allocation (malloc) failed to allocate 73400320 bytes for committing reserved memory.
# Possible reasons:
#   The system is out of physical RAM or swap space
#   In 32 bit mode, the process size limit was hit
# Possible solutions:
#   Reduce memory load on the system
#   Increase physical memory or swap space
#   Check if swap backing store is full
#   Use 64 bit Java on a 64 bit OS
#   Decrease Java heap size (-Xmx/-Xms)
#   Decrease number of Java threads
#   Decrease Java thread stack sizes (-Xss)
#   Set larger code cache with -XX:ReservedCodeCacheSize=
# This output file may be truncated or incomplete.
#
#  Out of Memory Error (os_linux.cpp:2718), pid=11553, tid=140689337607936
#
# JRE version: Java(TM) SE Runtime Environment (7.0_40-b43) (build 1.7.0_40-b43)
# Java VM: Java HotSpot(TM) 64-Bit Server VM (24.0-b56 mixed mode linux-amd64 compressed oops)
# Failed to write core dump. Core dumps have been disabled. To enable core dumping, try "ulimit -c unlimited" before starting Java again
#

---------------  T H R E A D  ---------------

Current thread (0x00007ff4d0069800):  VMThread [stack: 0x00007ff4c9ede000,0x00007ff4c9fdf000] [id=11562]

Stack: [0x00007ff4c9ede000,0x00007ff4c9fdf000],  sp=0x00007ff4c9fdd120,  free space=1020k
Native frames: (J=compiled Java code, j=interpreted, Vv=VM code, C=native code)
V  [libjvm.so+0x99242a]  VMError::report_and_die()+0x2ea
V  [libjvm.so+0x49316b]  report_vm_out_of_memory(char const*, int, unsigned long, char const*)+0x9b
V  [libjvm.so+0x8128de]  os::Linux::commit_memory_impl(char*, unsigned long, bool)+0xfe
V  [libjvm.so+0x812d8f]  os::Linux::commit_memory_impl(char*, unsigned long, unsigned long, bool)+0x4f
V  [libjvm.so+0x812f4c]  os::pd_commit_memory(char*, unsigned long, unsigned long, bool)+0xc
V  [libjvm.so+0x80d03a]  os::commit_memory(char*, unsigned long, unsigned long, bool)+0x2a
V  [libjvm.so+0x87f203]  PSVirtualSpace::expand_by(unsigned long)+0x53
V  [libjvm.so+0x8805d8]  PSYoungGen::resize_generation(unsigned long, unsigned long)+0xf8
V  [libjvm.so+0x87f742]  PSYoungGen::resize(unsigned long, unsigned long)+0x22
V  [libjvm.so+0x87cbdb]  PSScavenge::invoke_no_policy()+0xf3b
V  [libjvm.so+0x87d341]  PSScavenge::invoke()+0x41
V  [libjvm.so+0x834440]  ParallelScavengeHeap::failed_mem_allocate(unsigned long)+0x70
V  [libjvm.so+0x993cc7]  VM_ParallelGCFailedAllocation::doit()+0x97
V  [libjvm.so+0x99b0f5]  VM_Operation::evaluate()+0x55
V  [libjvm.so+0x99952a]  VMThread::evaluate_operation(VM_Operation*)+0xba
V  [libjvm.so+0x9998ae]  VMThread::loop()+0x1ce
V  [libjvm.so+0x999d20]  VMThread::run()+0x70
V  [libjvm.so+0x814a58]  java_start(Thread*)+0x108

VM_Operation (0x00007ff4d7d00a70): ParallelGCFailedAllocation, mode: safepoint, requested by thread 0x00007ff4d000a000


---------------  P R O C E S S  ---------------

Java Threads: ( => current thread )
  0x00007ff4d0176800 JavaThread "pool-1-thread-4" [_thread_blocked, id=11575, stack(0x00007ff4c87b4000,0x00007ff4c88b5000)]
  0x00007ff4d0174800 JavaThread "pool-1-thread-3" [_thread_blocked, id=11574, stack(0x00007ff4c88b5000,0x00007ff4c89b6000)]
  0x00007ff4d0173000 JavaThread "pool-1-thread-2" [_thread_blocked, id=11573, stack(0x00007ff4c89b6000,0x00007ff4c8ab7000)]
  0x00007ff4d016f800 JavaThread "pool-2-thread-1" [_thread_blocked, id=11572, stack(0x00007ff4c8ab7000,0x00007ff4c8bb8000)]
  0x00007ff4d016c000 JavaThread "pool-1-thread-1" [_thread_blocked, id=11571, stack(0x00007ff4c8bb8000,0x00007ff4c8cb9000)]
  0x00007ff4d0096800 JavaThread "Service Thread" daemon [_thread_blocked, id=11568, stack(0x00007ff4c91f6000,0x00007ff4c92f7000)]
  0x00007ff4d0094000 JavaThread "C2 CompilerThread1" daemon [_thread_blocked, id=11567, stack(0x00007ff4c92f7000,0x00007ff4c93f8000)]
  0x00007ff4d0091000 JavaThread "C2 CompilerThread0" daemon [_thread_blocked, id=11566, stack(0x00007ff4c93f8000,0x00007ff4c94f9000)]
  0x00007ff4d0087000 JavaThread "Signal Dispatcher" daemon [_thread_blocked, id=11565, stack(0x00007ff4c94f9000,0x00007ff4c95fa000)]
  0x00007ff4d0070000 JavaThread "Finalizer" daemon [_thread_blocked, id=11564, stack(0x00007ff4c9cdc000,0x00007ff4c9ddd000)]
  0x00007ff4d006c000 JavaThread "Reference Handler" daemon [_thread_blocked, id=11563, stack(0x00007ff4c9ddd000,0x00007ff4c9ede000)]
  0x00007ff4d000a000 JavaThread "main" [_thread_blocked, id=11557, stack(0x00007ff4d7c02000,0x00007ff4d7d03000)]

Other Threads:
=>0x00007ff4d0069800 VMThread [stack: 0x00007ff4c9ede000,0x00007ff4c9fdf000] [id=11562]
  0x00007ff4d00a1000 WatcherThread [stack: 0x00007ff4c90f5000,0x00007ff4c91f6000] [id=11569]

VM state:at safepoint (normal execution)

VM Mutex/Monitor currently owned by a thread:  ([mutex/lock_event])
[0x00007ff4d0006740] Threads_lock - owner thread: 0x00007ff4d0069800
[0x00007ff4d0006c40] Heap_lock - owner thread: 0x00007ff4d000a000

Heap
 PSYoungGen      total 73216K, used 10748K [0x00000000eaa80000, 0x00000000efd80000, 0x0000000100000000)
  eden space 62464K, 0% used [0x00000000eaa80000,0x00000000eaa80000,0x00000000ee780000)
  from space 10752K, 99% used [0x00000000ee780000,0x00000000ef1ff238,0x00000000ef200000)
  to   space 9728K, 0% used [0x00000000ef200000,0x00000000ef200000,0x00000000efb80000)
 ParOldGen       total 40960K, used 19867K [0x00000000c0000000, 0x00000000c2800000, 0x00000000eaa80000)
  object space 40960K, 48% used [0x00000000c0000000,0x00000000c1366fe8,0x00000000c2800000)
 PSPermGen       total 21504K, used 5878K [0x00000000bae00000, 0x00000000bc300000, 0x00000000c0000000)
  object space 21504K, 27% used [0x00000000bae00000,0x00000000bb3bdb60,0x00000000bc300000)

Card table byte_map: [0x00007ff4d4cdc000,0x00007ff4d4f06000] byte_map_base: 0x00007ff4d4705000

Polling page: 0x00007ff4d7d27000

Code Cache  [0x00007ff4cd000000, 0x00007ff4cd270000, 0x00007ff4d0000000)
 total_blobs=496 nmethods=267 adapters=182 free_code_cache=48008Kb largest_free_block=49126144

Compilation events (10 events):
Event: 34.656 Thread 0x00007ff4d0091000 nmethod 263 0x00007ff4cd112890 code [0x00007ff4cd1129c0, 0x00007ff4cd112a18]
Event: 34.656 Thread 0x00007ff4d0091000  264             com.android.dx.ssa.SsaMethod::getExitBlock (26 bytes)
Event: 34.685 Thread 0x00007ff4d0091000 nmethod 264 0x00007ff4cd0aacd0 code [0x00007ff4cd0aae20, 0x00007ff4cd0aaf18]
Event: 34.685 Thread 0x00007ff4d0091000  265             com.android.dx.util.LabeledList::set (45 bytes)
Event: 34.798 Thread 0x00007ff4d0091000 nmethod 265 0x00007ff4cd111c50 code [0x00007ff4cd111de0, 0x00007ff4cd112038]
Event: 34.799 Thread 0x00007ff4d0091000  267             com.android.dx.util.FixedSizeList::hashCode (8 bytes)
Event: 34.868 Thread 0x00007ff4d0091000 nmethod 267 0x00007ff4cd111850 code [0x00007ff4cd1119a0, 0x00007ff4cd111b18]
Event: 34.868 Thread 0x00007ff4d0091000  268   !         com.android.dx.cf.cst.ConstantPoolParser::parse0 (731 bytes)
Event: 37.533 Thread 0x00007ff4d0091000 nmethod 268 0x00007ff4cd120a10 code [0x00007ff4cd121020, 0x00007ff4cd123890]
Event: 37.533 Thread 0x00007ff4d0091000  269   !         com.android.dx.cf.code.Ropper::processBlock (1101 bytes)

GC Heap History (10 events):
Event: 6.631 GC heap after
Heap after GC invocations=2 (full 0):
 PSYoungGen      total 18432K, used 2550K [0x00000000eaa80000, 0x00000000ece80000, 0x0000000100000000)
  eden space 15872K, 0% used [0x00000000eaa80000,0x00000000eaa80000,0x00000000eba00000)
  from space 2560K, 99% used [0x00000000ebc80000,0x00000000ebefd9c8,0x00000000ebf00000)
  to   space 2560K, 0% used [0x00000000eba00000,0x00000000eba00000,0x00000000ebc80000)
 ParOldGen       total 40960K, used 2210K [0x00000000c0000000, 0x00000000c2800000, 0x00000000eaa80000)
  object space 40960K, 5% used [0x00000000c0000000,0x00000000c0228940,0x00000000c2800000)
 PSPermGen       total 21504K, used 5583K [0x00000000bae00000, 0x00000000bc300000, 0x00000000c0000000)
  object space 21504K, 25% used [0x00000000bae00000,0x00000000bb373e78,0x00000000bc300000)
}
Event: 9.563 GC heap before
{Heap before GC invocations=3 (full 0):
 PSYoungGen      total 18432K, used 18422K [0x00000000eaa80000, 0x00000000ece80000, 0x0000000100000000)
  eden space 15872K, 100% used [0x00000000eaa80000,0x00000000eba00000,0x00000000eba00000)
  from space 2560K, 99% used [0x00000000ebc80000,0x00000000ebefd9c8,0x00000000ebf00000)
  to   space 2560K, 0% used [0x00000000eba00000,0x00000000eba00000,0x00000000ebc80000)
 ParOldGen       total 40960K, used 2210K [0x00000000c0000000, 0x00000000c2800000, 0x00000000eaa80000)
  object space 40960K, 5% used [0x00000000c0000000,0x00000000c0228940,0x00000000c2800000)
 PSPermGen       total 21504K, used 5723K [0x00000000bae00000, 0x00000000bc300000, 0x00000000c0000000)
  object space 21504K, 26% used [0x00000000bae00000,0x00000000bb396f88,0x00000000bc300000)
Event: 9.668 GC heap after
Heap after GC invocations=3 (full 0):
 PSYoungGen      total 18432K, used 2558K [0x00000000eaa80000, 0x00000000ece80000, 0x0000000100000000)
  eden space 15872K, 0% used [0x00000000eaa80000,0x00000000eaa80000,0x00000000eba00000)
  from space 2560K, 99% used [0x00000000eba00000,0x00000000ebc7f8c8,0x00000000ebc80000)
  to   space 2560K, 0% used [0x00000000ecc00000,0x00000000ecc00000,0x00000000ece80000)
 ParOldGen       total 40960K, used 4969K [0x00000000c0000000, 0x00000000c2800000, 0x00000000eaa80000)
  object space 40960K, 12% used [0x00000000c0000000,0x00000000c04da670,0x00000000c2800000)
 PSPermGen       total 21504K, used 5723K [0x00000000bae00000, 0x00000000bc300000, 0x00000000c0000000)
  object space 21504K, 26% used [0x00000000bae00000,0x00000000bb396f88,0x00000000bc300000)
}
Event: 12.766 GC heap before
{Heap before GC invocations=4 (full 0):
 PSYoungGen      total 18432K, used 18430K [0x00000000eaa80000, 0x00000000ece80000, 0x0000000100000000)
  eden space 15872K, 100% used [0x00000000eaa80000,0x00000000eba00000,0x00000000eba00000)
  from space 2560K, 99% used [0x00000000eba00000,0x00000000ebc7f8c8,0x00000000ebc80000)
  to   space 2560K, 0% used [0x00000000ecc00000,0x00000000ecc00000,0x00000000ece80000)
 ParOldGen       total 40960K, used 4969K [0x00000000c0000000, 0x00000000c2800000, 0x00000000eaa80000)
  object space 40960K, 12% used [0x00000000c0000000,0x00000000c04da670,0x00000000c2800000)
 PSPermGen       total 21504K, used 5771K [0x00000000bae00000, 0x00000000bc300000, 0x00000000c0000000)
  object space 21504K, 26% used [0x00000000bae00000,0x00000000bb3a2eb0,0x00000000bc300000)
Event: 12.872 GC heap after
Heap after GC invocations=4 (full 0):
 PSYoungGen      total 34304K, used 2558K [0x00000000eaa80000, 0x00000000ece80000, 0x0000000100000000)
  eden space 31744K, 0% used [0x00000000eaa80000,0x00000000eaa80000,0x00000000ec980000)
  from space 2560K, 99% used [0x00000000ecc00000,0x00000000ece7f8c8,0x00000000ece80000)
  to   space 2560K, 0% used [0x00000000ec980000,0x00000000ec980000,0x00000000ecc00000)
 ParOldGen       total 40960K, used 7423K [0x00000000c0000000, 0x00000000c2800000, 0x00000000eaa80000)
  object space 40960K, 18% used [0x00000000c0000000,0x00000000c073ff70,0x00000000c2800000)
 PSPermGen       total 21504K, used 5771K [0x00000000bae00000, 0x00000000bc300000, 0x00000000c0000000)
  object space 21504K, 26% used [0x00000000bae00000,0x00000000bb3a2eb0,0x00000000bc300000)
}
Event: 19.038 GC heap before
{Heap before GC invocations=5 (full 0):
 PSYoungGen      total 34304K, used 34302K [0x00000000eaa80000, 0x00000000ece80000, 0x0000000100000000)
  eden space 31744K, 100% used [0x00000000eaa80000,0x00000000ec980000,0x00000000ec980000)
  from space 2560K, 99% used [0x00000000ecc00000,0x00000000ece7f8c8,0x00000000ece80000)
  to   space 2560K, 0% used [0x00000000ec980000,0x00000000ec980000,0x00000000ecc00000)
 ParOldGen       total 40960K, used 7423K [0x00000000c0000000, 0x00000000c2800000, 0x00000000eaa80000)
  object space 40960K, 18% used [0x00000000c0000000,0x00000000c073ff70,0x00000000c2800000)
 PSPermGen       total 21504K, used 5812K [0x00000000bae00000, 0x00000000bc300000, 0x00000000c0000000)
  object space 21504K, 27% used [0x00000000bae00000,0x00000000bb3ad030,0x00000000bc300000)
Event: 19.313 GC heap after
Heap after GC invocations=5 (full 0):
 PSYoungGen      total 34304K, used 2558K [0x00000000eaa80000, 0x00000000efb80000, 0x0000000100000000)
  eden space 31744K, 0% used [0x00000000eaa80000,0x00000000eaa80000,0x00000000ec980000)
  from space 2560K, 99% used [0x00000000ec980000,0x00000000ecbff8c8,0x00000000ecc00000)
  to   space 9728K, 0% used [0x00000000ef200000,0x00000000ef200000,0x00000000efb80000)
 ParOldGen       total 40960K, used 13072K [0x00000000c0000000, 0x00000000c2800000, 0x00000000eaa80000)
  object space 40960K, 31% used [0x00000000c0000000,0x00000000c0cc4288,0x00000000c2800000)
 PSPermGen       total 21504K, used 5812K [0x00000000bae00000, 0x00000000bc300000, 0x00000000c0000000)
  object space 21504K, 27% used [0x00000000bae00000,0x00000000bb3ad030,0x00000000bc300000)
}
Event: 26.606 GC heap before
{Heap before GC invocations=6 (full 0):
 PSYoungGen      total 34304K, used 34302K [0x00000000eaa80000, 0x00000000efb80000, 0x0000000100000000)
  eden space 31744K, 100% used [0x00000000eaa80000,0x00000000ec980000,0x00000000ec980000)
  from space 2560K, 99% used [0x00000000ec980000,0x00000000ecbff8c8,0x00000000ecc00000)
  to   space 9728K, 0% used [0x00000000ef200000,0x00000000ef200000,0x00000000efb80000)
 ParOldGen       total 40960K, used 13072K [0x00000000c0000000, 0x00000000c2800000, 0x00000000eaa80000)
  object space 40960K, 31% used [0x00000000c0000000,0x00000000c0cc4288,0x00000000c2800000)
 PSPermGen       total 21504K, used 5827K [0x00000000bae00000, 0x00000000bc300000, 0x00000000c0000000)
  object space 21504K, 27% used [0x00000000bae00000,0x00000000bb3b0f50,0x00000000bc300000)
Event: 26.869 GC heap after
Heap after GC invocations=6 (full 0):
 PSYoungGen      total 72192K, used 7950K [0x00000000eaa80000, 0x00000000efd80000, 0x0000000100000000)
  eden space 62464K, 0% used [0x00000000eaa80000,0x00000000eaa80000,0x00000000ee780000)
  from space 9728K, 81% used [0x00000000ef200000,0x00000000ef9c38d8,0x00000000efb80000)
  to   space 10752K, 0% used [0x00000000ee780000,0x00000000ee780000,0x00000000ef200000)
 ParOldGen       total 40960K, used 13072K [0x00000000c0000000, 0x00000000c2800000, 0x00000000eaa80000)
  object space 40960K, 31% used [0x00000000c0000000,0x00000000c0cc4288,0x00000000c2800000)
 PSPermGen       total 21504K, used 5827K [0x00000000bae00000, 0x00000000bc300000, 0x00000000c0000000)
  object space 21504K, 27% used [0x00000000bae00000,0x00000000bb3b0f50,0x00000000bc300000)
}
Event: 41.126 GC heap before
{Heap before GC invocations=7 (full 0):
 PSYoungGen      total 72192K, used 70414K [0x00000000eaa80000, 0x00000000efd80000, 0x0000000100000000)
  eden space 62464K, 100% used [0x00000000eaa80000,0x00000000ee780000,0x00000000ee780000)
  from space 9728K, 81% used [0x00000000ef200000,0x00000000ef9c38d8,0x00000000efb80000)
  to   space 10752K, 0% used [0x00000000ee780000,0x00000000ee780000,0x00000000ef200000)
 ParOldGen       total 40960K, used 13072K [0x00000000c0000000, 0x00000000c2800000, 0x00000000eaa80000)
  object space 40960K, 31% used [0x00000000c0000000,0x00000000c0cc4288,0x00000000c2800000)
 PSPermGen       total 21504K, used 5878K [0x00000000bae00000, 0x00000000bc300000, 0x00000000c0000000)
  object space 21504K, 27% used [0x00000000bae00000,0x00000000bb3bdb60,0x00000000bc300000)

Deoptimization events (10 events):
Event: 5.648 Thread 0x00007ff4d0173000 Uncommon trap: reason=class_check action=maybe_recompile pc=0x00007ff4cd07a8e0 method=com.android.dx.ssa.NormalSsaInsn.accept(Lcom/android/dx/ssa/SsaInsn$Visitor;)V @ 9
Event: 5.760 Thread 0x00007ff4d0176800 Uncommon trap: reason=class_check action=maybe_recompile pc=0x00007ff4cd07a8e0 method=com.android.dx.ssa.NormalSsaInsn.accept(Lcom/android/dx/ssa/SsaInsn$Visitor;)V @ 9
Event: 8.858 Thread 0x00007ff4d000a000 Uncommon trap: reason=null_check action=make_not_entrant pc=0x00007ff4cd0ab87c method=com.android.dx.rop.type.Type.putIntern(Lcom/android/dx/rop/type/Type;)Lcom/android/dx/rop/type/Type; @ 18
Event: 11.788 Thread 0x00007ff4d0176800 Uncommon trap: reason=unreached action=reinterpret pc=0x00007ff4cd087104 method=com.android.dx.rop.cst.Constant.compareTo(Lcom/android/dx/rop/cst/Constant;)I @ 12
Event: 14.086 Thread 0x00007ff4d0176800 Uncommon trap: reason=unreached action=reinterpret pc=0x00007ff4cd0c9264 method=com.android.dx.ssa.LocalVariableExtractor.processBlock(I)V @ 251
Event: 16.223 Thread 0x00007ff4d0174800 Uncommon trap: reason=null_check action=make_not_entrant pc=0x00007ff4cd0c259c method=com.android.dx.ssa.SsaRenamer.getLocalForNewReg(I)Lcom/android/dx/rop/code/LocalItem; @ 19
Event: 16.572 Thread 0x00007ff4d0173000 Uncommon trap: reason=class_check action=maybe_recompile pc=0x00007ff4cd0b0024 method=java.util.HashMap.put(Ljava/lang/Object;Ljava/lang/Object;)Ljava/lang/Object; @ 83
Event: 16.572 Thread 0x00007ff4d0173000 Uncommon trap: reason=class_check action=maybe_recompile pc=0x00007ff4cd0b0024 method=java.util.HashMap.put(Ljava/lang/Object;Ljava/lang/Object;)Ljava/lang/Object; @ 83
Event: 16.573 Thread 0x00007ff4d0173000 Uncommon trap: reason=class_check action=maybe_recompile pc=0x00007ff4cd0b0024 method=java.util.HashMap.put(Ljava/lang/Object;Ljava/lang/Object;)Ljava/lang/Object; @ 83
Event: 16.573 Thread 0x00007ff4d0173000 Uncommon trap: reason=class_check action=maybe_recompile pc=0x00007ff4cd0b0024 method=java.util.HashMap.put(Ljava/lang/Object;Ljava/lang/Object;)Ljava/lang/Object; @ 83

Internal exceptions (10 events):
Event: 4.529 Thread 0x00007ff4d016c000 Threw 0x00000000eb13b570 at /HUDSON/workspace/jdk7u40-2-build-linux-amd64-product/jdk7u40/hotspot/src/share/vm/prims/jvm.cpp:1244
Event: 4.605 Thread 0x00007ff4d0176800 Threw 0x00000000eb09e778 at /HUDSON/workspace/jdk7u40-2-build-linux-amd64-product/jdk7u40/hotspot/src/share/vm/prims/jvm.cpp:1244
Event: 5.258 Thread 0x00007ff4d0173000 Threw 0x00000000eb3dd6d0 at /HUDSON/workspace/jdk7u40-2-build-linux-amd64-product/jdk7u40/hotspot/src/share/vm/prims/jvm.cpp:1244
Event: 5.927 Thread 0x00007ff4d0174800 Threw 0x00000000eb6ca328 at /HUDSON/workspace/jdk7u40-2-build-linux-amd64-product/jdk7u40/hotspot/src/share/vm/prims/jvm.cpp:1244
Event: 6.909 Thread 0x00007ff4d0173000 Threw 0x00000000eabba888 at /HUDSON/workspace/jdk7u40-2-build-linux-amd64-product/jdk7u40/hotspot/src/share/vm/prims/jvm.cpp:1244
Event: 8.858 Thread 0x00007ff4d000a000 Implicit null exception at 0x00007ff4cd0ab14b to 0x00007ff4cd0ab86d
Event: 12.280 Thread 0x00007ff4d000a000 Threw 0x00000000eb7524f8 at /HUDSON/workspace/jdk7u40-2-build-linux-amd64-product/jdk7u40/hotspot/src/share/vm/prims/jvm.cpp:1244
Event: 12.624 Thread 0x00007ff4d000a000 Threw 0x00000000eb990ed8 at /HUDSON/workspace/jdk7u40-2-build-linux-amd64-product/jdk7u40/hotspot/src/share/vm/prims/jvm.cpp:1244
Event: 16.223 Thread 0x00007ff4d0174800 Implicit null exception at 0x00007ff4cd0c0d20 to 0x00007ff4cd0c2569
Event: 17.846 Thread 0x00007ff4d0173000 Threw 0x00000000ec3fdb80 at /HUDSON/workspace/jdk7u40-2-build-linux-amd64-product/jdk7u40/hotspot/src/share/vm/prims/jvm.cpp:1244

Events (10 events):
Event: 16.573 Thread 0x00007ff4d0173000 DEOPT UNPACKING pc=0x00007ff4cd039445 sp=0x00007ff4c8ab4d48 mode 2
Event: 17.846 loading class 0x00007ff4980153c0
Event: 17.846 loading class 0x00007ff4980153c0 done
Event: 19.022 Executing VM operation: ParallelGCFailedAllocation
Event: 19.313 Executing VM operation: ParallelGCFailedAllocation done
Event: 26.587 Executing VM operation: ParallelGCFailedAllocation
Event: 26.882 Executing VM operation: ParallelGCFailedAllocation done
Event: 28.319 Thread 0x00007ff4d0091000 flushing nmethod 0x00007ff4cd0aaa50
Event: 34.685 Thread 0x00007ff4d0091000 flushing nmethod 0x00007ff4cd086f50
Event: 41.112 Executing VM operation: ParallelGCFailedAllocation


Dynamic libraries:
00400000-00401000 r-xp 00000000 08:05 2635599                            /usr/local/jdk1.7.0_40/bin/java
00600000-00601000 rw-p 00000000 08:05 2635599                            /usr/local/jdk1.7.0_40/bin/java
0160a000-0162b000 rw-p 00000000 00:00 0                                  [heap]
bae00000-bc300000 rw-p 00000000 00:00 0 
bc300000-c0000000 rw-p 00000000 00:00 0 
c0000000-c2800000 rw-p 00000000 00:00 0 
c2800000-eaa80000 rw-p 00000000 00:00 0 
eaa80000-efd80000 rw-p 00000000 00:00 0 
f4380000-100000000 rw-p 00000000 00:00 0 
7ff484000000-7ff484021000 rw-p 00000000 00:00 0 
7ff484021000-7ff488000000 ---p 00000000 00:00 0 
7ff488000000-7ff488021000 rw-p 00000000 00:00 0 
7ff488021000-7ff48c000000 ---p 00000000 00:00 0 
7ff48c000000-7ff48c021000 rw-p 00000000 00:00 0 
7ff48c021000-7ff490000000 ---p 00000000 00:00 0 
7ff490000000-7ff490022000 rw-p 00000000 00:00 0 
7ff490022000-7ff494000000 ---p 00000000 00:00 0 
7ff494000000-7ff494021000 rw-p 00000000 00:00 0 
7ff494021000-7ff498000000 ---p 00000000 00:00 0 
7ff498000000-7ff498023000 rw-p 00000000 00:00 0 
7ff498023000-7ff49c000000 ---p 00000000 00:00 0 
7ff49c000000-7ff49d67f000 rw-p 00000000 00:00 0 
7ff49d67f000-7ff4a0000000 ---p 00000000 00:00 0 
7ff4a0000000-7ff4a0021000 rw-p 00000000 00:00 0 
7ff4a0021000-7ff4a4000000 ---p 00000000 00:00 0 
7ff4a4000000-7ff4a4021000 rw-p 00000000 00:00 0 
7ff4a4021000-7ff4a8000000 ---p 00000000 00:00 0 
7ff4a8000000-7ff4a8cf9000 rw-p 00000000 00:00 0 
7ff4a8cf9000-7ff4ac000000 ---p 00000000 00:00 0 
7ff4ac000000-7ff4ac021000 rw-p 00000000 00:00 0 
7ff4ac021000-7ff4b0000000 ---p 00000000 00:00 0 
7ff4b0000000-7ff4b0021000 rw-p 00000000 00:00 0 
7ff4b0021000-7ff4b4000000 ---p 00000000 00:00 0 
7ff4b4000000-7ff4b4021000 rw-p 00000000 00:00 0 
7ff4b4021000-7ff4b8000000 ---p 00000000 00:00 0 
7ff4b8000000-7ff4b8253000 rw-p 00000000 00:00 0 
7ff4b8253000-7ff4bc000000 ---p 00000000 00:00 0 
7ff4bc000000-7ff4bc021000 rw-p 00000000 00:00 0 
7ff4bc021000-7ff4c0000000 ---p 00000000 00:00 0 
7ff4c0000000-7ff4c0021000 rw-p 00000000 00:00 0 
7ff4c0021000-7ff4c4000000 ---p 00000000 00:00 0 
7ff4c4000000-7ff4c4021000 rw-p 00000000 00:00 0 
7ff4c4021000-7ff4c8000000 ---p 00000000 00:00 0 
7ff4c87b4000-7ff4c87b7000 ---p 00000000 00:00 0 
7ff4c87b7000-7ff4c88b5000 rw-p 00000000 00:00 0                          [stack:11575]
7ff4c88b5000-7ff4c88b8000 ---p 00000000 00:00 0 
7ff4c88b8000-7ff4c89b6000 rw-p 00000000 00:00 0                          [stack:11574]
7ff4c89b6000-7ff4c89b9000 ---p 00000000 00:00 0 
7ff4c89b9000-7ff4c8ab7000 rw-p 00000000 00:00 0                          [stack:11573]
7ff4c8ab7000-7ff4c8aba000 ---p 00000000 00:00 0 
7ff4c8aba000-7ff4c8bb8000 rw-p 00000000 00:00 0                          [stack:11572]
7ff4c8bb8000-7ff4c8bbb000 ---p 00000000 00:00 0 
7ff4c8bbb000-7ff4c8cb9000 rw-p 00000000 00:00 0                          [stack:11571]
7ff4c8cb9000-7ff4c8cce000 r-xp 00000000 08:05 2636261                    /usr/local/jdk1.7.0_40/jre/lib/amd64/libnet.so
7ff4c8cce000-7ff4c8ece000 ---p 00015000 08:05 2636261                    /usr/local/jdk1.7.0_40/jre/lib/amd64/libnet.so
7ff4c8ece000-7ff4c8ecf000 rw-p 00015000 08:05 2636261                    /usr/local/jdk1.7.0_40/jre/lib/amd64/libnet.so
7ff4c8ecf000-7ff4c8edf000 r-xp 00000000 08:05 2636301                    /usr/local/jdk1.7.0_40/jre/lib/amd64/libnio.so
7ff4c8edf000-7ff4c90df000 ---p 00010000 08:05 2636301                    /usr/local/jdk1.7.0_40/jre/lib/amd64/libnio.so
7ff4c90df000-7ff4c90e0000 rw-p 00010000 08:05 2636301                    /usr/local/jdk1.7.0_40/jre/lib/amd64/libnio.so
7ff4c90e0000-7ff4c90f5000 r--s 000e5000 08:05 830687                     /home/mayank/android projects/Movies/app/build/intermediates/exploded-aar/com.android.support/support-v4/23.1.1/jars/classes.jar
7ff4c90f5000-7ff4c90f6000 ---p 00000000 00:00 0 
7ff4c90f6000-7ff4c91f6000 rw-p 00000000 00:00 0                          [stack:11569]
7ff4c91f6000-7ff4c91f9000 ---p 00000000 00:00 0 
7ff4c91f9000-7ff4c92f7000 rw-p 00000000 00:00 0                          [stack:11568]
7ff4c92f7000-7ff4c92fa000 ---p 00000000 00:00 0 
7ff4c92fa000-7ff4c93f8000 rw-p 00000000 00:00 0                          [stack:11567]
7ff4c93f8000-7ff4c93fb000 ---p 00000000 00:00 0 
7ff4c93fb000-7ff4c94f9000 rw-p 00000000 00:00 0                          [stack:11566]
7ff4c94f9000-7ff4c94fc000 ---p 00000000 00:00 0 
7ff4c94fc000-7ff4c95fa000 rw-p 00000000 00:00 0                          [stack:11565]
7ff4c95fa000-7ff4c9cdc000 r--p 00000000 08:05 2629588                    /usr/lib/locale/locale-archive
7ff4c9cdc000-7ff4c9cdf000 ---p 00000000 00:00 0 
7ff4c9cdf000-7ff4c9ddd000 rw-p 00000000 00:00 0                          [stack:11564]
7ff4c9ddd000-7ff4c9de0000 ---p 00000000 00:00 0 
7ff4c9de0000-7ff4c9ede000 rw-p 00000000 00:00 0                          [stack:11563]
7ff4c9ede000-7ff4c9edf000 ---p 00000000 00:00 0 
7ff4c9edf000-7ff4cd000000 rw-p 00000000 00:00 0                          [stack:11562]
7ff4cd000000-7ff4cd270000 rwxp 00000000 00:00 0 
7ff4cd270000-7ff4d01a6000 rw-p 00000000 00:00 0 
7ff4d01a6000-7ff4d4000000 ---p 00000000 00:00 0 
7ff4d400c000-7ff4d427a000 rw-p 00000000 00:00 0 
7ff4d427a000-7ff4d4437000 r--s 039d3000 08:05 2636971                    /usr/local/jdk1.7.0_40/jre/lib/rt.jar
7ff4d4437000-7ff4d4759000 rw-p 00000000 00:00 0 
7ff4d4759000-7ff4d475a000 ---p 00000000 00:00 0 
7ff4d475a000-7ff4d485a000 rw-p 00000000 00:00 0                          [stack:11561]
7ff4d485a000-7ff4d485b000 ---p 00000000 00:00 0 
7ff4d485b000-7ff4d495b000 rw-p 00000000 00:00 0                          [stack:11560]
7ff4d495b000-7ff4d495c000 ---p 00000000 00:00 0 
7ff4d495c000-7ff4d4a5c000 rw-p 00000000 00:00 0                          [stack:11559]
7ff4d4a5c000-7ff4d4a5d000 ---p 00000000 00:00 0 
7ff4d4a5d000-7ff4d4b68000 rw-p 00000000 00:00 0                          [stack:11558]
7ff4d4b68000-7ff4d4b86000 rw-p 00000000 00:00 0 
7ff4d4b86000-7ff4d4b9a000 rw-p 00000000 00:00 0 
7ff4d4b9a000-7ff4d4cdc000 rw-p 00000000 00:00 0 
7ff4d4cdc000-7ff4d4ce7000 rw-p 00000000 00:00 0 
7ff4d4ce7000-7ff4d4d05000 rw-p 00000000 00:00 0 
7ff4d4d05000-7ff4d4d19000 rw-p 00000000 00:00 0 
7ff4d4d19000-7ff4d4e5a000 rw-p 00000000 00:00 0 
7ff4d4e5a000-7ff4d4e84000 rw-p 00000000 00:00 0 
7ff4d4e84000-7ff4d4f05000 rw-p 00000000 00:00 0 
7ff4d4f05000-7ff4d4f06000 rw-p 00000000 00:00 0 
7ff4d4f06000-7ff4d4f20000 r-xp 00000000 08:05 2636315                    /usr/local/jdk1.7.0_40/jre/lib/amd64/libzip.so
7ff4d4f20000-7ff4d5120000 ---p 0001a000 08:05 2636315                    /usr/local/jdk1.7.0_40/jre/lib/amd64/libzip.so
7ff4d5120000-7ff4d5121000 rw-p 0001a000 08:05 2636315                    /usr/local/jdk1.7.0_40/jre/lib/amd64/libzip.so
7ff4d5121000-7ff4d512c000 r-xp 00000000 08:05 2894758                    /lib/x86_64-linux-gnu/libnss_files-2.19.so
7ff4d512c000-7ff4d532b000 ---p 0000b000 08:05 2894758                    /lib/x86_64-linux-gnu/libnss_files-2.19.so
7ff4d532b000-7ff4d532c000 r--p 0000a000 08:05 2894758                    /lib/x86_64-linux-gnu/libnss_files-2.19.so
7ff4d532c000-7ff4d532d000 rw-p 0000b000 08:05 2894758                    /lib/x86_64-linux-gnu/libnss_files-2.19.so
7ff4d532d000-7ff4d5338000 r-xp 00000000 08:05 2894778                    /lib/x86_64-linux-gnu/libnss_nis-2.19.so
7ff4d5338000-7ff4d5537000 ---p 0000b000 08:05 2894778                    /lib/x86_64-linux-gnu/libnss_nis-2.19.so
7ff4d5537000-7ff4d5538000 r--p 0000a000 08:05 2894778                    /lib/x86_64-linux-gnu/libnss_nis-2.19.so
7ff4d5538000-7ff4d5539000 rw-p 0000b000 08:05 2894778                    /lib/x86_64-linux-gnu/libnss_nis-2.19.so
7ff4d5539000-7ff4d5550000 r-xp 00000000 08:05 2894767                    /lib/x86_64-linux-gnu/libnsl-2.19.so
7ff4d5550000-7ff4d574f000 ---p 00017000 08:05 2894767                    /lib/x86_64-linux-gnu/libnsl-2.19.so
7ff4d574f000-7ff4d5750000 r--p 00016000 08:05 2894767                    /lib/x86_64-linux-gnu/libnsl-2.19.so
7ff4d5750000-7ff4d5751000 rw-p 00017000 08:05 2894767                    /lib/x86_64-linux-gnu/libnsl-2.19.so
7ff4d5751000-7ff4d5753000 rw-p 00000000 00:00 0 
7ff4d5753000-7ff4d575c000 r-xp 00000000 08:05 2894766                    /lib/x86_64-linux-gnu/libnss_compat-2.19.so
7ff4d575c000-7ff4d595b000 ---p 00009000 08:05 2894766                    /lib/x86_64-linux-gnu/libnss_compat-2.19.so
7ff4d595b000-7ff4d595c000 r--p 00008000 08:05 2894766                    /lib/x86_64-linux-gnu/libnss_compat-2.19.so
7ff4d595c000-7ff4d595d000 rw-p 00009000 08:05 2894766                    /lib/x86_64-linux-gnu/libnss_compat-2.19.so
7ff4d595d000-7ff4d5986000 r-xp 00000000 08:05 2636298                    /usr/local/jdk1.7.0_40/jre/lib/amd64/libjava.so
7ff4d5986000-7ff4d5b86000 ---p 00029000 08:05 2636298                    /usr/local/jdk1.7.0_40/jre/lib/amd64/libjava.so
7ff4d5b86000-7ff4d5b88000 rw-p 00029000 08:05 2636298                    /usr/local/jdk1.7.0_40/jre/lib/amd64/libjava.so
7ff4d5b88000-7ff4d5b95000 r-xp 00000000 08:05 2636260                    /usr/local/jdk1.7.0_40/jre/lib/amd64/libverify.so
7ff4d5b95000-7ff4d5d94000 ---p 0000d000 08:05 2636260                    /usr/local/jdk1.7.0_40/jre/lib/amd64/libverify.so
7ff4d5d94000-7ff4d5d96000 rw-p 0000c000 08:05 2636260                    /usr/local/jdk1.7.0_40/jre/lib/amd64/libverify.so
7ff4d5d96000-7ff4d5d9d000 r-xp 00000000 08:05 2894775                    /lib/x86_64-linux-gnu/librt-2.19.so
7ff4d5d9d000-7ff4d5f9c000 ---p 00007000 08:05 2894775                    /lib/x86_64-linux-gnu/librt-2.19.so
7ff4d5f9c000-7ff4d5f9d000 r--p 00006000 08:05 2894775                    /lib/x86_64-linux-gnu/librt-2.19.so
7ff4d5f9d000-7ff4d5f9e000 rw-p 00007000 08:05 2894775                    /lib/x86_64-linux-gnu/librt-2.19.so
7ff4d5f9e000-7ff4d60a3000 r-xp 00000000 08:05 2894757                    /lib/x86_64-linux-gnu/libm-2.19.so
7ff4d60a3000-7ff4d62a2000 ---p 00105000 08:05 2894757                    /lib/x86_64-linux-gnu/libm-2.19.so
7ff4d62a2000-7ff4d62a3000 r--p 00104000 08:05 2894757                    /lib/x86_64-linux-gnu/libm-2.19.so
7ff4d62a3000-7ff4d62a4000 rw-p 00105000 08:05 2894757                    /lib/x86_64-linux-gnu/libm-2.19.so
7ff4d62a4000-7ff4d6e06000 r-xp 00000000 08:05 2636274                    /usr/local/jdk1.7.0_40/jre/lib/amd64/server/libjvm.so
7ff4d6e06000-7ff4d7006000 ---p 00b62000 08:05 2636274                    /usr/local/jdk1.7.0_40/jre/lib/amd64/server/libjvm.so
7ff4d7006000-7ff4d70c9000 rw-p 00b62000 08:05 2636274                    /usr/local/jdk1.7.0_40/jre/lib/amd64/server/libjvm.so
7ff4d70c9000-7ff4d710a000 rw-p 00000000 00:00 0 
7ff4d710a000-7ff4d72c5000 r-xp 00000000 08:05 2894772                    /lib/x86_64-linux-gnu/libc-2.19.so
7ff4d72c5000-7ff4d74c4000 ---p 001bb000 08:05 2894772                    /lib/x86_64-linux-gnu/libc-2.19.so
7ff4d74c4000-7ff4d74c8000 r--p 001ba000 08:05 2894772                    /lib/x86_64-linux-gnu/libc-2.19.so
7ff4d74c8000-7ff4d74ca000 rw-p 001be000 08:05 2894772                    /lib/x86_64-linux-gnu/libc-2.19.so
7ff4d74ca000-7ff4d74cf000 rw-p 00000000 00:00 0 
7ff4d74cf000-7ff4d74d2000 r-xp 00000000 08:05 2894761                    /lib/x86_64-linux-gnu/libdl-2.19.so
7ff4d74d2000-7ff4d76d1000 ---p 00003000 08:05 2894761                    /lib/x86_64-linux-gnu/libdl-2.19.so
7ff4d76d1000-7ff4d76d2000 r--p 00002000 08:05 2894761                    /lib/x86_64-linux-gnu/libdl-2.19.so
7ff4d76d2000-7ff4d76d3000 rw-p 00003000 08:05 2894761                    /lib/x86_64-linux-gnu/libdl-2.19.so
7ff4d76d3000-7ff4d76e9000 r-xp 00000000 08:05 2636289                    /usr/local/jdk1.7.0_40/jre/lib/amd64/jli/libjli.so
7ff4d76e9000-7ff4d78e9000 ---p 00016000 08:05 2636289                    /usr/local/jdk1.7.0_40/jre/lib/amd64/jli/libjli.so
7ff4d78e9000-7ff4d78ea000 rw-p 00016000 08:05 2636289                    /usr/local/jdk1.7.0_40/jre/lib/amd64/jli/libjli.so
7ff4d78ea000-7ff4d7903000 r-xp 00000000 08:05 2894773                    /lib/x86_64-linux-gnu/libpthread-2.19.so
7ff4d7903000-7ff4d7b02000 ---p 00019000 08:05 2894773                    /lib/x86_64-linux-gnu/libpthread-2.19.so
7ff4d7b02000-7ff4d7b03000 r--p 00018000 08:05 2894773                    /lib/x86_64-linux-gnu/libpthread-2.19.so
7ff4d7b03000-7ff4d7b04000 rw-p 00019000 08:05 2894773                    /lib/x86_64-linux-gnu/libpthread-2.19.so
7ff4d7b04000-7ff4d7b08000 rw-p 00000000 00:00 0 
7ff4d7b08000-7ff4d7b2b000 r-xp 00000000 08:05 2894769                    /lib/x86_64-linux-gnu/ld-2.19.so
7ff4d7b33000-7ff4d7b42000 r--s 000df000 08:05 1200912                    /home/mayank/android-sdk-linux/build-tools/23.0.2/lib/dx.jar
7ff4d7b42000-7ff4d7b4c000 rw-p 00000000 00:00 0 
7ff4d7b4c000-7ff4d7c02000 rw-p 00000000 00:00 0 
7ff4d7c02000-7ff4d7c05000 ---p 00000000 00:00 0 
7ff4d7c05000-7ff4d7d1e000 rw-p 00000000 00:00 0                          [stack:11557]
7ff4d7d1e000-7ff4d7d26000 rw-s 00000000 08:05 2519123                    /tmp/hsperfdata_mayank/11553
7ff4d7d26000-7ff4d7d27000 rw-p 00000000 00:00 0 
7ff4d7d27000-7ff4d7d28000 ---p 00000000 00:00 0 
7ff4d7d28000-7ff4d7d2a000 rw-p 00000000 00:00 0 
7ff4d7d2a000-7ff4d7d2b000 r--p 00022000 08:05 2894769                    /lib/x86_64-linux-gnu/ld-2.19.so
7ff4d7d2b000-7ff4d7d2c000 rw-p 00023000 08:05 2894769                    /lib/x86_64-linux-gnu/ld-2.19.so
7ff4d7d2c000-7ff4d7d2d000 rw-p 00000000 00:00 0 
7fffb3a56000-7fffb3a78000 rw-p 00000000 00:00 0                          [stack]
7fffb3b42000-7fffb3b44000 r-xp 00000000 00:00 0                          [vdso]
ffffffffff600000-ffffffffff601000 r-xp 00000000 00:00 0                  [vsyscall]

VM Arguments:
jvm_args: -Djava.awt.headless=true -Xmx1024M -Dfile.encoding=UTF-8 -Duser.country=IN -Duser.language=en -Duser.variant 
java_command: com.android.dx.command.Main --dex --num-threads=4 --output /home/mayank/android projects/Movies/app/build/intermediates/pre-dexed/release/com.android.support-support-v4-23.1.1_31502f776c2d32c68a0a203943bde6b13e94bedb.jar /home/mayank/android projects/Movies/app/build/intermediates/exploded-aar/com.android.support/support-v4/23.1.1/jars/classes.jar
Launcher Type: SUN_STANDARD

Environment Variables:
JAVA_HOME=/usr/local/java/jdk1.7.0_40
PATH=/usr/local/sbin:/usr/local/bin:/usr/sbin:/usr/bin:/sbin:/bin:/usr/games:/usr/local/games:/home/mayank/bin:/usr/local/java/jdk1.7.0_40/bin:/usr/local/jdk1.7.0_40/bin:/home/mayank/ns-allinone-2.35/xgraph-12.2/:/home/mayank/ns-allinone-2.35/bin/:/home/mayank/ns-allinone-2.35/tcl8.5.10/unix/:/home/mayank/ns-allinone-2.35/tk8.5.10/unix/:/home/mayank/ns-allinone-2.35/ns-2.35/:/home/mayank/ns-allinone-2.35/nam-1.15/:/home/mayank/omnetpp-4.6/bin:/apache-tomcat-7.0.62/lib/servlet-api.jar:/usr/local/apache-tomcat-8.0.23/
LD_LIBRARY_PATH=.::/home/mayank/ns-allinone-2.35/otcl-1.14:/home/mayank/ns-allinone-2.35/lib/:/usr/local/lib/
SHELL=/bin/bash
DISPLAY=:0

Signal Handlers:
SIGSEGV: [libjvm.so+0x992d50], sa_mask[0]=0x7ffbfeff, sa_flags=0x10000004
SIGBUS: [libjvm.so+0x992d50], sa_mask[0]=0x7ffbfeff, sa_flags=0x10000004
SIGFPE: [libjvm.so+0x80fb00], sa_mask[0]=0x7ffbfeff, sa_flags=0x10000004
SIGPIPE: [libjvm.so+0x80fb00], sa_mask[0]=0x7ffbfeff, sa_flags=0x10000004
SIGXFSZ: [libjvm.so+0x80fb00], sa_mask[0]=0x7ffbfeff, sa_flags=0x10000004
SIGILL: [libjvm.so+0x80fb00], sa_mask[0]=0x7ffbfeff, sa_flags=0x10000004
SIGUSR1: SIG_DFL, sa_mask[0]=0x00000000, sa_flags=0x00000000
SIGUSR2: [libjvm.so+0x810ff0], sa_mask[0]=0x00000004, sa_flags=0x10000004
SIGHUP: [libjvm.so+0x811f60], sa_mask[0]=0x7ffbfeff, sa_flags=0x10000004
SIGINT: [libjvm.so+0x811f60], sa_mask[0]=0x7ffbfeff, sa_flags=0x10000004
SIGTERM: [libjvm.so+0x811f60], sa_mask[0]=0x7ffbfeff, sa_flags=0x10000004
SIGQUIT: [libjvm.so+0x811f60], sa_mask[0]=0x7ffbfeff, sa_flags=0x10000004


---------------  S Y S T E M  ---------------

OS:jessie/sid

uname:Linux 3.13.0-46-generic #79-Ubuntu SMP Tue Mar 10 20:06:50 UTC 2015 x86_64
libc:glibc 2.19 NPTL 2.19 
rlimit: STACK 8192k, CORE 0k, NPROC 30704, NOFILE 4096, AS infinity
load average:18.17 8.58 6.61

/proc/meminfo:
MemTotal:        3951712 kB
MemFree:          114040 kB
Buffers:             772 kB
Cached:           381072 kB
SwapCached:            0 kB
Active:          3290096 kB
Inactive:         375924 kB
Active(anon):    3287940 kB
Inactive(anon):   343920 kB
Active(file):       2156 kB
Inactive(file):    32004 kB
Unevictable:          32 kB
Mlocked:              32 kB
SwapTotal:             0 kB
SwapFree:              0 kB
Dirty:               220 kB
Writeback:             0 kB
AnonPages:       3284380 kB
Mapped:            89632 kB
Shmem:            347556 kB
Slab:              73788 kB
SReclaimable:      34912 kB
SUnreclaim:        38876 kB
KernelStack:        4944 kB
PageTables:        41948 kB
NFS_Unstable:          0 kB
Bounce:                0 kB
WritebackTmp:          0 kB
CommitLimit:     1975856 kB
Committed_AS:    7443404 kB
VmallocTotal:   34359738367 kB
VmallocUsed:      347548 kB
VmallocChunk:   34359379544 kB
HardwareCorrupted:     0 kB
AnonHugePages:    999424 kB
HugePages_Total:       0
HugePages_Free:        0
HugePages_Rsvd:        0
HugePages_Surp:        0
Hugepagesize:       2048 kB
DirectMap4k:       92608 kB
DirectMap2M:     4005888 kB


CPU:total 4 (2 cores per cpu, 2 threads per core) family 6 model 42 stepping 7, cmov, cx8, fxsr, mmx, sse, sse2, sse3, ssse3, sse4.1, sse4.2, popcnt, avx, aes, ht, tsc, tscinvbit

/proc/cpuinfo:
processor	: 0
vendor_id	: GenuineIntel
cpu family	: 6
model		: 42
model name	: Intel(R) Core(TM) i5-2450M CPU @ 2.50GHz
stepping	: 7
microcode	: 0x1b
cpu MHz		: 2501.000
cache size	: 3072 KB
physical id	: 0
siblings	: 4
core id		: 0
cpu cores	: 2
apicid		: 0
initial apicid	: 0
fpu		: yes
fpu_exception	: yes
cpuid level	: 13
wp		: yes
flags		: fpu vme de pse tsc msr pae mce cx8 apic sep mtrr pge mca cmov pat pse36 clflush dts acpi mmx fxsr sse sse2 ss ht tm pbe syscall nx rdtscp lm constant_tsc arch_perfmon pebs bts rep_good nopl xtopology nonstop_tsc aperfmperf eagerfpu pni pclmulqdq dtes64 monitor ds_cpl vmx est tm2 ssse3 cx16 xtpr pdcm pcid sse4_1 sse4_2 x2apic popcnt tsc_deadline_timer aes xsave avx lahf_lm ida arat epb xsaveopt pln pts dtherm tpr_shadow vnmi flexpriority ept vpid
bogomips	: 4988.92
clflush size	: 64
cache_alignment	: 64
address sizes	: 36 bits physical, 48 bits virtual
power management:

processor	: 1
vendor_id	: GenuineIntel
cpu family	: 6
model		: 42
model name	: Intel(R) Core(TM) i5-2450M CPU @ 2.50GHz
stepping	: 7
microcode	: 0x1b
cpu MHz		: 2501.000
cache size	: 3072 KB
physical id	: 0
siblings	: 4
core id		: 1
cpu cores	: 2
apicid		: 2
initial apicid	: 2
fpu		: yes
fpu_exception	: yes
cpuid level	: 13
wp		: yes
flags		: fpu vme de pse tsc msr pae mce cx8 apic sep mtrr pge mca cmov pat pse36 clflush dts acpi mmx fxsr sse sse2 ss ht tm pbe syscall nx rdtscp lm constant_tsc arch_perfmon pebs bts rep_good nopl xtopology nonstop_tsc aperfmperf eagerfpu pni pclmulqdq dtes64 monitor ds_cpl vmx est tm2 ssse3 cx16 xtpr pdcm pcid sse4_1 sse4_2 x2apic popcnt tsc_deadline_timer aes xsave avx lahf_lm ida arat epb xsaveopt pln pts dtherm tpr_shadow vnmi flexpriority ept vpid
bogomips	: 4988.92
clflush size	: 64
cache_alignment	: 64
address sizes	: 36 bits physical, 48 bits virtual
power management:

processor	: 2
vendor_id	: GenuineIntel
cpu family	: 6
model		: 42
model name	: Intel(R) Core(TM) i5-2450M CPU @ 2.50GHz
stepping	: 7
microcode	: 0x1b
cpu MHz		: 2501.000
cache size	: 3072 KB
physical id	: 0
siblings	: 4
core id		: 0
cpu cores	: 2
apicid		: 1
initial apicid	: 1
fpu		: yes
fpu_exception	: yes
cpuid level	: 13
wp		: yes
flags		: fpu vme de pse tsc msr pae mce cx8 apic sep mtrr pge mca cmov pat pse36 clflush dts acpi mmx fxsr sse sse2 ss ht tm pbe syscall nx rdtscp lm constant_tsc arch_perfmon pebs bts rep_good nopl xtopology nonstop_tsc aperfmperf eagerfpu pni pclmulqdq dtes64 monitor ds_cpl vmx est tm2 ssse3 cx16 xtpr pdcm pcid sse4_1 sse4_2 x2apic popcnt tsc_deadline_timer aes xsave avx lahf_lm ida arat epb xsaveopt pln pts dtherm tpr_shadow vnmi flexpriority ept vpid
bogomips	: 4988.92
clflush size	: 64
cache_alignment	: 64
address sizes	: 36 bits physical, 48 bits virtual
power management:

processor	: 3
vendor_id	: GenuineIntel
cpu family	: 6
model		: 42
model name	: Intel(R) Core(TM) i5-2450M CPU @ 2.50GHz
stepping	: 7
microcode	: 0x1b
cpu MHz		: 2501.000
cache size	: 3072 KB
physical id	: 0
siblings	: 4
core id		: 1
cpu cores	: 2
apicid		: 3
initial apicid	: 3
fpu		: yes
fpu_exception	: yes
cpuid level	: 13
wp		: yes
flags		: fpu vme de pse tsc msr pae mce cx8 apic sep mtrr pge mca cmov pat pse36 clflush dts acpi mmx fxsr sse sse2 ss ht tm pbe syscall nx rdtscp lm constant_tsc arch_perfmon pebs bts rep_good nopl xtopology nonstop_tsc aperfmperf eagerfpu pni pclmulqdq dtes64 monitor ds_cpl vmx est tm2 ssse3 cx16 xtpr pdcm pcid sse4_1 sse4_2 x2apic popcnt tsc_deadline_timer aes xsave avx lahf_lm ida arat epb xsaveopt pln pts dtherm tpr_shadow vnmi flexpriority ept vpid
bogomips	: 4988.92
clflush size	: 64
cache_alignment	: 64
address sizes	: 36 bits physical, 48 bits virtual
power management:



Memory: 4k page, physical 3951712k(114040k free), swap 0k(0k free)

vm_info: Java HotSpot(TM) 64-Bit Server VM (24.0-b56) for linux-amd64 JRE (1.7.0_40-b43), built on Aug 26 2013 23:53:33 by "java_re" with gcc 4.3.0 20080428 (Red Hat 4.3.0-8)

time: Sat Feb 13 03:21:20 2016
elapsed time: 45 seconds

