#
# There is insufficient memory for the Java Runtime Environment to continue.
# Native memory allocation (malloc) failed to allocate 98566144 bytes for committing reserved memory.
# Possible reasons:
#   The system is out of physical RAM or swap space
#   In 32 bit mode, the process size limit was hit
# Possible solutions:
#   Reduce memory load on the system
#   Increase physical memory or swap space
#   Check if swap backing store is full
#   Use 64 bit Java on a 64 bit OS
#   Decrease Java heap size (-Xmx/-Xms)
#   Decrease number of Java threads
#   Decrease Java thread stack sizes (-Xss)
#   Set larger code cache with -XX:ReservedCodeCacheSize=
# This output file may be truncated or incomplete.
#
#  Out of Memory Error (os_linux.cpp:2809), pid=8427, tid=140569790351104
#
# JRE version: OpenJDK Runtime Environment (7.0_79-b14) (build 1.7.0_79-b14)
# Java VM: OpenJDK 64-Bit Server VM (24.79-b02 mixed mode linux-amd64 compressed oops)
# Derivative: IcedTea 2.5.5
# Distribution: Ubuntu 14.04 LTS, package 7u79-2.5.5-0ubuntu0.14.04.2
# Failed to write core dump. Core dumps have been disabled. To enable core dumping, try "ulimit -c unlimited" before starting Java again
#

---------------  T H R E A D  ---------------

Current thread (0x00007fd8fc076000):  VMThread [stack: 0x00007fd8f45b8000,0x00007fd8f46b9000] [id=8449]

Stack: [0x00007fd8f45b8000,0x00007fd8f46b9000],  sp=0x00007fd8f46b7490,  free space=1021k
Native frames: (J=compiled Java code, j=interpreted, Vv=VM code, C=native code)
V  [libjvm.so+0x94aec5]  VMError::report_and_die()+0x175
V  [libjvm.so+0x48b9c4]  report_vm_out_of_memory(char const*, int, unsigned long, char const*)+0x74
V  [libjvm.so+0x7c806b]  os::pd_commit_memory(char*, unsigned long, unsigned long, bool)+0xeb
V  [libjvm.so+0x7c2b0f]  os::commit_memory(char*, unsigned long, unsigned long, bool)+0x1f
V  [libjvm.so+0x83500b]  PSVirtualSpace::expand_by(unsigned long)+0x5b
V  [libjvm.so+0x824d5b]  PSOldGen::expand_by(unsigned long) [clone .part.80]+0x1b
V  [libjvm.so+0x824f1b]  PSOldGen::expand(unsigned long) [clone .part.81]+0xdb
V  [libjvm.so+0x825e48]  PSOldGen::resize(unsigned long)+0x188
V  [libjvm.so+0x82cf14]  PSParallelCompact::invoke_no_policy(bool)+0x9c4
V  [libjvm.so+0x83314d]  PSScavenge::invoke()+0x17d
V  [libjvm.so+0x7e96f3]  ParallelScavengeHeap::failed_mem_allocate(unsigned long)+0x63
V  [libjvm.so+0x94c8c4]  VM_ParallelGCFailedAllocation::doit()+0x84
V  [libjvm.so+0x950dc7]  VM_Operation::evaluate()+0x47
V  [libjvm.so+0x94f738]  VMThread::evaluate_operation(VM_Operation*)+0x318
V  [libjvm.so+0x94fb99]  VMThread::loop()+0x219
V  [libjvm.so+0x94ffe2]  VMThread::run()+0x72
V  [libjvm.so+0x7c4f32]  java_start(Thread*)+0xf2

VM_Operation (0x00007fd8ddc990e0): ParallelGCFailedAllocation, mode: safepoint, requested by thread 0x00007fd8fc1d2000


---------------  P R O C E S S  ---------------

Java Threads: ( => current thread )
  0x00007fd8fc1d4000 JavaThread "pool-1-thread-4" [_thread_blocked, id=8495, stack(0x00007fd8dda99000,0x00007fd8ddb9a000)]
  0x00007fd8fc1d2000 JavaThread "pool-1-thread-3" [_thread_blocked, id=8494, stack(0x00007fd8ddb9a000,0x00007fd8ddc9b000)]
  0x00007fd8fc1d1000 JavaThread "pool-1-thread-2" [_thread_blocked, id=8493, stack(0x00007fd8ddc9b000,0x00007fd8ddd9c000)]
  0x00007fd8fc1cd000 JavaThread "pool-2-thread-1" [_thread_blocked, id=8492, stack(0x00007fd8ddd9c000,0x00007fd8dde9d000)]
  0x00007fd8fc1c7800 JavaThread "pool-1-thread-1" [_thread_blocked, id=8491, stack(0x00007fd8dde9d000,0x00007fd8ddf9e000)]
  0x00007fd8fc0b0800 JavaThread "Service Thread" daemon [_thread_blocked, id=8468, stack(0x00007fd8df81d000,0x00007fd8df91e000)]
  0x00007fd8fc0ae000 JavaThread "C2 CompilerThread1" daemon [_thread_blocked, id=8467, stack(0x00007fd8f40b3000,0x00007fd8f41b4000)]
  0x00007fd8fc0ab000 JavaThread "C2 CompilerThread0" daemon [_thread_blocked, id=8466, stack(0x00007fd8f41b4000,0x00007fd8f42b5000)]
  0x00007fd8fc0a9000 JavaThread "Signal Dispatcher" daemon [_thread_blocked, id=8465, stack(0x00007fd8f42b5000,0x00007fd8f43b6000)]
  0x00007fd8fc07c800 JavaThread "Finalizer" daemon [_thread_blocked, id=8452, stack(0x00007fd8f43b6000,0x00007fd8f44b7000)]
  0x00007fd8fc07a000 JavaThread "Reference Handler" daemon [_thread_blocked, id=8451, stack(0x00007fd8f44b7000,0x00007fd8f45b8000)]
  0x00007fd8fc00a800 JavaThread "main" [_thread_blocked, id=8431, stack(0x00007fd902ccf000,0x00007fd902dd0000)]

Other Threads:
=>0x00007fd8fc076000 VMThread [stack: 0x00007fd8f45b8000,0x00007fd8f46b9000] [id=8449]
  0x00007fd8fc0bb000 WatcherThread [stack: 0x00007fd8df71c000,0x00007fd8df81d000] [id=8469]

VM state:at safepoint (normal execution)

VM Mutex/Monitor currently owned by a thread:  ([mutex/lock_event])
[0x00007fd8fc0064a0] ExpandHeap_lock - owner thread: 0x00007fd8fc076000
[0x00007fd8fc006b20] Threads_lock - owner thread: 0x00007fd8fc076000
[0x00007fd8fc007020] Heap_lock - owner thread: 0x00007fd8fc1d2000

Heap
 PSYoungGen      total 221184K, used 18415K [0x00000000eaa80000, 0x00000000ff880000, 0x0000000100000000)
  eden space 174592K, 0% used [0x00000000eaa80000,0x00000000eaa80000,0x00000000f5500000)
  from space 46592K, 39% used [0x00000000fcb00000,0x00000000fdcfbe98,0x00000000ff880000)
  to   space 73216K, 0% used [0x00000000f6980000,0x00000000f6980000,0x00000000fb100000)
 ParOldGen       total 134144K, used 133662K [0x00000000c0000000, 0x00000000c8300000, 0x00000000eaa80000)
  object space 134144K, 99% used [0x00000000c0000000,0x00000000c8287b40,0x00000000c8300000)
 PSPermGen       total 21504K, used 6285K [0x00000000b5a00000, 0x00000000b6f00000, 0x00000000c0000000)
  object space 21504K, 29% used [0x00000000b5a00000,0x00000000b60235b0,0x00000000b6f00000)

Card table byte_map: [0x00007fd8f8571000,0x00007fd8f87c5000] byte_map_base: 0x00007fd8f7fc4000

Polling page: 0x00007fd902df4000

Code Cache  [0x00007fd8f87c5000, 0x00007fd8f8a35000, 0x00007fd8fb7c5000)
 total_blobs=539 nmethods=308 adapters=184 free_code_cache=47680Kb largest_free_block=48773248

Compilation events (10 events):
Event: 79.342 Thread 0x00007fd8fc0ab000 nmethod 305 0x00007fd8f8926790 code [0x00007fd8f89268c0, 0x00007fd8f8926918]
Event: 79.342 Thread 0x00007fd8fc0ab000  306             com.android.dx.ssa.SsaRenamer$BlockRenamer::updateSuccessorPhis (64 bytes)
Event: 79.514 Thread 0x00007fd8fc0ab000 nmethod 306 0x00007fd8f88ea690 code [0x00007fd8f88ea820, 0x00007fd8f88eaca8]
Event: 79.514 Thread 0x00007fd8fc0ab000  307             java.lang.StringBuilder::append (8 bytes)
Event: 79.606 Thread 0x00007fd8fc0ab000 nmethod 307 0x00007fd8f88e9150 code [0x00007fd8f88e92c0, 0x00007fd8f88e9678]
Event: 79.606 Thread 0x00007fd8fc0ab000  308             java.util.TreeMap::put (247 bytes)
Event: 79.964 Thread 0x00007fd8fc0ab000 nmethod 308 0x00007fd8f890da50 code [0x00007fd8f890dc20, 0x00007fd8f890e608]
Event: 79.964 Thread 0x00007fd8fc0ab000  309             com.android.dx.rop.code.BasicBlockList::getInstructionCount (48 bytes)
Event: 80.031 Thread 0x00007fd8fc0ab000 nmethod 309 0x00007fd8f890d450 code [0x00007fd8f890d5c0, 0x00007fd8f890d7b8]
Event: 80.031 Thread 0x00007fd8fc0ab000  310             com.android.dx.dex.code.RopTranslator::pickOrder (400 bytes)

GC Heap History (10 events):
Event: 39.936 GC heap after
Heap after GC invocations=5 (full 0):
 PSYoungGen      total 66048K, used 2528K [0x00000000eaa80000, 0x00000000f4280000, 0x0000000100000000)
  eden space 63488K, 0% used [0x00000000eaa80000,0x00000000eaa80000,0x00000000ee880000)
  from space 2560K, 98% used [0x00000000ee880000,0x00000000eeaf8028,0x00000000eeb00000)
  to   space 14336K, 0% used [0x00000000f3480000,0x00000000f3480000,0x00000000f4280000)
 ParOldGen       total 40960K, used 19493K [0x00000000c0000000, 0x00000000c2800000, 0x00000000eaa80000)
  object space 40960K, 47% used [0x00000000c0000000,0x00000000c1309418,0x00000000c2800000)
 PSPermGen       total 21504K, used 6224K [0x00000000b5a00000, 0x00000000b6f00000, 0x00000000c0000000)
  object space 21504K, 28% used [0x00000000b5a00000,0x00000000b6014228,0x00000000b6f00000)
}
Event: 49.771 GC heap before
{Heap before GC invocations=6 (full 0):
 PSYoungGen      total 66048K, used 66016K [0x00000000eaa80000, 0x00000000f4280000, 0x0000000100000000)
  eden space 63488K, 100% used [0x00000000eaa80000,0x00000000ee880000,0x00000000ee880000)
  from space 2560K, 98% used [0x00000000ee880000,0x00000000eeaf8028,0x00000000eeb00000)
  to   space 14336K, 0% used [0x00000000f3480000,0x00000000f3480000,0x00000000f4280000)
 ParOldGen       total 40960K, used 19493K [0x00000000c0000000, 0x00000000c2800000, 0x00000000eaa80000)
  object space 40960K, 47% used [0x00000000c0000000,0x00000000c1309418,0x00000000c2800000)
 PSPermGen       total 21504K, used 6265K [0x00000000b5a00000, 0x00000000b6f00000, 0x00000000c0000000)
  object space 21504K, 29% used [0x00000000b5a00000,0x00000000b601e640,0x00000000b6f00000)
Event: 50.085 GC heap after
Heap after GC invocations=6 (full 0):
 PSYoungGen      total 138752K, used 12391K [0x00000000eaa80000, 0x00000000f4780000, 0x0000000100000000)
  eden space 124416K, 0% used [0x00000000eaa80000,0x00000000eaa80000,0x00000000f2400000)
  from space 14336K, 86% used [0x00000000f3480000,0x00000000f4099db0,0x00000000f4280000)
  to   space 16896K, 0% used [0x00000000f2400000,0x00000000f2400000,0x00000000f3480000)
 ParOldGen       total 40960K, used 19493K [0x00000000c0000000, 0x00000000c2800000, 0x00000000eaa80000)
  object space 40960K, 47% used [0x00000000c0000000,0x00000000c1309418,0x00000000c2800000)
 PSPermGen       total 21504K, used 6265K [0x00000000b5a00000, 0x00000000b6f00000, 0x00000000c0000000)
  object space 21504K, 29% used [0x00000000b5a00000,0x00000000b601e640,0x00000000b6f00000)
}
Event: 72.380 GC heap before
{Heap before GC invocations=7 (full 0):
 PSYoungGen      total 138752K, used 136807K [0x00000000eaa80000, 0x00000000f4780000, 0x0000000100000000)
  eden space 124416K, 100% used [0x00000000eaa80000,0x00000000f2400000,0x00000000f2400000)
  from space 14336K, 86% used [0x00000000f3480000,0x00000000f4099db0,0x00000000f4280000)
  to   space 16896K, 0% used [0x00000000f2400000,0x00000000f2400000,0x00000000f3480000)
 ParOldGen       total 40960K, used 19493K [0x00000000c0000000, 0x00000000c2800000, 0x00000000eaa80000)
  object space 40960K, 47% used [0x00000000c0000000,0x00000000c1309418,0x00000000c2800000)
 PSPermGen       total 21504K, used 6287K [0x00000000b5a00000, 0x00000000b6f00000, 0x00000000c0000000)
  object space 21504K, 29% used [0x00000000b5a00000,0x00000000b6023ec0,0x00000000b6f00000)
Event: 73.302 GC heap after
Heap after GC invocations=7 (full 0):
 PSYoungGen      total 141312K, used 16880K [0x00000000eaa80000, 0x00000000ff880000, 0x0000000100000000)
  eden space 124416K, 0% used [0x00000000eaa80000,0x00000000eaa80000,0x00000000f2400000)
  from space 16896K, 99% used [0x00000000f2400000,0x00000000f347c1f0,0x00000000f3480000)
  to   space 46592K, 0% used [0x00000000fcb00000,0x00000000fcb00000,0x00000000ff880000)
 ParOldGen       total 72192K, used 71987K [0x00000000c0000000, 0x00000000c4680000, 0x00000000eaa80000)
  object space 72192K, 99% used [0x00000000c0000000,0x00000000c464ce30,0x00000000c4680000)
 PSPermGen       total 21504K, used 6287K [0x00000000b5a00000, 0x00000000b6f00000, 0x00000000c0000000)
  object space 21504K, 29% used [0x00000000b5a00000,0x00000000b6023ec0,0x00000000b6f00000)
}
Event: 73.302 GC heap before
{Heap before GC invocations=8 (full 1):
 PSYoungGen      total 141312K, used 16880K [0x00000000eaa80000, 0x00000000ff880000, 0x0000000100000000)
  eden space 124416K, 0% used [0x00000000eaa80000,0x00000000eaa80000,0x00000000f2400000)
  from space 16896K, 99% used [0x00000000f2400000,0x00000000f347c1f0,0x00000000f3480000)
  to   space 46592K, 0% used [0x00000000fcb00000,0x00000000fcb00000,0x00000000ff880000)
 ParOldGen       total 72192K, used 71987K [0x00000000c0000000, 0x00000000c4680000, 0x00000000eaa80000)
  object space 72192K, 99% used [0x00000000c0000000,0x00000000c464ce30,0x00000000c4680000)
 PSPermGen       total 21504K, used 6287K [0x00000000b5a00000, 0x00000000b6f00000, 0x00000000c0000000)
  object space 21504K, 29% used [0x00000000b5a00000,0x00000000b6023ec0,0x00000000b6f00000)
Event: 79.139 GC heap after
Heap after GC invocations=8 (full 1):
 PSYoungGen      total 141312K, used 13699K [0x00000000eaa80000, 0x00000000ff880000, 0x0000000100000000)
  eden space 124416K, 0% used [0x00000000eaa80000,0x00000000eaa80000,0x00000000f2400000)
  from space 16896K, 81% used [0x00000000f2400000,0x00000000f3160ce8,0x00000000f3480000)
  to   space 46592K, 0% used [0x00000000fcb00000,0x00000000fcb00000,0x00000000ff880000)
 ParOldGen       total 134144K, used 71970K [0x00000000c0000000, 0x00000000c8300000, 0x00000000eaa80000)
  object space 134144K, 53% used [0x00000000c0000000,0x00000000c46489c8,0x00000000c8300000)
 PSPermGen       total 21504K, used 6285K [0x00000000b5a00000, 0x00000000b6f00000, 0x00000000c0000000)
  object space 21504K, 29% used [0x00000000b5a00000,0x00000000b60235b0,0x00000000b6f00000)
}
Event: 80.351 GC heap before
{Heap before GC invocations=9 (full 1):
 PSYoungGen      total 141312K, used 138115K [0x00000000eaa80000, 0x00000000ff880000, 0x0000000100000000)
  eden space 124416K, 100% used [0x00000000eaa80000,0x00000000f2400000,0x00000000f2400000)
  from space 16896K, 81% used [0x00000000f2400000,0x00000000f3160ce8,0x00000000f3480000)
  to   space 46592K, 0% used [0x00000000fcb00000,0x00000000fcb00000,0x00000000ff880000)
 ParOldGen       total 134144K, used 71970K [0x00000000c0000000, 0x00000000c8300000, 0x00000000eaa80000)
  object space 134144K, 53% used [0x00000000c0000000,0x00000000c46489c8,0x00000000c8300000)
 PSPermGen       total 21504K, used 6285K [0x00000000b5a00000, 0x00000000b6f00000, 0x00000000c0000000)
  object space 21504K, 29% used [0x00000000b5a00000,0x00000000b60235b0,0x00000000b6f00000)
Event: 81.314 GC heap after
Heap after GC invocations=9 (full 1):
 PSYoungGen      total 221184K, used 46570K [0x00000000eaa80000, 0x00000000ff880000, 0x0000000100000000)
  eden space 174592K, 0% used [0x00000000eaa80000,0x00000000eaa80000,0x00000000f5500000)
  from space 46592K, 99% used [0x00000000fcb00000,0x00000000ff87aa70,0x00000000ff880000)
  to   space 73216K, 0% used [0x00000000f6980000,0x00000000f6980000,0x00000000fb100000)
 ParOldGen       total 134144K, used 110837K [0x00000000c0000000, 0x00000000c8300000, 0x00000000eaa80000)
  object space 134144K, 82% used [0x00000000c0000000,0x00000000c6c3d5d0,0x00000000c8300000)
 PSPermGen       total 21504K, used 6285K [0x00000000b5a00000, 0x00000000b6f00000, 0x00000000c0000000)
  object space 21504K, 29% used [0x00000000b5a00000,0x00000000b60235b0,0x00000000b6f00000)
}
Event: 81.314 GC heap before
{Heap before GC invocations=10 (full 2):
 PSYoungGen      total 221184K, used 46570K [0x00000000eaa80000, 0x00000000ff880000, 0x0000000100000000)
  eden space 174592K, 0% used [0x00000000eaa80000,0x00000000eaa80000,0x00000000f5500000)
  from space 46592K, 99% used [0x00000000fcb00000,0x00000000ff87aa70,0x00000000ff880000)
  to   space 73216K, 0% used [0x00000000f6980000,0x00000000f6980000,0x00000000fb100000)
 ParOldGen       total 134144K, used 110837K [0x00000000c0000000, 0x00000000c8300000, 0x00000000eaa80000)
  object space 134144K, 82% used [0x00000000c0000000,0x00000000c6c3d5d0,0x00000000c8300000)
 PSPermGen       total 21504K, used 6285K [0x00000000b5a00000, 0x00000000b6f00000, 0x00000000c0000000)
  object space 21504K, 29% used [0x00000000b5a00000,0x00000000b60235b0,0x00000000b6f00000)

Deoptimization events (10 events):
Event: 8.754 Thread 0x00007fd8fc00a800 Uncommon trap: reason=class_check action=maybe_recompile pc=0x00007fd8f8843788 method=com.android.dx.ssa.NormalSsaInsn.accept(Lcom/android/dx/ssa/SsaInsn$Visitor;)V @ 9
Event: 9.067 Thread 0x00007fd8fc00a800 Uncommon trap: reason=class_check action=maybe_recompile pc=0x00007fd8f8864450 method=com.android.dx.ssa.NormalSsaInsn.accept(Lcom/android/dx/ssa/SsaInsn$Visitor;)V @ 9
Event: 9.263 Thread 0x00007fd8fc00a800 Uncommon trap: reason=class_check action=maybe_recompile pc=0x00007fd8f8864450 method=com.android.dx.ssa.NormalSsaInsn.accept(Lcom/android/dx/ssa/SsaInsn$Visitor;)V @ 9
Event: 9.263 Thread 0x00007fd8fc00a800 Uncommon trap: reason=class_check action=maybe_recompile pc=0x00007fd8f8843788 method=com.android.dx.ssa.NormalSsaInsn.accept(Lcom/android/dx/ssa/SsaInsn$Visitor;)V @ 9
Event: 28.022 Thread 0x00007fd8fc00a800 Uncommon trap: reason=null_check action=make_not_entrant pc=0x00007fd8f88a4144 method=com.android.dx.rop.type.Type.putIntern(Lcom/android/dx/rop/type/Type;)Lcom/android/dx/rop/type/Type; @ 18
Event: 37.379 Thread 0x00007fd8fc1d2000 Uncommon trap: reason=class_check action=maybe_recompile pc=0x00007fd8f88d1fc8 method=com.android.dx.ssa.SCCP.simulateBranch(Lcom/android/dx/ssa/SsaInsn;)V @ 145
Event: 46.982 Thread 0x00007fd8fc1c7800 Uncommon trap: reason=class_check action=maybe_recompile pc=0x00007fd8f88d1fc8 method=com.android.dx.ssa.SCCP.simulateBranch(Lcom/android/dx/ssa/SsaInsn;)V @ 145
Event: 50.322 Thread 0x00007fd8fc1d2000 Uncommon trap: reason=class_check action=maybe_recompile pc=0x00007fd8f88d1fc8 method=com.android.dx.ssa.SCCP.simulateBranch(Lcom/android/dx/ssa/SsaInsn;)V @ 145
Event: 51.286 Thread 0x00007fd8fc1c7800 Uncommon trap: reason=null_check action=make_not_entrant pc=0x00007fd8f8902dd4 method=com.android.dx.cf.code.Ropper$CatchInfo.getSetup(Lcom/android/dx/rop/type/Type;)Lcom/android/dx/cf/code/Ropper$ExceptionHandlerSetup; @ 10
Event: 70.833 Thread 0x00007fd8fc00a800 Uncommon trap: reason=class_check action=maybe_recompile pc=0x00007fd8f887f1b4 method=com.android.dx.ssa.SsaConverter.placePhiFunctions(Lcom/android/dx/ssa/SsaMethod;Lcom/android/dx/ssa/LocalVariableInfo;I)V @ 257

Internal exceptions (10 events):
Event: 11.046 Thread 0x00007fd8fc1c7800 Threw 0x00000000ebc36358 at /build/buildd/openjdk-7-7u79-2.5.5/build/openjdk/hotspot/src/share/vm/prims/jvm.cpp:1284
Event: 11.073 Thread 0x00007fd8fc1c7800 Threw 0x00000000ebc3c3b0 at /build/buildd/openjdk-7-7u79-2.5.5/build/openjdk/hotspot/src/share/vm/prims/jvm.cpp:1284
Event: 11.076 Thread 0x00007fd8fc1c7800 Threw 0x00000000ebc42260 at /build/buildd/openjdk-7-7u79-2.5.5/build/openjdk/hotspot/src/share/vm/prims/jvm.cpp:1284
Event: 24.123 Thread 0x00007fd8fc00a800 Threw 0x00000000ec700f60 at /build/buildd/openjdk-7-7u79-2.5.5/build/openjdk/hotspot/src/share/vm/prims/jvm.cpp:1284
Event: 27.675 Thread 0x00007fd8fc00a800 Threw 0x00000000eb3f16c0 at /build/buildd/openjdk-7-7u79-2.5.5/build/openjdk/hotspot/src/share/vm/prims/jvm.cpp:1284
Event: 28.022 Thread 0x00007fd8fc00a800 Implicit null exception at 0x00007fd8f88a3a03 to 0x00007fd8f88a4135
Event: 31.505 Thread 0x00007fd8fc1d1000 Threw 0x00000000ec5fea48 at /build/buildd/openjdk-7-7u79-2.5.5/build/openjdk/hotspot/src/share/vm/prims/jvm.cpp:1284
Event: 51.286 Thread 0x00007fd8fc1c7800 Implicit null exception at 0x00007fd8f88ff2b9 to 0x00007fd8f8902d95
Event: 70.613 Thread 0x00007fd8fc00a800 Threw 0x00000000f17486e8 at /build/buildd/openjdk-7-7u79-2.5.5/build/openjdk/hotspot/src/share/vm/prims/jvm.cpp:1284
Event: 70.834 Thread 0x00007fd8fc00a800 Threw 0x00000000f1826420 at /build/buildd/openjdk-7-7u79-2.5.5/build/openjdk/hotspot/src/share/vm/prims/jvm.cpp:1284

Events (10 events):
Event: 70.613 loading class 0x00007fd8fc1d9fa0
Event: 70.613 loading class 0x00007fd8fc1d9fa0 done
Event: 70.833 Thread 0x00007fd8fc00a800 Uncommon trap: trap_request=0xffffffde fr.pc=0x00007fd8f887f1b4
Event: 70.833 Thread 0x00007fd8fc00a800 DEOPT PACKING pc=0x00007fd8f887f1b4 sp=0x00007fd902dcda70
Event: 70.834 Thread 0x00007fd8fc00a800 DEOPT UNPACKING pc=0x00007fd8f87fe445 sp=0x00007fd902dcda30 mode 2
Event: 70.834 loading class 0x00007fd8fc1da480
Event: 70.834 loading class 0x00007fd8fc1da480 done
Event: 72.363 Executing VM operation: ParallelGCFailedAllocation
Event: 79.156 Executing VM operation: ParallelGCFailedAllocation done
Event: 80.310 Executing VM operation: ParallelGCFailedAllocation


Dynamic libraries:
00400000-00401000 r-xp 00000000 08:05 2642243                            /usr/lib/jvm/java-7-openjdk-amd64/jre/bin/java
00600000-00601000 r--p 00000000 08:05 2642243                            /usr/lib/jvm/java-7-openjdk-amd64/jre/bin/java
00601000-00602000 rw-p 00001000 08:05 2642243                            /usr/lib/jvm/java-7-openjdk-amd64/jre/bin/java
00e48000-00e69000 rw-p 00000000 00:00 0                                  [heap]
b5a00000-b6f00000 rw-p 00000000 00:00 0 
b6f00000-c0000000 rw-p 00000000 00:00 0 
c0000000-c8300000 rw-p 00000000 00:00 0 
ce100000-eaa80000 rw-p 00000000 00:00 0 
eaa80000-ff880000 rw-p 00000000 00:00 0 
ff880000-100000000 rw-p 00000000 00:00 0 
7fd8ac000000-7fd8ac021000 rw-p 00000000 00:00 0 
7fd8ac021000-7fd8b0000000 ---p 00000000 00:00 0 
7fd8b0000000-7fd8b0021000 rw-p 00000000 00:00 0 
7fd8b0021000-7fd8b4000000 ---p 00000000 00:00 0 
7fd8b4000000-7fd8b4021000 rw-p 00000000 00:00 0 
7fd8b4021000-7fd8b8000000 ---p 00000000 00:00 0 
7fd8b8000000-7fd8b8022000 rw-p 00000000 00:00 0 
7fd8b8022000-7fd8bc000000 ---p 00000000 00:00 0 
7fd8bc000000-7fd8bc021000 rw-p 00000000 00:00 0 
7fd8bc021000-7fd8c0000000 ---p 00000000 00:00 0 
7fd8c0000000-7fd8c0032000 rw-p 00000000 00:00 0 
7fd8c0032000-7fd8c4000000 ---p 00000000 00:00 0 
7fd8c4000000-7fd8c5d6e000 rw-p 00000000 00:00 0 
7fd8c5d6e000-7fd8c8000000 ---p 00000000 00:00 0 
7fd8c8000000-7fd8c8021000 rw-p 00000000 00:00 0 
7fd8c8021000-7fd8cc000000 ---p 00000000 00:00 0 
7fd8cc000000-7fd8cc021000 rw-p 00000000 00:00 0 
7fd8cc021000-7fd8d0000000 ---p 00000000 00:00 0 
7fd8d0000000-7fd8d1a0c000 rw-p 00000000 00:00 0 
7fd8d1a0c000-7fd8d4000000 ---p 00000000 00:00 0 
7fd8d4000000-7fd8d4021000 rw-p 00000000 00:00 0 
7fd8d4021000-7fd8d8000000 ---p 00000000 00:00 0 
7fd8d8000000-7fd8d8021000 rw-p 00000000 00:00 0 
7fd8d8021000-7fd8dc000000 ---p 00000000 00:00 0 
7fd8dda99000-7fd8dda9c000 ---p 00000000 00:00 0 
7fd8dda9c000-7fd8ddb9a000 rw-p 00000000 00:00 0                          [stack:8495]
7fd8ddb9a000-7fd8ddb9d000 ---p 00000000 00:00 0 
7fd8ddb9d000-7fd8ddc9b000 rw-p 00000000 00:00 0                          [stack:8494]
7fd8ddc9b000-7fd8ddc9e000 ---p 00000000 00:00 0 
7fd8ddc9e000-7fd8ddd9c000 rw-p 00000000 00:00 0                          [stack:8493]
7fd8ddd9c000-7fd8ddd9f000 ---p 00000000 00:00 0 
7fd8ddd9f000-7fd8dde9d000 rw-p 00000000 00:00 0                          [stack:8492]
7fd8dde9d000-7fd8ddea0000 ---p 00000000 00:00 0 
7fd8ddea0000-7fd8ddf9e000 rw-p 00000000 00:00 0                          [stack:8491]
7fd8ddf9e000-7fd8ddfdb000 r-xp 00000000 08:05 2887801                    /lib/x86_64-linux-gnu/libpcre.so.3.13.1
7fd8ddfdb000-7fd8de1da000 ---p 0003d000 08:05 2887801                    /lib/x86_64-linux-gnu/libpcre.so.3.13.1
7fd8de1da000-7fd8de1db000 r--p 0003c000 08:05 2887801                    /lib/x86_64-linux-gnu/libpcre.so.3.13.1
7fd8de1db000-7fd8de1dc000 rw-p 0003d000 08:05 2887801                    /lib/x86_64-linux-gnu/libpcre.so.3.13.1
7fd8de1dc000-7fd8de1e3000 r-xp 00000000 08:05 2631203                    /usr/lib/x86_64-linux-gnu/libffi.so.6.0.1
7fd8de1e3000-7fd8de3e2000 ---p 00007000 08:05 2631203                    /usr/lib/x86_64-linux-gnu/libffi.so.6.0.1
7fd8de3e2000-7fd8de3e3000 r--p 00006000 08:05 2631203                    /usr/lib/x86_64-linux-gnu/libffi.so.6.0.1
7fd8de3e3000-7fd8de3e4000 rw-p 00007000 08:05 2631203                    /usr/lib/x86_64-linux-gnu/libffi.so.6.0.1
7fd8de3e4000-7fd8de3fb000 r-xp 00000000 08:05 2894756                    /lib/x86_64-linux-gnu/libresolv-2.19.so
7fd8de3fb000-7fd8de5fb000 ---p 00017000 08:05 2894756                    /lib/x86_64-linux-gnu/libresolv-2.19.so
7fd8de5fb000-7fd8de5fc000 r--p 00017000 08:05 2894756                    /lib/x86_64-linux-gnu/libresolv-2.19.so
7fd8de5fc000-7fd8de5fd000 rw-p 00018000 08:05 2894756                    /lib/x86_64-linux-gnu/libresolv-2.19.so
7fd8de5fd000-7fd8de5ff000 rw-p 00000000 00:00 0 
7fd8de5ff000-7fd8de61f000 r-xp 00000000 08:05 2884563                    /lib/x86_64-linux-gnu/libselinux.so.1
7fd8de61f000-7fd8de81e000 ---p 00020000 08:05 2884563                    /lib/x86_64-linux-gnu/libselinux.so.1
7fd8de81e000-7fd8de81f000 r--p 0001f000 08:05 2884563                    /lib/x86_64-linux-gnu/libselinux.so.1
7fd8de81f000-7fd8de820000 rw-p 00020000 08:05 2884563                    /lib/x86_64-linux-gnu/libselinux.so.1
7fd8de820000-7fd8de822000 rw-p 00000000 00:00 0 
7fd8de822000-7fd8de825000 r-xp 00000000 08:05 2621804                    /usr/lib/x86_64-linux-gnu/libgmodule-2.0.so.0.4002.0
7fd8de825000-7fd8dea24000 ---p 00003000 08:05 2621804                    /usr/lib/x86_64-linux-gnu/libgmodule-2.0.so.0.4002.0
7fd8dea24000-7fd8dea25000 r--p 00002000 08:05 2621804                    /usr/lib/x86_64-linux-gnu/libgmodule-2.0.so.0.4002.0
7fd8dea25000-7fd8dea26000 rw-p 00003000 08:05 2621804                    /usr/lib/x86_64-linux-gnu/libgmodule-2.0.so.0.4002.0
7fd8dea26000-7fd8deb2c000 r-xp 00000000 08:05 2887662                    /lib/x86_64-linux-gnu/libglib-2.0.so.0.4002.0
7fd8deb2c000-7fd8ded2b000 ---p 00106000 08:05 2887662                    /lib/x86_64-linux-gnu/libglib-2.0.so.0.4002.0
7fd8ded2b000-7fd8ded2c000 r--p 00105000 08:05 2887662                    /lib/x86_64-linux-gnu/libglib-2.0.so.0.4002.0
7fd8ded2c000-7fd8ded2d000 rw-p 00106000 08:05 2887662                    /lib/x86_64-linux-gnu/libglib-2.0.so.0.4002.0
7fd8ded2d000-7fd8ded2e000 rw-p 00000000 00:00 0 
7fd8ded2e000-7fd8ded7d000 r-xp 00000000 08:05 2621822                    /usr/lib/x86_64-linux-gnu/libgobject-2.0.so.0.4002.0
7fd8ded7d000-7fd8def7d000 ---p 0004f000 08:05 2621822                    /usr/lib/x86_64-linux-gnu/libgobject-2.0.so.0.4002.0
7fd8def7d000-7fd8def7e000 r--p 0004f000 08:05 2621822                    /usr/lib/x86_64-linux-gnu/libgobject-2.0.so.0.4002.0
7fd8def7e000-7fd8def7f000 rw-p 00050000 08:05 2621822                    /usr/lib/x86_64-linux-gnu/libgobject-2.0.so.0.4002.0
7fd8def7f000-7fd8df0eb000 r-xp 00000000 08:05 2621826                    /usr/lib/x86_64-linux-gnu/libgio-2.0.so.0.4002.0
7fd8df0eb000-7fd8df2ea000 ---p 0016c000 08:05 2621826                    /usr/lib/x86_64-linux-gnu/libgio-2.0.so.0.4002.0
7fd8df2ea000-7fd8df2ee000 r--p 0016b000 08:05 2621826                    /usr/lib/x86_64-linux-gnu/libgio-2.0.so.0.4002.0
7fd8df2ee000-7fd8df2f0000 rw-p 0016f000 08:05 2621826                    /usr/lib/x86_64-linux-gnu/libgio-2.0.so.0.4002.0
7fd8df2f0000-7fd8df2f2000 rw-p 00000000 00:00 0 
7fd8df2f2000-7fd8df309000 r-xp 00000000 08:05 2656276                    /usr/lib/jvm/java-7-openjdk-amd64/jre/lib/amd64/libnet.so
7fd8df309000-7fd8df508000 ---p 00017000 08:05 2656276                    /usr/lib/jvm/java-7-openjdk-amd64/jre/lib/amd64/libnet.so
7fd8df508000-7fd8df509000 r--p 00016000 08:05 2656276                    /usr/lib/jvm/java-7-openjdk-amd64/jre/lib/amd64/libnet.so
7fd8df509000-7fd8df50a000 rw-p 00017000 08:05 2656276                    /usr/lib/jvm/java-7-openjdk-amd64/jre/lib/amd64/libnet.so
7fd8df50a000-7fd8df51a000 r-xp 00000000 08:05 2656263                    /usr/lib/jvm/java-7-openjdk-amd64/jre/lib/amd64/libnio.so
7fd8df51a000-7fd8df71a000 ---p 00010000 08:05 2656263                    /usr/lib/jvm/java-7-openjdk-amd64/jre/lib/amd64/libnio.so
7fd8df71a000-7fd8df71b000 r--p 00010000 08:05 2656263                    /usr/lib/jvm/java-7-openjdk-amd64/jre/lib/amd64/libnio.so
7fd8df71b000-7fd8df71c000 rw-p 00011000 08:05 2656263                    /usr/lib/jvm/java-7-openjdk-amd64/jre/lib/amd64/libnio.so
7fd8df71c000-7fd8df71d000 ---p 00000000 00:00 0 
7fd8df71d000-7fd8df81d000 rw-p 00000000 00:00 0                          [stack:8469]
7fd8df81d000-7fd8df820000 ---p 00000000 00:00 0 
7fd8df820000-7fd8df91e000 rw-p 00000000 00:00 0                          [stack:8468]
7fd8df91e000-7fd8e0000000 r--p 00000000 08:05 2629588                    /usr/lib/locale/locale-archive
7fd8e0000000-7fd8e0021000 rw-p 00000000 00:00 0 
7fd8e0021000-7fd8e4000000 ---p 00000000 00:00 0 
7fd8e4000000-7fd8e4241000 rw-p 00000000 00:00 0 
7fd8e4241000-7fd8e8000000 ---p 00000000 00:00 0 
7fd8e8000000-7fd8e8024000 rw-p 00000000 00:00 0 
7fd8e8024000-7fd8ec000000 ---p 00000000 00:00 0 
7fd8ec000000-7fd8ec023000 rw-p 00000000 00:00 0 
7fd8ec023000-7fd8f0000000 ---p 00000000 00:00 0 
7fd8f0000000-7fd8f0021000 rw-p 00000000 00:00 0 
7fd8f0021000-7fd8f4000000 ---p 00000000 00:00 0 
7fd8f40b3000-7fd8f40b6000 ---p 00000000 00:00 0 
7fd8f40b6000-7fd8f41b4000 rw-p 00000000 00:00 0                          [stack:8467]
7fd8f41b4000-7fd8f41b7000 ---p 00000000 00:00 0 
7fd8f41b7000-7fd8f42b5000 rw-p 00000000 00:00 0                          [stack:8466]
7fd8f42b5000-7fd8f42b8000 ---p 00000000 00:00 0 
7fd8f42b8000-7fd8f43b6000 rw-p 00000000 00:00 0                          [stack:8465]
7fd8f43b6000-7fd8f43b9000 ---p 00000000 00:00 0 
7fd8f43b9000-7fd8f44b7000 rw-p 00000000 00:00 0                          [stack:8452]
7fd8f44b7000-7fd8f44ba000 ---p 00000000 00:00 0 
7fd8f44ba000-7fd8f45b8000 rw-p 00000000 00:00 0                          [stack:8451]
7fd8f45b8000-7fd8f45b9000 ---p 00000000 00:00 0 
7fd8f45b9000-7fd8f566d000 rw-p 00000000 00:00 0                          [stack:8449]
7fd8f566d000-7fd8f581e000 r--s 01d27000 08:05 2656282                    /usr/lib/jvm/java-7-openjdk-amd64/jre/lib/rt.jar
7fd8f581e000-7fd8f8017000 rw-p 00000000 00:00 0 
7fd8f8017000-7fd8f8018000 ---p 00000000 00:00 0 
7fd8f8018000-7fd8f8118000 rw-p 00000000 00:00 0                          [stack:8439]
7fd8f8118000-7fd8f8119000 ---p 00000000 00:00 0 
7fd8f8119000-7fd8f8219000 rw-p 00000000 00:00 0                          [stack:8438]
7fd8f8219000-7fd8f821a000 ---p 00000000 00:00 0 
7fd8f821a000-7fd8f831a000 rw-p 00000000 00:00 0                          [stack:8437]
7fd8f831a000-7fd8f831b000 ---p 00000000 00:00 0 
7fd8f831b000-7fd8f845d000 rw-p 00000000 00:00 0                          [stack:8436]
7fd8f845d000-7fd8f8571000 rw-p 00000000 00:00 0 
7fd8f8571000-7fd8f857c000 rw-p 00000000 00:00 0 
7fd8f857c000-7fd8f85c4000 rw-p 00000000 00:00 0 
7fd8f85c4000-7fd8f8606000 rw-p 00000000 00:00 0 
7fd8f8606000-7fd8f8719000 rw-p 00000000 00:00 0 
7fd8f8719000-7fd8f87c1000 rw-p 00000000 00:00 0 
7fd8f87c1000-7fd8f87c4000 rw-p 00000000 00:00 0 
7fd8f87c4000-7fd8f87c5000 rw-p 00000000 00:00 0 
7fd8f87c5000-7fd8f8a35000 rwxp 00000000 00:00 0 
7fd8f8a35000-7fd8fb7c5000 rw-p 00000000 00:00 0 
7fd8fb7c5000-7fd8fb7cd000 r-xp 00000000 08:05 2656259                    /usr/lib/jvm/java-7-openjdk-amd64/jre/lib/amd64/libzip.so
7fd8fb7cd000-7fd8fb9cc000 ---p 00008000 08:05 2656259                    /usr/lib/jvm/java-7-openjdk-amd64/jre/lib/amd64/libzip.so
7fd8fb9cc000-7fd8fb9cd000 r--p 00007000 08:05 2656259                    /usr/lib/jvm/java-7-openjdk-amd64/jre/lib/amd64/libzip.so
7fd8fb9cd000-7fd8fb9ce000 rw-p 00008000 08:05 2656259                    /usr/lib/jvm/java-7-openjdk-amd64/jre/lib/amd64/libzip.so
7fd8fb9ce000-7fd8fb9d9000 r-xp 00000000 08:05 2894758                    /lib/x86_64-linux-gnu/libnss_files-2.19.so
7fd8fb9d9000-7fd8fbbd8000 ---p 0000b000 08:05 2894758                    /lib/x86_64-linux-gnu/libnss_files-2.19.so
7fd8fbbd8000-7fd8fbbd9000 r--p 0000a000 08:05 2894758                    /lib/x86_64-linux-gnu/libnss_files-2.19.so
7fd8fbbd9000-7fd8fbbda000 rw-p 0000b000 08:05 2894758                    /lib/x86_64-linux-gnu/libnss_files-2.19.so
7fd8fbbda000-7fd8fbbe5000 r-xp 00000000 08:05 2894778                    /lib/x86_64-linux-gnu/libnss_nis-2.19.so
7fd8fbbe5000-7fd8fbde4000 ---p 0000b000 08:05 2894778                    /lib/x86_64-linux-gnu/libnss_nis-2.19.so
7fd8fbde4000-7fd8fbde5000 r--p 0000a000 08:05 2894778                    /lib/x86_64-linux-gnu/libnss_nis-2.19.so
7fd8fbde5000-7fd8fbde6000 rw-p 0000b000 08:05 2894778                    /lib/x86_64-linux-gnu/libnss_nis-2.19.so
7fd8fbde6000-7fd8fbdfd000 r-xp 00000000 08:05 2894767                    /lib/x86_64-linux-gnu/libnsl-2.19.so
7fd8fbdfd000-7fd8fbffc000 ---p 00017000 08:05 2894767                    /lib/x86_64-linux-gnu/libnsl-2.19.so
7fd8fbffc000-7fd8fbffd000 r--p 00016000 08:05 2894767                    /lib/x86_64-linux-gnu/libnsl-2.19.so
7fd8fbffd000-7fd8fbffe000 rw-p 00017000 08:05 2894767                    /lib/x86_64-linux-gnu/libnsl-2.19.so
7fd8fbffe000-7fd8fc000000 rw-p 00000000 00:00 0 
7fd8fc000000-7fd8fc1fc000 rw-p 00000000 00:00 0 
7fd8fc1fc000-7fd900000000 ---p 00000000 00:00 0 
7fd900004000-7fd90001c000 r--s 000f5000 08:05 823371                     /home/mayank/android projects/Movies/app/build/intermediates/exploded-aar/com.google.android.gms/play-services-ads/8.4.0/jars/classes.jar
7fd90001c000-7fd90010b000 rw-p 00000000 00:00 0 
7fd90010b000-7fd900153000 rw-p 00000000 00:00 0 
7fd900153000-7fd90015c000 r-xp 00000000 08:05 2894766                    /lib/x86_64-linux-gnu/libnss_compat-2.19.so
7fd90015c000-7fd90035b000 ---p 00009000 08:05 2894766                    /lib/x86_64-linux-gnu/libnss_compat-2.19.so
7fd90035b000-7fd90035c000 r--p 00008000 08:05 2894766                    /lib/x86_64-linux-gnu/libnss_compat-2.19.so
7fd90035c000-7fd90035d000 rw-p 00009000 08:05 2894766                    /lib/x86_64-linux-gnu/libnss_compat-2.19.so
7fd90035d000-7fd900388000 r-xp 00000000 08:05 2656275                    /usr/lib/jvm/java-7-openjdk-amd64/jre/lib/amd64/libjava.so
7fd900388000-7fd900588000 ---p 0002b000 08:05 2656275                    /usr/lib/jvm/java-7-openjdk-amd64/jre/lib/amd64/libjava.so
7fd900588000-7fd900589000 r--p 0002b000 08:05 2656275                    /usr/lib/jvm/java-7-openjdk-amd64/jre/lib/amd64/libjava.so
7fd900589000-7fd90058b000 rw-p 0002c000 08:05 2656275                    /usr/lib/jvm/java-7-openjdk-amd64/jre/lib/amd64/libjava.so
7fd90058b000-7fd90059b000 r-xp 00000000 08:05 2656272                    /usr/lib/jvm/java-7-openjdk-amd64/jre/lib/amd64/libverify.so
7fd90059b000-7fd90079a000 ---p 00010000 08:05 2656272                    /usr/lib/jvm/java-7-openjdk-amd64/jre/lib/amd64/libverify.so
7fd90079a000-7fd90079c000 r--p 0000f000 08:05 2656272                    /usr/lib/jvm/java-7-openjdk-amd64/jre/lib/amd64/libverify.so
7fd90079c000-7fd90079d000 rw-p 00011000 08:05 2656272                    /usr/lib/jvm/java-7-openjdk-amd64/jre/lib/amd64/libverify.so
7fd90079d000-7fd9007a4000 r-xp 00000000 08:05 2894775                    /lib/x86_64-linux-gnu/librt-2.19.so
7fd9007a4000-7fd9009a3000 ---p 00007000 08:05 2894775                    /lib/x86_64-linux-gnu/librt-2.19.so
7fd9009a3000-7fd9009a4000 r--p 00006000 08:05 2894775                    /lib/x86_64-linux-gnu/librt-2.19.so
7fd9009a4000-7fd9009a5000 rw-p 00007000 08:05 2894775                    /lib/x86_64-linux-gnu/librt-2.19.so
7fd9009a5000-7fd9009bb000 r-xp 00000000 08:05 2894752                    /lib/x86_64-linux-gnu/libgcc_s.so.1
7fd9009bb000-7fd900bba000 ---p 00016000 08:05 2894752                    /lib/x86_64-linux-gnu/libgcc_s.so.1
7fd900bba000-7fd900bbb000 rw-p 00015000 08:05 2894752                    /lib/x86_64-linux-gnu/libgcc_s.so.1
7fd900bbb000-7fd900cc0000 r-xp 00000000 08:05 2894757                    /lib/x86_64-linux-gnu/libm-2.19.so
7fd900cc0000-7fd900ebf000 ---p 00105000 08:05 2894757                    /lib/x86_64-linux-gnu/libm-2.19.so
7fd900ebf000-7fd900ec0000 r--p 00104000 08:05 2894757                    /lib/x86_64-linux-gnu/libm-2.19.so
7fd900ec0000-7fd900ec1000 rw-p 00105000 08:05 2894757                    /lib/x86_64-linux-gnu/libm-2.19.so
7fd900ec1000-7fd900fa7000 r-xp 00000000 08:05 2631831                    /usr/lib/x86_64-linux-gnu/libstdc++.so.6.0.19
7fd900fa7000-7fd9011a6000 ---p 000e6000 08:05 2631831                    /usr/lib/x86_64-linux-gnu/libstdc++.so.6.0.19
7fd9011a6000-7fd9011ae000 r--p 000e5000 08:05 2631831                    /usr/lib/x86_64-linux-gnu/libstdc++.so.6.0.19
7fd9011ae000-7fd9011b0000 rw-p 000ed000 08:05 2631831                    /usr/lib/x86_64-linux-gnu/libstdc++.so.6.0.19
7fd9011b0000-7fd9011c5000 rw-p 00000000 00:00 0 
7fd9011c5000-7fd901cdd000 r-xp 00000000 08:05 2656280                    /usr/lib/jvm/java-7-openjdk-amd64/jre/lib/amd64/server/libjvm.so
7fd901cdd000-7fd901edd000 ---p 00b18000 08:05 2656280                    /usr/lib/jvm/java-7-openjdk-amd64/jre/lib/amd64/server/libjvm.so
7fd901edd000-7fd901f77000 r--p 00b18000 08:05 2656280                    /usr/lib/jvm/java-7-openjdk-amd64/jre/lib/amd64/server/libjvm.so
7fd901f77000-7fd901f9a000 rw-p 00bb2000 08:05 2656280                    /usr/lib/jvm/java-7-openjdk-amd64/jre/lib/amd64/server/libjvm.so
7fd901f9a000-7fd901fc8000 rw-p 00000000 00:00 0 
7fd901fc8000-7fd901fe0000 r-xp 00000000 08:05 2887861                    /lib/x86_64-linux-gnu/libz.so.1.2.8
7fd901fe0000-7fd9021df000 ---p 00018000 08:05 2887861                    /lib/x86_64-linux-gnu/libz.so.1.2.8
7fd9021df000-7fd9021e0000 r--p 00017000 08:05 2887861                    /lib/x86_64-linux-gnu/libz.so.1.2.8
7fd9021e0000-7fd9021e1000 rw-p 00018000 08:05 2887861                    /lib/x86_64-linux-gnu/libz.so.1.2.8
7fd9021e1000-7fd9021fa000 r-xp 00000000 08:05 2894773                    /lib/x86_64-linux-gnu/libpthread-2.19.so
7fd9021fa000-7fd9023f9000 ---p 00019000 08:05 2894773                    /lib/x86_64-linux-gnu/libpthread-2.19.so
7fd9023f9000-7fd9023fa000 r--p 00018000 08:05 2894773                    /lib/x86_64-linux-gnu/libpthread-2.19.so
7fd9023fa000-7fd9023fb000 rw-p 00019000 08:05 2894773                    /lib/x86_64-linux-gnu/libpthread-2.19.so
7fd9023fb000-7fd9023ff000 rw-p 00000000 00:00 0 
7fd9023ff000-7fd902402000 r-xp 00000000 08:05 2894761                    /lib/x86_64-linux-gnu/libdl-2.19.so
7fd902402000-7fd902601000 ---p 00003000 08:05 2894761                    /lib/x86_64-linux-gnu/libdl-2.19.so
7fd902601000-7fd902602000 r--p 00002000 08:05 2894761                    /lib/x86_64-linux-gnu/libdl-2.19.so
7fd902602000-7fd902603000 rw-p 00003000 08:05 2894761                    /lib/x86_64-linux-gnu/libdl-2.19.so
7fd902603000-7fd9027be000 r-xp 00000000 08:05 2894772                    /lib/x86_64-linux-gnu/libc-2.19.so
7fd9027be000-7fd9029bd000 ---p 001bb000 08:05 2894772                    /lib/x86_64-linux-gnu/libc-2.19.so
7fd9029bd000-7fd9029c1000 r--p 001ba000 08:05 2894772                    /lib/x86_64-linux-gnu/libc-2.19.so
7fd9029c1000-7fd9029c3000 rw-p 001be000 08:05 2894772                    /lib/x86_64-linux-gnu/libc-2.19.so
7fd9029c3000-7fd9029c8000 rw-p 00000000 00:00 0 
7fd9029c8000-7fd9029d5000 r-xp 00000000 08:05 2656251                    /usr/lib/jvm/java-7-openjdk-amd64/jre/lib/amd64/jli/libjli.so
7fd9029d5000-7fd902bd4000 ---p 0000d000 08:05 2656251                    /usr/lib/jvm/java-7-openjdk-amd64/jre/lib/amd64/jli/libjli.so
7fd902bd4000-7fd902bd5000 r--p 0000c000 08:05 2656251                    /usr/lib/jvm/java-7-openjdk-amd64/jre/lib/amd64/jli/libjli.so
7fd902bd5000-7fd902bd6000 rw-p 0000d000 08:05 2656251                    /usr/lib/jvm/java-7-openjdk-amd64/jre/lib/amd64/jli/libjli.so
7fd902bd6000-7fd902bf9000 r-xp 00000000 08:05 2894769                    /lib/x86_64-linux-gnu/ld-2.19.so
7fd902c00000-7fd902c0f000 r--s 000df000 08:05 1200912                    /home/mayank/android-sdk-linux/build-tools/23.0.2/lib/dx.jar
7fd902c0f000-7fd902c19000 rw-p 00000000 00:00 0 
7fd902c19000-7fd902ccf000 rw-p 00000000 00:00 0 
7fd902ccf000-7fd902cd2000 ---p 00000000 00:00 0 
7fd902cd2000-7fd902dd4000 rw-p 00000000 00:00 0                          [stack:8431]
7fd902dd7000-7fd902dd8000 rw-p 00000000 00:00 0 
7fd902dd8000-7fd902dda000 r--s 00006000 08:05 133870                     /usr/share/java/java-atk-wrapper.jar
7fd902dda000-7fd902dde000 r--s 00034000 08:05 2656289                    /usr/lib/jvm/java-7-openjdk-amd64/jre/lib/ext/sunjce_provider.jar
7fd902dde000-7fd902ddf000 r--s 00002000 08:05 2656286                    /usr/lib/jvm/java-7-openjdk-amd64/jre/lib/ext/dnsns.jar
7fd902ddf000-7fd902de3000 r--s 0003c000 08:05 2656287                    /usr/lib/jvm/java-7-openjdk-amd64/jre/lib/ext/sunpkcs11.jar
7fd902de3000-7fd902de6000 r--s 0000f000 08:05 2656285                    /usr/lib/jvm/java-7-openjdk-amd64/jre/lib/ext/icedtea-sound.jar
7fd902de6000-7fd902de9000 r--s 00086000 08:05 2656288                    /usr/lib/jvm/java-7-openjdk-amd64/jre/lib/ext/localedata.jar
7fd902de9000-7fd902deb000 r--s 00012000 08:05 2656290                    /usr/lib/jvm/java-7-openjdk-amd64/jre/lib/ext/zipfs.jar
7fd902deb000-7fd902df3000 rw-s 00000000 08:05 2518760                    /tmp/hsperfdata_mayank/8427
7fd902df3000-7fd902df4000 rw-p 00000000 00:00 0 
7fd902df4000-7fd902df5000 ---p 00000000 00:00 0 
7fd902df5000-7fd902df8000 rw-p 00000000 00:00 0 
7fd902df8000-7fd902df9000 r--p 00022000 08:05 2894769                    /lib/x86_64-linux-gnu/ld-2.19.so
7fd902df9000-7fd902dfa000 rw-p 00023000 08:05 2894769                    /lib/x86_64-linux-gnu/ld-2.19.so
7fd902dfa000-7fd902dfb000 rw-p 00000000 00:00 0 
7fff9fcbe000-7fff9fce0000 rw-p 00000000 00:00 0                          [stack]
7fff9fd0a000-7fff9fd0c000 r-xp 00000000 00:00 0                          [vdso]
ffffffffff600000-ffffffffff601000 r-xp 00000000 00:00 0                  [vsyscall]

VM Arguments:
jvm_args: -Djava.awt.headless=true -Xmx1024M -Dfile.encoding=UTF-8 -Duser.country=IN -Duser.language=en -Duser.variant 
java_command: com.android.dx.command.Main --dex --num-threads=4 --output /home/mayank/android projects/Movies/app/build/intermediates/pre-dexed/release/com.google.android.gms-play-services-ads-8.4.0_60d5fbeb1552b63a935ff93ab5f3160c34e95fb2.jar /home/mayank/android projects/Movies/app/build/intermediates/exploded-aar/com.google.android.gms/play-services-ads/8.4.0/jars/classes.jar
Launcher Type: SUN_STANDARD

Environment Variables:
JAVA_HOME=/usr/local/java/jdk1.7.0_40
PATH=/usr/local/sbin:/usr/local/bin:/usr/sbin:/usr/bin:/sbin:/bin:/usr/games:/usr/local/games:/home/mayank/bin:/usr/local/java/jdk1.7.0_40/bin:/usr/local/jdk1.7.0_40/bin:/home/mayank/ns-allinone-2.35/xgraph-12.2/:/home/mayank/ns-allinone-2.35/bin/:/home/mayank/ns-allinone-2.35/tcl8.5.10/unix/:/home/mayank/ns-allinone-2.35/tk8.5.10/unix/:/home/mayank/ns-allinone-2.35/ns-2.35/:/home/mayank/ns-allinone-2.35/nam-1.15/:/home/mayank/omnetpp-4.6/bin:/apache-tomcat-7.0.62/lib/servlet-api.jar:/usr/local/apache-tomcat-8.0.23/
LD_LIBRARY_PATH=.::/home/mayank/ns-allinone-2.35/otcl-1.14:/home/mayank/ns-allinone-2.35/lib/:/usr/local/lib/
SHELL=/bin/bash
DISPLAY=:0

Signal Handlers:
SIGSEGV: [libjvm.so+0x94b9a0], sa_mask[0]=0x7ffbfeff, sa_flags=0x10000004
SIGBUS: [libjvm.so+0x94b9a0], sa_mask[0]=0x7ffbfeff, sa_flags=0x10000004
SIGFPE: [libjvm.so+0x7c3880], sa_mask[0]=0x7ffbfeff, sa_flags=0x10000004
SIGPIPE: [libjvm.so+0x7c3880], sa_mask[0]=0x7ffbfeff, sa_flags=0x10000004
SIGXFSZ: [libjvm.so+0x7c3880], sa_mask[0]=0x7ffbfeff, sa_flags=0x10000004
SIGILL: [libjvm.so+0x7c3880], sa_mask[0]=0x7ffbfeff, sa_flags=0x10000004
SIGUSR1: SIG_DFL, sa_mask[0]=0x00000000, sa_flags=0x00000000
SIGUSR2: [libjvm.so+0x7c3720], sa_mask[0]=0x00000004, sa_flags=0x10000004
SIGHUP: [libjvm.so+0x7c3900], sa_mask[0]=0x7ffbfeff, sa_flags=0x10000004
SIGINT: [libjvm.so+0x7c3900], sa_mask[0]=0x7ffbfeff, sa_flags=0x10000004
SIGTERM: [libjvm.so+0x7c3900], sa_mask[0]=0x7ffbfeff, sa_flags=0x10000004
SIGQUIT: [libjvm.so+0x7c3900], sa_mask[0]=0x7ffbfeff, sa_flags=0x10000004
SIGTRAP: SIG_DFL, sa_mask[0]=0x00000000, sa_flags=0x00000000


---------------  S Y S T E M  ---------------

OS:Ubuntu 14.04 (trusty)
uname:Linux 3.13.0-46-generic #79-Ubuntu SMP Tue Mar 10 20:06:50 UTC 2015 x86_64
libc:glibc 2.19 NPTL 2.19 
rlimit: STACK 8192k, CORE 0k, NPROC 30704, NOFILE 4096, AS infinity
load average:16.63 8.16 4.47

/proc/meminfo:
MemTotal:        3951712 kB
MemFree:          125076 kB
Buffers:            2252 kB
Cached:           370664 kB
SwapCached:            0 kB
Active:          3298136 kB
Inactive:         358220 kB
Active(anon):    3287144 kB
Inactive(anon):   337920 kB
Active(file):      10992 kB
Inactive(file):    20300 kB
Unevictable:          32 kB
Mlocked:              32 kB
SwapTotal:             0 kB
SwapFree:              0 kB
Dirty:               252 kB
Writeback:             0 kB
AnonPages:       3283704 kB
Mapped:            92800 kB
Shmem:            341468 kB
Slab:              71352 kB
SReclaimable:      32664 kB
SUnreclaim:        38688 kB
KernelStack:        5040 kB
PageTables:        42560 kB
NFS_Unstable:          0 kB
Bounce:                0 kB
WritebackTmp:          0 kB
CommitLimit:     1975856 kB
Committed_AS:    7463160 kB
VmallocTotal:   34359738367 kB
VmallocUsed:      347516 kB
VmallocChunk:   34359380860 kB
HardwareCorrupted:     0 kB
AnonHugePages:    337920 kB
HugePages_Total:       0
HugePages_Free:        0
HugePages_Rsvd:        0
HugePages_Surp:        0
Hugepagesize:       2048 kB
DirectMap4k:       92608 kB
DirectMap2M:     4005888 kB


CPU:total 4 (2 cores per cpu, 2 threads per core) family 6 model 42 stepping 7, cmov, cx8, fxsr, mmx, sse, sse2, sse3, ssse3, sse4.1, sse4.2, popcnt, avx, aes, ht, tsc, tscinvbit

/proc/cpuinfo:
processor	: 0
vendor_id	: GenuineIntel
cpu family	: 6
model		: 42
model name	: Intel(R) Core(TM) i5-2450M CPU @ 2.50GHz
stepping	: 7
microcode	: 0x1b
cpu MHz		: 2501.000
cache size	: 3072 KB
physical id	: 0
siblings	: 4
core id		: 0
cpu cores	: 2
apicid		: 0
initial apicid	: 0
fpu		: yes
fpu_exception	: yes
cpuid level	: 13
wp		: yes
flags		: fpu vme de pse tsc msr pae mce cx8 apic sep mtrr pge mca cmov pat pse36 clflush dts acpi mmx fxsr sse sse2 ss ht tm pbe syscall nx rdtscp lm constant_tsc arch_perfmon pebs bts rep_good nopl xtopology nonstop_tsc aperfmperf eagerfpu pni pclmulqdq dtes64 monitor ds_cpl vmx est tm2 ssse3 cx16 xtpr pdcm pcid sse4_1 sse4_2 x2apic popcnt tsc_deadline_timer aes xsave avx lahf_lm ida arat epb xsaveopt pln pts dtherm tpr_shadow vnmi flexpriority ept vpid
bogomips	: 4988.92
clflush size	: 64
cache_alignment	: 64
address sizes	: 36 bits physical, 48 bits virtual
power management:

processor	: 1
vendor_id	: GenuineIntel
cpu family	: 6
model		: 42
model name	: Intel(R) Core(TM) i5-2450M CPU @ 2.50GHz
stepping	: 7
microcode	: 0x1b
cpu MHz		: 2501.000
cache size	: 3072 KB
physical id	: 0
siblings	: 4
core id		: 1
cpu cores	: 2
apicid		: 2
initial apicid	: 2
fpu		: yes
fpu_exception	: yes
cpuid level	: 13
wp		: yes
flags		: fpu vme de pse tsc msr pae mce cx8 apic sep mtrr pge mca cmov pat pse36 clflush dts acpi mmx fxsr sse sse2 ss ht tm pbe syscall nx rdtscp lm constant_tsc arch_perfmon pebs bts rep_good nopl xtopology nonstop_tsc aperfmperf eagerfpu pni pclmulqdq dtes64 monitor ds_cpl vmx est tm2 ssse3 cx16 xtpr pdcm pcid sse4_1 sse4_2 x2apic popcnt tsc_deadline_timer aes xsave avx lahf_lm ida arat epb xsaveopt pln pts dtherm tpr_shadow vnmi flexpriority ept vpid
bogomips	: 4988.92
clflush size	: 64
cache_alignment	: 64
address sizes	: 36 bits physical, 48 bits virtual
power management:

processor	: 2
vendor_id	: GenuineIntel
cpu family	: 6
model		: 42
model name	: Intel(R) Core(TM) i5-2450M CPU @ 2.50GHz
stepping	: 7
microcode	: 0x1b
cpu MHz		: 2501.000
cache size	: 3072 KB
physical id	: 0
siblings	: 4
core id		: 0
cpu cores	: 2
apicid		: 1
initial apicid	: 1
fpu		: yes
fpu_exception	: yes
cpuid level	: 13
wp		: yes
flags		: fpu vme de pse tsc msr pae mce cx8 apic sep mtrr pge mca cmov pat pse36 clflush dts acpi mmx fxsr sse sse2 ss ht tm pbe syscall nx rdtscp lm constant_tsc arch_perfmon pebs bts rep_good nopl xtopology nonstop_tsc aperfmperf eagerfpu pni pclmulqdq dtes64 monitor ds_cpl vmx est tm2 ssse3 cx16 xtpr pdcm pcid sse4_1 sse4_2 x2apic popcnt tsc_deadline_timer aes xsave avx lahf_lm ida arat epb xsaveopt pln pts dtherm tpr_shadow vnmi flexpriority ept vpid
bogomips	: 4988.92
clflush size	: 64
cache_alignment	: 64
address sizes	: 36 bits physical, 48 bits virtual
power management:

processor	: 3
vendor_id	: GenuineIntel
cpu family	: 6
model		: 42
model name	: Intel(R) Core(TM) i5-2450M CPU @ 2.50GHz
stepping	: 7
microcode	: 0x1b
cpu MHz		: 2501.000
cache size	: 3072 KB
physical id	: 0
siblings	: 4
core id		: 1
cpu cores	: 2
apicid		: 3
initial apicid	: 3
fpu		: yes
fpu_exception	: yes
cpuid level	: 13
wp		: yes
flags		: fpu vme de pse tsc msr pae mce cx8 apic sep mtrr pge mca cmov pat pse36 clflush dts acpi mmx fxsr sse sse2 ss ht tm pbe syscall nx rdtscp lm constant_tsc arch_perfmon pebs bts rep_good nopl xtopology nonstop_tsc aperfmperf eagerfpu pni pclmulqdq dtes64 monitor ds_cpl vmx est tm2 ssse3 cx16 xtpr pdcm pcid sse4_1 sse4_2 x2apic popcnt tsc_deadline_timer aes xsave avx lahf_lm ida arat epb xsaveopt pln pts dtherm tpr_shadow vnmi flexpriority ept vpid
bogomips	: 4988.92
clflush size	: 64
cache_alignment	: 64
address sizes	: 36 bits physical, 48 bits virtual
power management:



Memory: 4k page, physical 3951712k(125076k free), swap 0k(0k free)

vm_info: OpenJDK 64-Bit Server VM (24.79-b02) for linux-amd64 JRE (1.7.0_79-b14), built on Apr 16 2015 08:21:58 by "buildd" with gcc 4.8.2

time: Sat Feb 13 02:17:07 2016
elapsed time: 87 seconds

