#
# There is insufficient memory for the Java Runtime Environment to continue.
# Native memory allocation (malloc) failed to allocate 147849216 bytes for committing reserved memory.
# Possible reasons:
#   The system is out of physical RAM or swap space
#   In 32 bit mode, the process size limit was hit
# Possible solutions:
#   Reduce memory load on the system
#   Increase physical memory or swap space
#   Check if swap backing store is full
#   Use 64 bit Java on a 64 bit OS
#   Decrease Java heap size (-Xmx/-Xms)
#   Decrease number of Java threads
#   Decrease Java thread stack sizes (-Xss)
#   Set larger code cache with -XX:ReservedCodeCacheSize=
# This output file may be truncated or incomplete.
#
#  Out of Memory Error (os_linux.cpp:2809), pid=3839, tid=140547770541824
#
# JRE version: OpenJDK Runtime Environment (7.0_79-b14) (build 1.7.0_79-b14)
# Java VM: OpenJDK 64-Bit Server VM (24.79-b02 mixed mode linux-amd64 compressed oops)
# Derivative: IcedTea 2.5.5
# Distribution: Ubuntu 14.04 LTS, package 7u79-2.5.5-0ubuntu0.14.04.2
# Failed to write core dump. Core dumps have been disabled. To enable core dumping, try "ulimit -c unlimited" before starting Java again
#

---------------  T H R E A D  ---------------

Current thread (0x00007fd3e8076000):  VMThread [stack: 0x00007fd3d3dfe000,0x00007fd3d3eff000] [id=3875]

Stack: [0x00007fd3d3dfe000,0x00007fd3d3eff000],  sp=0x00007fd3d3efd490,  free space=1021k
Native frames: (J=compiled Java code, j=interpreted, Vv=VM code, C=native code)
V  [libjvm.so+0x94aec5]  VMError::report_and_die()+0x175
V  [libjvm.so+0x48b9c4]  report_vm_out_of_memory(char const*, int, unsigned long, char const*)+0x74
V  [libjvm.so+0x7c806b]  os::pd_commit_memory(char*, unsigned long, unsigned long, bool)+0xeb
V  [libjvm.so+0x7c2b0f]  os::commit_memory(char*, unsigned long, unsigned long, bool)+0x1f
V  [libjvm.so+0x83500b]  PSVirtualSpace::expand_by(unsigned long)+0x5b
V  [libjvm.so+0x835e60]  PSYoungGen::resize_generation(unsigned long, unsigned long)+0xb0
V  [libjvm.so+0x83654b]  PSYoungGen::resize(unsigned long, unsigned long)+0x1b
V  [libjvm.so+0x832830]  PSScavenge::invoke_no_policy()+0xde0
V  [libjvm.so+0x833008]  PSScavenge::invoke()+0x38
V  [libjvm.so+0x7e96f3]  ParallelScavengeHeap::failed_mem_allocate(unsigned long)+0x63
V  [libjvm.so+0x94c8c4]  VM_ParallelGCFailedAllocation::doit()+0x84
V  [libjvm.so+0x950dc7]  VM_Operation::evaluate()+0x47
V  [libjvm.so+0x94f738]  VMThread::evaluate_operation(VM_Operation*)+0x318
V  [libjvm.so+0x94fb99]  VMThread::loop()+0x219
V  [libjvm.so+0x94ffe2]  VMThread::run()+0x72
V  [libjvm.so+0x7c4f32]  java_start(Thread*)+0xf2

VM_Operation (0x00007fd3d143f010): ParallelGCFailedAllocation, mode: safepoint, requested by thread 0x00007fd3e81b3800


---------------  P R O C E S S  ---------------

Java Threads: ( => current thread )
  0x00007fd3e81b3800 JavaThread "pool-1-thread-4" [_thread_blocked, id=3921, stack(0x00007fd3d1340000,0x00007fd3d1441000)]
  0x00007fd3e81b1800 JavaThread "pool-1-thread-3" [_thread_blocked, id=3919, stack(0x00007fd3d1441000,0x00007fd3d1542000)]
  0x00007fd3e81b0800 JavaThread "pool-1-thread-2" [_thread_blocked, id=3918, stack(0x00007fd3d1542000,0x00007fd3d1643000)]
  0x00007fd3e81aa800 JavaThread "pool-2-thread-1" [_thread_blocked, id=3917, stack(0x00007fd3d1643000,0x00007fd3d1744000)]
  0x00007fd3e81a9000 JavaThread "pool-1-thread-1" [_thread_blocked, id=3916, stack(0x00007fd3d1744000,0x00007fd3d1845000)]
  0x00007fd3e80b0800 JavaThread "Service Thread" daemon [_thread_blocked, id=3899, stack(0x00007fd3d3116000,0x00007fd3d3217000)]
  0x00007fd3e80ae000 JavaThread "C2 CompilerThread1" daemon [_thread_blocked, id=3898, stack(0x00007fd3d3217000,0x00007fd3d3318000)]
  0x00007fd3e80ab000 JavaThread "C2 CompilerThread0" daemon [_thread_blocked, id=3897, stack(0x00007fd3d3318000,0x00007fd3d3419000)]
  0x00007fd3e80a9000 JavaThread "Signal Dispatcher" daemon [_thread_blocked, id=3896, stack(0x00007fd3d3419000,0x00007fd3d351a000)]
  0x00007fd3e807c000 JavaThread "Finalizer" daemon [_thread_blocked, id=3880, stack(0x00007fd3d3bfc000,0x00007fd3d3cfd000)]
  0x00007fd3e807a000 JavaThread "Reference Handler" daemon [_thread_blocked, id=3879, stack(0x00007fd3d3cfd000,0x00007fd3d3dfe000)]
  0x00007fd3e800a800 JavaThread "main" [_thread_blocked, id=3850, stack(0x00007fd3ee52f000,0x00007fd3ee630000)]

Other Threads:
=>0x00007fd3e8076000 VMThread [stack: 0x00007fd3d3dfe000,0x00007fd3d3eff000] [id=3875]
  0x00007fd3e80bb000 WatcherThread [stack: 0x00007fd3d3015000,0x00007fd3d3116000] [id=3900]

VM state:at safepoint (normal execution)

VM Mutex/Monitor currently owned by a thread:  ([mutex/lock_event])
[0x00007fd3e8006b00] Threads_lock - owner thread: 0x00007fd3e8076000
[0x00007fd3e8007000] Heap_lock - owner thread: 0x00007fd3e81b3800

Heap
 PSYoungGen      total 142336K, used 17405K [0x00000000eaa80000, 0x00000000f4880000, 0x0000000100000000)
  eden space 124928K, 0% used [0x00000000eaa80000,0x00000000eaa80000,0x00000000f2480000)
  from space 17408K, 99% used [0x00000000f2480000,0x00000000f357f538,0x00000000f3580000)
  to   space 15360K, 0% used [0x00000000f3580000,0x00000000f3580000,0x00000000f4480000)
 ParOldGen       total 40960K, used 37667K [0x00000000c0000000, 0x00000000c2800000, 0x00000000eaa80000)
  object space 40960K, 91% used [0x00000000c0000000,0x00000000c24c8d28,0x00000000c2800000)
 PSPermGen       total 21504K, used 6351K [0x00000000b5a00000, 0x00000000b6f00000, 0x00000000c0000000)
  object space 21504K, 29% used [0x00000000b5a00000,0x00000000b6033c98,0x00000000b6f00000)

Card table byte_map: [0x00007fd3e3d1f000,0x00007fd3e3f73000] byte_map_base: 0x00007fd3e3772000

Polling page: 0x00007fd3ee654000

Code Cache  [0x00007fd3e3f73000, 0x00007fd3e41e3000, 0x00007fd3e6f73000)
 total_blobs=578 nmethods=347 adapters=184 free_code_cache=47614Kb largest_free_block=48728384

Compilation events (10 events):
Event: 65.727 Thread 0x00007fd3e80ae000 nmethod 346 0x00007fd3e40f2850 code [0x00007fd3e40f29a0, 0x00007fd3e40f2ab8]
Event: 65.727 Thread 0x00007fd3e80ae000  347             com.android.dx.rop.code.PlainInsn::withNewRegisters (18 bytes)
Event: 65.759 Thread 0x00007fd3e80ae000 nmethod 347 0x00007fd3e40f0e90 code [0x00007fd3e40f0fe0, 0x00007fd3e40f1198]
Event: 65.759 Thread 0x00007fd3e80ae000  348             com.android.dx.ssa.SCCP::addUsersToWorklist (103 bytes)
Event: 66.342 Thread 0x00007fd3e80ae000 nmethod 348 0x00007fd3e40f7550 code [0x00007fd3e40f7860, 0x00007fd3e40f88f0]
Event: 66.342 Thread 0x00007fd3e80ae000  349             com.android.dx.rop.type.Type::getBasicType (5 bytes)
Event: 66.343 Thread 0x00007fd3e80ae000 nmethod 349 0x00007fd3e40d2450 code [0x00007fd3e40d2580, 0x00007fd3e40d25d8]
Event: 66.343 Thread 0x00007fd3e80ae000  350             java.util.Collections$UnmodifiableCollection$1::<init> (26 bytes)
Event: 66.421 Thread 0x00007fd3e80ae000 nmethod 350 0x00007fd3e40d1e50 code [0x00007fd3e40d1fc0, 0x00007fd3e40d2218]
Event: 66.421 Thread 0x00007fd3e80ae000  351             com.android.dx.ssa.LiteralOpUpgrader::tryReplacingWithConstant (161 bytes)

GC Heap History (10 events):
Event: 6.216 GC heap after
Heap after GC invocations=2 (full 0):
 PSYoungGen      total 34304K, used 2554K [0x00000000eaa80000, 0x00000000ece80000, 0x0000000100000000)
  eden space 31744K, 0% used [0x00000000eaa80000,0x00000000eaa80000,0x00000000ec980000)
  from space 2560K, 99% used [0x00000000ecc00000,0x00000000ece7e808,0x00000000ece80000)
  to   space 2560K, 0% used [0x00000000ec980000,0x00000000ec980000,0x00000000ecc00000)
 ParOldGen       total 40960K, used 1950K [0x00000000c0000000, 0x00000000c2800000, 0x00000000eaa80000)
  object space 40960K, 4% used [0x00000000c0000000,0x00000000c01e7900,0x00000000c2800000)
 PSPermGen       total 21504K, used 5964K [0x00000000b5a00000, 0x00000000b6f00000, 0x00000000c0000000)
  object space 21504K, 27% used [0x00000000b5a00000,0x00000000b5fd3230,0x00000000b6f00000)
}
Event: 14.972 GC heap before
{Heap before GC invocations=3 (full 0):
 PSYoungGen      total 34304K, used 34298K [0x00000000eaa80000, 0x00000000ece80000, 0x0000000100000000)
  eden space 31744K, 100% used [0x00000000eaa80000,0x00000000ec980000,0x00000000ec980000)
  from space 2560K, 99% used [0x00000000ecc00000,0x00000000ece7e808,0x00000000ece80000)
  to   space 2560K, 0% used [0x00000000ec980000,0x00000000ec980000,0x00000000ecc00000)
 ParOldGen       total 40960K, used 1950K [0x00000000c0000000, 0x00000000c2800000, 0x00000000eaa80000)
  object space 40960K, 4% used [0x00000000c0000000,0x00000000c01e7900,0x00000000c2800000)
 PSPermGen       total 21504K, used 6153K [0x00000000b5a00000, 0x00000000b6f00000, 0x00000000c0000000)
  object space 21504K, 28% used [0x00000000b5a00000,0x00000000b6002630,0x00000000b6f00000)
Event: 15.338 GC heap after
Heap after GC invocations=3 (full 0):
 PSYoungGen      total 34304K, used 2558K [0x00000000eaa80000, 0x00000000eed80000, 0x0000000100000000)
  eden space 31744K, 0% used [0x00000000eaa80000,0x00000000eaa80000,0x00000000ec980000)
  from space 2560K, 99% used [0x00000000ec980000,0x00000000ecbff8b8,0x00000000ecc00000)
  to   space 2560K, 0% used [0x00000000eeb00000,0x00000000eeb00000,0x00000000eed80000)
 ParOldGen       total 40960K, used 7418K [0x00000000c0000000, 0x00000000c2800000, 0x00000000eaa80000)
  object space 40960K, 18% used [0x00000000c0000000,0x00000000c073e828,0x00000000c2800000)
 PSPermGen       total 21504K, used 6153K [0x00000000b5a00000, 0x00000000b6f00000, 0x00000000c0000000)
  object space 21504K, 28% used [0x00000000b5a00000,0x00000000b6002630,0x00000000b6f00000)
}
Event: 24.098 GC heap before
{Heap before GC invocations=4 (full 0):
 PSYoungGen      total 34304K, used 34302K [0x00000000eaa80000, 0x00000000eed80000, 0x0000000100000000)
  eden space 31744K, 100% used [0x00000000eaa80000,0x00000000ec980000,0x00000000ec980000)
  from space 2560K, 99% used [0x00000000ec980000,0x00000000ecbff8b8,0x00000000ecc00000)
  to   space 2560K, 0% used [0x00000000eeb00000,0x00000000eeb00000,0x00000000eed80000)
 ParOldGen       total 40960K, used 7418K [0x00000000c0000000, 0x00000000c2800000, 0x00000000eaa80000)
  object space 40960K, 18% used [0x00000000c0000000,0x00000000c073e828,0x00000000c2800000)
 PSPermGen       total 21504K, used 6195K [0x00000000b5a00000, 0x00000000b6f00000, 0x00000000c0000000)
  object space 21504K, 28% used [0x00000000b5a00000,0x00000000b600cf88,0x00000000b6f00000)
Event: 24.301 GC heap after
Heap after GC invocations=4 (full 0):
 PSYoungGen      total 66048K, used 2558K [0x00000000eaa80000, 0x00000000eed80000, 0x0000000100000000)
  eden space 63488K, 0% used [0x00000000eaa80000,0x00000000eaa80000,0x00000000ee880000)
  from space 2560K, 99% used [0x00000000eeb00000,0x00000000eed7f8c8,0x00000000eed80000)
  to   space 2560K, 0% used [0x00000000ee880000,0x00000000ee880000,0x00000000eeb00000)
 ParOldGen       total 40960K, used 13019K [0x00000000c0000000, 0x00000000c2800000, 0x00000000eaa80000)
  object space 40960K, 31% used [0x00000000c0000000,0x00000000c0cb6f98,0x00000000c2800000)
 PSPermGen       total 21504K, used 6195K [0x00000000b5a00000, 0x00000000b6f00000, 0x00000000c0000000)
  object space 21504K, 28% used [0x00000000b5a00000,0x00000000b600cf88,0x00000000b6f00000)
}
Event: 36.747 GC heap before
{Heap before GC invocations=5 (full 0):
 PSYoungGen      total 66048K, used 66046K [0x00000000eaa80000, 0x00000000eed80000, 0x0000000100000000)
  eden space 63488K, 100% used [0x00000000eaa80000,0x00000000ee880000,0x00000000ee880000)
  from space 2560K, 99% used [0x00000000eeb00000,0x00000000eed7f8c8,0x00000000eed80000)
  to   space 2560K, 0% used [0x00000000ee880000,0x00000000ee880000,0x00000000eeb00000)
 ParOldGen       total 40960K, used 13019K [0x00000000c0000000, 0x00000000c2800000, 0x00000000eaa80000)
  object space 40960K, 31% used [0x00000000c0000000,0x00000000c0cb6f98,0x00000000c2800000)
 PSPermGen       total 21504K, used 6233K [0x00000000b5a00000, 0x00000000b6f00000, 0x00000000c0000000)
  object space 21504K, 28% used [0x00000000b5a00000,0x00000000b6016670,0x00000000b6f00000)
Event: 37.012 GC heap after
Heap after GC invocations=5 (full 0):
 PSYoungGen      total 66048K, used 2542K [0x00000000eaa80000, 0x00000000f4480000, 0x0000000100000000)
  eden space 63488K, 0% used [0x00000000eaa80000,0x00000000eaa80000,0x00000000ee880000)
  from space 2560K, 99% used [0x00000000ee880000,0x00000000eeafbbc0,0x00000000eeb00000)
  to   space 15360K, 0% used [0x00000000f3580000,0x00000000f3580000,0x00000000f4480000)
 ParOldGen       total 40960K, used 23279K [0x00000000c0000000, 0x00000000c2800000, 0x00000000eaa80000)
  object space 40960K, 56% used [0x00000000c0000000,0x00000000c16bbc00,0x00000000c2800000)
 PSPermGen       total 21504K, used 6233K [0x00000000b5a00000, 0x00000000b6f00000, 0x00000000c0000000)
  object space 21504K, 28% used [0x00000000b5a00000,0x00000000b6016670,0x00000000b6f00000)
}
Event: 48.603 GC heap before
{Heap before GC invocations=6 (full 0):
 PSYoungGen      total 66048K, used 66030K [0x00000000eaa80000, 0x00000000f4480000, 0x0000000100000000)
  eden space 63488K, 100% used [0x00000000eaa80000,0x00000000ee880000,0x00000000ee880000)
  from space 2560K, 99% used [0x00000000ee880000,0x00000000eeafbbc0,0x00000000eeb00000)
  to   space 15360K, 0% used [0x00000000f3580000,0x00000000f3580000,0x00000000f4480000)
 ParOldGen       total 40960K, used 23279K [0x00000000c0000000, 0x00000000c2800000, 0x00000000eaa80000)
  object space 40960K, 56% used [0x00000000c0000000,0x00000000c16bbc00,0x00000000c2800000)
 PSPermGen       total 21504K, used 6278K [0x00000000b5a00000, 0x00000000b6f00000, 0x00000000c0000000)
  object space 21504K, 29% used [0x00000000b5a00000,0x00000000b6021ad8,0x00000000b6f00000)
Event: 48.979 GC heap after
Heap after GC invocations=6 (full 0):
 PSYoungGen      total 140288K, used 13040K [0x00000000eaa80000, 0x00000000f4880000, 0x0000000100000000)
  eden space 124928K, 0% used [0x00000000eaa80000,0x00000000eaa80000,0x00000000f2480000)
  from space 15360K, 84% used [0x00000000f3580000,0x00000000f423c000,0x00000000f4480000)
  to   space 17408K, 0% used [0x00000000f2480000,0x00000000f2480000,0x00000000f3580000)
 ParOldGen       total 40960K, used 23279K [0x00000000c0000000, 0x00000000c2800000, 0x00000000eaa80000)
  object space 40960K, 56% used [0x00000000c0000000,0x00000000c16bbc00,0x00000000c2800000)
 PSPermGen       total 21504K, used 6278K [0x00000000b5a00000, 0x00000000b6f00000, 0x00000000c0000000)
  object space 21504K, 29% used [0x00000000b5a00000,0x00000000b6021ad8,0x00000000b6f00000)
}
Event: 67.720 GC heap before
{Heap before GC invocations=7 (full 0):
 PSYoungGen      total 140288K, used 137968K [0x00000000eaa80000, 0x00000000f4880000, 0x0000000100000000)
  eden space 124928K, 100% used [0x00000000eaa80000,0x00000000f2480000,0x00000000f2480000)
  from space 15360K, 84% used [0x00000000f3580000,0x00000000f423c000,0x00000000f4480000)
  to   space 17408K, 0% used [0x00000000f2480000,0x00000000f2480000,0x00000000f3580000)
 ParOldGen       total 40960K, used 23279K [0x00000000c0000000, 0x00000000c2800000, 0x00000000eaa80000)
  object space 40960K, 56% used [0x00000000c0000000,0x00000000c16bbc00,0x00000000c2800000)
 PSPermGen       total 21504K, used 6351K [0x00000000b5a00000, 0x00000000b6f00000, 0x00000000c0000000)
  object space 21504K, 29% used [0x00000000b5a00000,0x00000000b6033c98,0x00000000b6f00000)

Deoptimization events (10 events):
Event: 8.590 Thread 0x00007fd3e800a800 Uncommon trap: reason=null_check action=make_not_entrant pc=0x00007fd3e4016bc4 method=com.android.dx.rop.type.Type.putIntern(Lcom/android/dx/rop/type/Type;)Lcom/android/dx/rop/type/Type; @ 18
Event: 14.184 Thread 0x00007fd3e81b0800 Uncommon trap: reason=unreached action=reinterpret pc=0x00007fd3e3ff36c4 method=com.android.dx.rop.cst.Constant.compareTo(Lcom/android/dx/rop/cst/Constant;)I @ 12
Event: 17.461 Thread 0x00007fd3e81b0800 Uncommon trap: reason=unreached action=reinterpret pc=0x00007fd3e403058c method=com.android.dx.ssa.LocalVariableExtractor.processBlock(I)V @ 251
Event: 17.512 Thread 0x00007fd3e800a800 Uncommon trap: reason=null_check action=make_not_entrant pc=0x00007fd3e403a274 method=com.android.dx.ssa.SsaRenamer.getLocalForNewReg(I)Lcom/android/dx/rop/code/LocalItem; @ 19
Event: 19.901 Thread 0x00007fd3e81b3800 Uncommon trap: reason=class_check action=maybe_recompile pc=0x00007fd3e4018d28 method=java.util.HashMap.put(Ljava/lang/Object;Ljava/lang/Object;)Ljava/lang/Object; @ 83
Event: 19.901 Thread 0x00007fd3e81b3800 Uncommon trap: reason=class_check action=maybe_recompile pc=0x00007fd3e4018d28 method=java.util.HashMap.put(Ljava/lang/Object;Ljava/lang/Object;)Ljava/lang/Object; @ 83
Event: 19.901 Thread 0x00007fd3e81b3800 Uncommon trap: reason=class_check action=maybe_recompile pc=0x00007fd3e4018d28 method=java.util.HashMap.put(Ljava/lang/Object;Ljava/lang/Object;)Ljava/lang/Object; @ 83
Event: 19.902 Thread 0x00007fd3e81b3800 Uncommon trap: reason=class_check action=maybe_recompile pc=0x00007fd3e4018d28 method=java.util.HashMap.put(Ljava/lang/Object;Ljava/lang/Object;)Ljava/lang/Object; @ 83
Event: 38.054 Thread 0x00007fd3e800a800 Uncommon trap: reason=unloaded action=reinterpret pc=0x00007fd3e4082678 method=com.android.dx.cf.cst.ConstantPoolParser.parse0(ILjava/util/BitSet;)Lcom/android/dx/rop/cst/Constant; @ 220
Event: 44.026 Thread 0x00007fd3e81a9000 Uncommon trap: reason=null_check action=make_not_entrant pc=0x00007fd3e40977f8 method=com.android.dx.cf.code.Ropper$CatchInfo.getSetup(Lcom/android/dx/rop/type/Type;)Lcom/android/dx/cf/code/Ropper$ExceptionHandlerSetup; @ 10

Internal exceptions (10 events):
Event: 4.525 Thread 0x00007fd3e800a800 Threw 0x00000000eb44eea0 at /build/buildd/openjdk-7-7u79-2.5.5/build/openjdk/hotspot/src/share/vm/prims/jvm.cpp:1284
Event: 5.231 Thread 0x00007fd3e800a800 Threw 0x00000000eb649ed8 at /build/buildd/openjdk-7-7u79-2.5.5/build/openjdk/hotspot/src/share/vm/prims/jvm.cpp:1284
Event: 6.769 Thread 0x00007fd3e81a9000 Threw 0x00000000eacb4e58 at /build/buildd/openjdk-7-7u79-2.5.5/build/openjdk/hotspot/src/share/vm/prims/jvm.cpp:1284
Event: 8.590 Thread 0x00007fd3e800a800 Implicit null exception at 0x00007fd3e4016483 to 0x00007fd3e4016bb5
Event: 15.800 Thread 0x00007fd3e800a800 Threw 0x00000000eab500a8 at /build/buildd/openjdk-7-7u79-2.5.5/build/openjdk/hotspot/src/share/vm/prims/jvm.cpp:1284
Event: 16.427 Thread 0x00007fd3e800a800 Threw 0x00000000eaf1f728 at /build/buildd/openjdk-7-7u79-2.5.5/build/openjdk/hotspot/src/share/vm/prims/jvm.cpp:1284
Event: 17.512 Thread 0x00007fd3e800a800 Implicit null exception at 0x00007fd3e4038b18 to 0x00007fd3e403a241
Event: 23.288 Thread 0x00007fd3e81b1800 Threw 0x00000000ec712818 at /build/buildd/openjdk-7-7u79-2.5.5/build/openjdk/hotspot/src/share/vm/prims/jvm.cpp:1284
Event: 44.026 Thread 0x00007fd3e81a9000 Implicit null exception at 0x00007fd3e4093e7d to 0x00007fd3e40977c5
Event: 44.230 Thread 0x00007fd3e800a800 Threw 0x00000000ed1779a8 at /build/buildd/openjdk-7-7u79-2.5.5/build/openjdk/hotspot/src/share/vm/prims/jvm.cpp:1284

Events (10 events):
Event: 44.026 Thread 0x00007fd3e81a9000 DEOPT UNPACKING pc=0x00007fd3e3fac445 sp=0x00007fd3d18431f8 mode 2
Event: 44.230 loading class 0x00007fd3e8117d20
Event: 44.230 loading class 0x00007fd3e8117d20 done
Event: 45.189 Thread 0x00007fd3e80ab000 flushing nmethod 0x00007fd3e3ff3510
Event: 48.597 Executing VM operation: ParallelGCFailedAllocation
Event: 48.980 Executing VM operation: ParallelGCFailedAllocation done
Event: 58.210 Thread 0x00007fd3e80ab000 flushing nmethod 0x00007fd3e40183d0
Event: 58.294 Thread 0x00007fd3e80ab000 flushing nmethod 0x00007fd3e402f210
Event: 58.809 Thread 0x00007fd3e80ab000 flushing nmethod 0x00007fd3e4037950
Event: 67.302 Executing VM operation: ParallelGCFailedAllocation


Dynamic libraries:
00400000-00401000 r-xp 00000000 08:05 2642243                            /usr/lib/jvm/java-7-openjdk-amd64/jre/bin/java
00600000-00601000 r--p 00000000 08:05 2642243                            /usr/lib/jvm/java-7-openjdk-amd64/jre/bin/java
00601000-00602000 rw-p 00001000 08:05 2642243                            /usr/lib/jvm/java-7-openjdk-amd64/jre/bin/java
01718000-01739000 rw-p 00000000 00:00 0                                  [heap]
b5a00000-b6f00000 rw-p 00000000 00:00 0 
b6f00000-c0000000 rw-p 00000000 00:00 0 
c0000000-c2800000 rw-p 00000000 00:00 0 
c2800000-eaa80000 rw-p 00000000 00:00 0 
eaa80000-f4880000 rw-p 00000000 00:00 0 
fd580000-100000000 rw-p 00000000 00:00 0 
7fd398000000-7fd398023000 rw-p 00000000 00:00 0 
7fd398023000-7fd39c000000 ---p 00000000 00:00 0 
7fd39c000000-7fd39c021000 rw-p 00000000 00:00 0 
7fd39c021000-7fd3a0000000 ---p 00000000 00:00 0 
7fd3a0000000-7fd3a0021000 rw-p 00000000 00:00 0 
7fd3a0021000-7fd3a4000000 ---p 00000000 00:00 0 
7fd3a4000000-7fd3a402b000 rw-p 00000000 00:00 0 
7fd3a402b000-7fd3a8000000 ---p 00000000 00:00 0 
7fd3a8000000-7fd3a8021000 rw-p 00000000 00:00 0 
7fd3a8021000-7fd3ac000000 ---p 00000000 00:00 0 
7fd3ac000000-7fd3ac038000 rw-p 00000000 00:00 0 
7fd3ac038000-7fd3b0000000 ---p 00000000 00:00 0 
7fd3b0000000-7fd3b1b89000 rw-p 00000000 00:00 0 
7fd3b1b89000-7fd3b4000000 ---p 00000000 00:00 0 
7fd3b4000000-7fd3b4021000 rw-p 00000000 00:00 0 
7fd3b4021000-7fd3b8000000 ---p 00000000 00:00 0 
7fd3b8000000-7fd3b8021000 rw-p 00000000 00:00 0 
7fd3b8021000-7fd3bc000000 ---p 00000000 00:00 0 
7fd3bc000000-7fd3bd645000 rw-p 00000000 00:00 0 
7fd3bd645000-7fd3c0000000 ---p 00000000 00:00 0 
7fd3c0000000-7fd3c0021000 rw-p 00000000 00:00 0 
7fd3c0021000-7fd3c4000000 ---p 00000000 00:00 0 
7fd3c4000000-7fd3c4021000 rw-p 00000000 00:00 0 
7fd3c4021000-7fd3c8000000 ---p 00000000 00:00 0 
7fd3c8000000-7fd3c8241000 rw-p 00000000 00:00 0 
7fd3c8241000-7fd3cc000000 ---p 00000000 00:00 0 
7fd3cc000000-7fd3cc021000 rw-p 00000000 00:00 0 
7fd3cc021000-7fd3d0000000 ---p 00000000 00:00 0 
7fd3d1340000-7fd3d1343000 ---p 00000000 00:00 0 
7fd3d1343000-7fd3d1441000 rw-p 00000000 00:00 0                          [stack:3921]
7fd3d1441000-7fd3d1444000 ---p 00000000 00:00 0 
7fd3d1444000-7fd3d1542000 rw-p 00000000 00:00 0                          [stack:3919]
7fd3d1542000-7fd3d1545000 ---p 00000000 00:00 0 
7fd3d1545000-7fd3d1643000 rw-p 00000000 00:00 0                          [stack:3918]
7fd3d1643000-7fd3d1646000 ---p 00000000 00:00 0 
7fd3d1646000-7fd3d1744000 rw-p 00000000 00:00 0                          [stack:3917]
7fd3d1744000-7fd3d1747000 ---p 00000000 00:00 0 
7fd3d1747000-7fd3d1876000 rw-p 00000000 00:00 0                          [stack:3916]
7fd3d1876000-7fd3d18b3000 r-xp 00000000 08:05 2887801                    /lib/x86_64-linux-gnu/libpcre.so.3.13.1
7fd3d18b3000-7fd3d1ab2000 ---p 0003d000 08:05 2887801                    /lib/x86_64-linux-gnu/libpcre.so.3.13.1
7fd3d1ab2000-7fd3d1ab3000 r--p 0003c000 08:05 2887801                    /lib/x86_64-linux-gnu/libpcre.so.3.13.1
7fd3d1ab3000-7fd3d1ab4000 rw-p 0003d000 08:05 2887801                    /lib/x86_64-linux-gnu/libpcre.so.3.13.1
7fd3d1ab4000-7fd3d1abb000 r-xp 00000000 08:05 2631203                    /usr/lib/x86_64-linux-gnu/libffi.so.6.0.1
7fd3d1abb000-7fd3d1cba000 ---p 00007000 08:05 2631203                    /usr/lib/x86_64-linux-gnu/libffi.so.6.0.1
7fd3d1cba000-7fd3d1cbb000 r--p 00006000 08:05 2631203                    /usr/lib/x86_64-linux-gnu/libffi.so.6.0.1
7fd3d1cbb000-7fd3d1cbc000 rw-p 00007000 08:05 2631203                    /usr/lib/x86_64-linux-gnu/libffi.so.6.0.1
7fd3d1cbc000-7fd3d1cd3000 r-xp 00000000 08:05 2894756                    /lib/x86_64-linux-gnu/libresolv-2.19.so
7fd3d1cd3000-7fd3d1ed3000 ---p 00017000 08:05 2894756                    /lib/x86_64-linux-gnu/libresolv-2.19.so
7fd3d1ed3000-7fd3d1ed4000 r--p 00017000 08:05 2894756                    /lib/x86_64-linux-gnu/libresolv-2.19.so
7fd3d1ed4000-7fd3d1ed5000 rw-p 00018000 08:05 2894756                    /lib/x86_64-linux-gnu/libresolv-2.19.so
7fd3d1ed5000-7fd3d1ed7000 rw-p 00000000 00:00 0 
7fd3d1ed7000-7fd3d1ef7000 r-xp 00000000 08:05 2884563                    /lib/x86_64-linux-gnu/libselinux.so.1
7fd3d1ef7000-7fd3d20f6000 ---p 00020000 08:05 2884563                    /lib/x86_64-linux-gnu/libselinux.so.1
7fd3d20f6000-7fd3d20f7000 r--p 0001f000 08:05 2884563                    /lib/x86_64-linux-gnu/libselinux.so.1
7fd3d20f7000-7fd3d20f8000 rw-p 00020000 08:05 2884563                    /lib/x86_64-linux-gnu/libselinux.so.1
7fd3d20f8000-7fd3d20fa000 rw-p 00000000 00:00 0 
7fd3d20fa000-7fd3d20fd000 r-xp 00000000 08:05 2621804                    /usr/lib/x86_64-linux-gnu/libgmodule-2.0.so.0.4002.0
7fd3d20fd000-7fd3d22fc000 ---p 00003000 08:05 2621804                    /usr/lib/x86_64-linux-gnu/libgmodule-2.0.so.0.4002.0
7fd3d22fc000-7fd3d22fd000 r--p 00002000 08:05 2621804                    /usr/lib/x86_64-linux-gnu/libgmodule-2.0.so.0.4002.0
7fd3d22fd000-7fd3d22fe000 rw-p 00003000 08:05 2621804                    /usr/lib/x86_64-linux-gnu/libgmodule-2.0.so.0.4002.0
7fd3d22fe000-7fd3d2404000 r-xp 00000000 08:05 2887662                    /lib/x86_64-linux-gnu/libglib-2.0.so.0.4002.0
7fd3d2404000-7fd3d2603000 ---p 00106000 08:05 2887662                    /lib/x86_64-linux-gnu/libglib-2.0.so.0.4002.0
7fd3d2603000-7fd3d2604000 r--p 00105000 08:05 2887662                    /lib/x86_64-linux-gnu/libglib-2.0.so.0.4002.0
7fd3d2604000-7fd3d2605000 rw-p 00106000 08:05 2887662                    /lib/x86_64-linux-gnu/libglib-2.0.so.0.4002.0
7fd3d2605000-7fd3d2606000 rw-p 00000000 00:00 0 
7fd3d2606000-7fd3d2655000 r-xp 00000000 08:05 2621822                    /usr/lib/x86_64-linux-gnu/libgobject-2.0.so.0.4002.0
7fd3d2655000-7fd3d2855000 ---p 0004f000 08:05 2621822                    /usr/lib/x86_64-linux-gnu/libgobject-2.0.so.0.4002.0
7fd3d2855000-7fd3d2856000 r--p 0004f000 08:05 2621822                    /usr/lib/x86_64-linux-gnu/libgobject-2.0.so.0.4002.0
7fd3d2856000-7fd3d2857000 rw-p 00050000 08:05 2621822                    /usr/lib/x86_64-linux-gnu/libgobject-2.0.so.0.4002.0
7fd3d2857000-7fd3d29c3000 r-xp 00000000 08:05 2621826                    /usr/lib/x86_64-linux-gnu/libgio-2.0.so.0.4002.0
7fd3d29c3000-7fd3d2bc2000 ---p 0016c000 08:05 2621826                    /usr/lib/x86_64-linux-gnu/libgio-2.0.so.0.4002.0
7fd3d2bc2000-7fd3d2bc6000 r--p 0016b000 08:05 2621826                    /usr/lib/x86_64-linux-gnu/libgio-2.0.so.0.4002.0
7fd3d2bc6000-7fd3d2bc8000 rw-p 0016f000 08:05 2621826                    /usr/lib/x86_64-linux-gnu/libgio-2.0.so.0.4002.0
7fd3d2bc8000-7fd3d2bca000 rw-p 00000000 00:00 0 
7fd3d2beb000-7fd3d2c02000 r-xp 00000000 08:05 2656276                    /usr/lib/jvm/java-7-openjdk-amd64/jre/lib/amd64/libnet.so
7fd3d2c02000-7fd3d2e01000 ---p 00017000 08:05 2656276                    /usr/lib/jvm/java-7-openjdk-amd64/jre/lib/amd64/libnet.so
7fd3d2e01000-7fd3d2e02000 r--p 00016000 08:05 2656276                    /usr/lib/jvm/java-7-openjdk-amd64/jre/lib/amd64/libnet.so
7fd3d2e02000-7fd3d2e03000 rw-p 00017000 08:05 2656276                    /usr/lib/jvm/java-7-openjdk-amd64/jre/lib/amd64/libnet.so
7fd3d2e03000-7fd3d2e13000 r-xp 00000000 08:05 2656263                    /usr/lib/jvm/java-7-openjdk-amd64/jre/lib/amd64/libnio.so
7fd3d2e13000-7fd3d3013000 ---p 00010000 08:05 2656263                    /usr/lib/jvm/java-7-openjdk-amd64/jre/lib/amd64/libnio.so
7fd3d3013000-7fd3d3014000 r--p 00010000 08:05 2656263                    /usr/lib/jvm/java-7-openjdk-amd64/jre/lib/amd64/libnio.so
7fd3d3014000-7fd3d3015000 rw-p 00011000 08:05 2656263                    /usr/lib/jvm/java-7-openjdk-amd64/jre/lib/amd64/libnio.so
7fd3d3015000-7fd3d3016000 ---p 00000000 00:00 0 
7fd3d3016000-7fd3d3116000 rw-p 00000000 00:00 0                          [stack:3900]
7fd3d3116000-7fd3d3119000 ---p 00000000 00:00 0 
7fd3d3119000-7fd3d3217000 rw-p 00000000 00:00 0                          [stack:3899]
7fd3d3217000-7fd3d321a000 ---p 00000000 00:00 0 
7fd3d321a000-7fd3d3318000 rw-p 00000000 00:00 0                          [stack:3898]
7fd3d3318000-7fd3d331b000 ---p 00000000 00:00 0 
7fd3d331b000-7fd3d3419000 rw-p 00000000 00:00 0                          [stack:3897]
7fd3d3419000-7fd3d341c000 ---p 00000000 00:00 0 
7fd3d341c000-7fd3d351a000 rw-p 00000000 00:00 0                          [stack:3896]
7fd3d351a000-7fd3d3bfc000 r--p 00000000 08:05 2629588                    /usr/lib/locale/locale-archive
7fd3d3bfc000-7fd3d3bff000 ---p 00000000 00:00 0 
7fd3d3bff000-7fd3d3cfd000 rw-p 00000000 00:00 0                          [stack:3880]
7fd3d3cfd000-7fd3d3d00000 ---p 00000000 00:00 0 
7fd3d3d00000-7fd3d3dfe000 rw-p 00000000 00:00 0                          [stack:3879]
7fd3d3dfe000-7fd3d3dff000 ---p 00000000 00:00 0 
7fd3d3dff000-7fd3d4000000 rw-p 00000000 00:00 0                          [stack:3875]
7fd3d4000000-7fd3d4021000 rw-p 00000000 00:00 0 
7fd3d4021000-7fd3d8000000 ---p 00000000 00:00 0 
7fd3d8000000-7fd3d8021000 rw-p 00000000 00:00 0 
7fd3d8021000-7fd3dc000000 ---p 00000000 00:00 0 
7fd3dc000000-7fd3dc021000 rw-p 00000000 00:00 0 
7fd3dc021000-7fd3e0000000 ---p 00000000 00:00 0 
7fd3e001a000-7fd3e0f16000 rw-p 00000000 00:00 0 
7fd3e0f16000-7fd3e10c7000 r--s 01d27000 08:05 2656282                    /usr/lib/jvm/java-7-openjdk-amd64/jre/lib/rt.jar
7fd3e10c7000-7fd3e391b000 rw-p 00000000 00:00 0 
7fd3e391b000-7fd3e391c000 ---p 00000000 00:00 0 
7fd3e391c000-7fd3e3a1c000 rw-p 00000000 00:00 0                          [stack:3868]
7fd3e3a1c000-7fd3e3a1d000 ---p 00000000 00:00 0 
7fd3e3a1d000-7fd3e3b1d000 rw-p 00000000 00:00 0                          [stack:3863]
7fd3e3b1d000-7fd3e3b1e000 ---p 00000000 00:00 0 
7fd3e3b1e000-7fd3e3c1e000 rw-p 00000000 00:00 0                          [stack:3858]
7fd3e3c1e000-7fd3e3c1f000 ---p 00000000 00:00 0 
7fd3e3c1f000-7fd3e3d2a000 rw-p 00000000 00:00 0                          [stack:3855]
7fd3e3d2a000-7fd3e3d72000 rw-p 00000000 00:00 0 
7fd3e3d72000-7fd3e3d86000 rw-p 00000000 00:00 0 
7fd3e3d86000-7fd3e3ec7000 rw-p 00000000 00:00 0 
7fd3e3ec7000-7fd3e3f17000 rw-p 00000000 00:00 0 
7fd3e3f17000-7fd3e3f72000 rw-p 00000000 00:00 0 
7fd3e3f72000-7fd3e3f73000 rw-p 00000000 00:00 0 
7fd3e3f73000-7fd3e41e3000 rwxp 00000000 00:00 0 
7fd3e41e3000-7fd3e6f73000 rw-p 00000000 00:00 0 
7fd3e6f73000-7fd3e6f7b000 r-xp 00000000 08:05 2656259                    /usr/lib/jvm/java-7-openjdk-amd64/jre/lib/amd64/libzip.so
7fd3e6f7b000-7fd3e717a000 ---p 00008000 08:05 2656259                    /usr/lib/jvm/java-7-openjdk-amd64/jre/lib/amd64/libzip.so
7fd3e717a000-7fd3e717b000 r--p 00007000 08:05 2656259                    /usr/lib/jvm/java-7-openjdk-amd64/jre/lib/amd64/libzip.so
7fd3e717b000-7fd3e717c000 rw-p 00008000 08:05 2656259                    /usr/lib/jvm/java-7-openjdk-amd64/jre/lib/amd64/libzip.so
7fd3e717c000-7fd3e7187000 r-xp 00000000 08:05 2894758                    /lib/x86_64-linux-gnu/libnss_files-2.19.so
7fd3e7187000-7fd3e7386000 ---p 0000b000 08:05 2894758                    /lib/x86_64-linux-gnu/libnss_files-2.19.so
7fd3e7386000-7fd3e7387000 r--p 0000a000 08:05 2894758                    /lib/x86_64-linux-gnu/libnss_files-2.19.so
7fd3e7387000-7fd3e7388000 rw-p 0000b000 08:05 2894758                    /lib/x86_64-linux-gnu/libnss_files-2.19.so
7fd3e7388000-7fd3e7393000 r-xp 00000000 08:05 2894778                    /lib/x86_64-linux-gnu/libnss_nis-2.19.so
7fd3e7393000-7fd3e7592000 ---p 0000b000 08:05 2894778                    /lib/x86_64-linux-gnu/libnss_nis-2.19.so
7fd3e7592000-7fd3e7593000 r--p 0000a000 08:05 2894778                    /lib/x86_64-linux-gnu/libnss_nis-2.19.so
7fd3e7593000-7fd3e7594000 rw-p 0000b000 08:05 2894778                    /lib/x86_64-linux-gnu/libnss_nis-2.19.so
7fd3e7594000-7fd3e75ab000 r-xp 00000000 08:05 2894767                    /lib/x86_64-linux-gnu/libnsl-2.19.so
7fd3e75ab000-7fd3e77aa000 ---p 00017000 08:05 2894767                    /lib/x86_64-linux-gnu/libnsl-2.19.so
7fd3e77aa000-7fd3e77ab000 r--p 00016000 08:05 2894767                    /lib/x86_64-linux-gnu/libnsl-2.19.so
7fd3e77ab000-7fd3e77ac000 rw-p 00017000 08:05 2894767                    /lib/x86_64-linux-gnu/libnsl-2.19.so
7fd3e77ac000-7fd3e77ae000 rw-p 00000000 00:00 0 
7fd3e77ae000-7fd3e77b7000 r-xp 00000000 08:05 2894766                    /lib/x86_64-linux-gnu/libnss_compat-2.19.so
7fd3e77b7000-7fd3e79b6000 ---p 00009000 08:05 2894766                    /lib/x86_64-linux-gnu/libnss_compat-2.19.so
7fd3e79b6000-7fd3e79b7000 r--p 00008000 08:05 2894766                    /lib/x86_64-linux-gnu/libnss_compat-2.19.so
7fd3e79b7000-7fd3e79b8000 rw-p 00009000 08:05 2894766                    /lib/x86_64-linux-gnu/libnss_compat-2.19.so
7fd3e79b8000-7fd3e79e3000 r-xp 00000000 08:05 2656275                    /usr/lib/jvm/java-7-openjdk-amd64/jre/lib/amd64/libjava.so
7fd3e79e3000-7fd3e7be3000 ---p 0002b000 08:05 2656275                    /usr/lib/jvm/java-7-openjdk-amd64/jre/lib/amd64/libjava.so
7fd3e7be3000-7fd3e7be4000 r--p 0002b000 08:05 2656275                    /usr/lib/jvm/java-7-openjdk-amd64/jre/lib/amd64/libjava.so
7fd3e7be4000-7fd3e7be6000 rw-p 0002c000 08:05 2656275                    /usr/lib/jvm/java-7-openjdk-amd64/jre/lib/amd64/libjava.so
7fd3e7be6000-7fd3e7bf6000 r-xp 00000000 08:05 2656272                    /usr/lib/jvm/java-7-openjdk-amd64/jre/lib/amd64/libverify.so
7fd3e7bf6000-7fd3e7df5000 ---p 00010000 08:05 2656272                    /usr/lib/jvm/java-7-openjdk-amd64/jre/lib/amd64/libverify.so
7fd3e7df5000-7fd3e7df7000 r--p 0000f000 08:05 2656272                    /usr/lib/jvm/java-7-openjdk-amd64/jre/lib/amd64/libverify.so
7fd3e7df7000-7fd3e7df8000 rw-p 00011000 08:05 2656272                    /usr/lib/jvm/java-7-openjdk-amd64/jre/lib/amd64/libverify.so
7fd3e7df8000-7fd3e7dff000 r-xp 00000000 08:05 2894775                    /lib/x86_64-linux-gnu/librt-2.19.so
7fd3e7dff000-7fd3e7ffe000 ---p 00007000 08:05 2894775                    /lib/x86_64-linux-gnu/librt-2.19.so
7fd3e7ffe000-7fd3e7fff000 r--p 00006000 08:05 2894775                    /lib/x86_64-linux-gnu/librt-2.19.so
7fd3e7fff000-7fd3e8000000 rw-p 00007000 08:05 2894775                    /lib/x86_64-linux-gnu/librt-2.19.so
7fd3e8000000-7fd3e81c9000 rw-p 00000000 00:00 0 
7fd3e81c9000-7fd3ec000000 ---p 00000000 00:00 0 
7fd3ec007000-7fd3ec01c000 r--s 000e5000 08:05 833320                     /home/mayank/android projects/Movies/app/build/intermediates/exploded-aar/com.android.support/support-v4/23.1.1/jars/classes.jar
7fd3ec01c000-7fd3ec067000 rw-p 00000000 00:00 0 
7fd3ec067000-7fd3ec0af000 rw-p 00000000 00:00 0 
7fd3ec0af000-7fd3ec0c3000 rw-p 00000000 00:00 0 
7fd3ec0c3000-7fd3ec205000 rw-p 00000000 00:00 0 
7fd3ec205000-7fd3ec21b000 r-xp 00000000 08:05 2894752                    /lib/x86_64-linux-gnu/libgcc_s.so.1
7fd3ec21b000-7fd3ec41a000 ---p 00016000 08:05 2894752                    /lib/x86_64-linux-gnu/libgcc_s.so.1
7fd3ec41a000-7fd3ec41b000 rw-p 00015000 08:05 2894752                    /lib/x86_64-linux-gnu/libgcc_s.so.1
7fd3ec41b000-7fd3ec520000 r-xp 00000000 08:05 2894757                    /lib/x86_64-linux-gnu/libm-2.19.so
7fd3ec520000-7fd3ec71f000 ---p 00105000 08:05 2894757                    /lib/x86_64-linux-gnu/libm-2.19.so
7fd3ec71f000-7fd3ec720000 r--p 00104000 08:05 2894757                    /lib/x86_64-linux-gnu/libm-2.19.so
7fd3ec720000-7fd3ec721000 rw-p 00105000 08:05 2894757                    /lib/x86_64-linux-gnu/libm-2.19.so
7fd3ec721000-7fd3ec807000 r-xp 00000000 08:05 2631831                    /usr/lib/x86_64-linux-gnu/libstdc++.so.6.0.19
7fd3ec807000-7fd3eca06000 ---p 000e6000 08:05 2631831                    /usr/lib/x86_64-linux-gnu/libstdc++.so.6.0.19
7fd3eca06000-7fd3eca0e000 r--p 000e5000 08:05 2631831                    /usr/lib/x86_64-linux-gnu/libstdc++.so.6.0.19
7fd3eca0e000-7fd3eca10000 rw-p 000ed000 08:05 2631831                    /usr/lib/x86_64-linux-gnu/libstdc++.so.6.0.19
7fd3eca10000-7fd3eca25000 rw-p 00000000 00:00 0 
7fd3eca25000-7fd3ed53d000 r-xp 00000000 08:05 2656280                    /usr/lib/jvm/java-7-openjdk-amd64/jre/lib/amd64/server/libjvm.so
7fd3ed53d000-7fd3ed73d000 ---p 00b18000 08:05 2656280                    /usr/lib/jvm/java-7-openjdk-amd64/jre/lib/amd64/server/libjvm.so
7fd3ed73d000-7fd3ed7d7000 r--p 00b18000 08:05 2656280                    /usr/lib/jvm/java-7-openjdk-amd64/jre/lib/amd64/server/libjvm.so
7fd3ed7d7000-7fd3ed7fa000 rw-p 00bb2000 08:05 2656280                    /usr/lib/jvm/java-7-openjdk-amd64/jre/lib/amd64/server/libjvm.so
7fd3ed7fa000-7fd3ed828000 rw-p 00000000 00:00 0 
7fd3ed828000-7fd3ed840000 r-xp 00000000 08:05 2887861                    /lib/x86_64-linux-gnu/libz.so.1.2.8
7fd3ed840000-7fd3eda3f000 ---p 00018000 08:05 2887861                    /lib/x86_64-linux-gnu/libz.so.1.2.8
7fd3eda3f000-7fd3eda40000 r--p 00017000 08:05 2887861                    /lib/x86_64-linux-gnu/libz.so.1.2.8
7fd3eda40000-7fd3eda41000 rw-p 00018000 08:05 2887861                    /lib/x86_64-linux-gnu/libz.so.1.2.8
7fd3eda41000-7fd3eda5a000 r-xp 00000000 08:05 2894773                    /lib/x86_64-linux-gnu/libpthread-2.19.so
7fd3eda5a000-7fd3edc59000 ---p 00019000 08:05 2894773                    /lib/x86_64-linux-gnu/libpthread-2.19.so
7fd3edc59000-7fd3edc5a000 r--p 00018000 08:05 2894773                    /lib/x86_64-linux-gnu/libpthread-2.19.so
7fd3edc5a000-7fd3edc5b000 rw-p 00019000 08:05 2894773                    /lib/x86_64-linux-gnu/libpthread-2.19.so
7fd3edc5b000-7fd3edc5f000 rw-p 00000000 00:00 0 
7fd3edc5f000-7fd3edc62000 r-xp 00000000 08:05 2894761                    /lib/x86_64-linux-gnu/libdl-2.19.so
7fd3edc62000-7fd3ede61000 ---p 00003000 08:05 2894761                    /lib/x86_64-linux-gnu/libdl-2.19.so
7fd3ede61000-7fd3ede62000 r--p 00002000 08:05 2894761                    /lib/x86_64-linux-gnu/libdl-2.19.so
7fd3ede62000-7fd3ede63000 rw-p 00003000 08:05 2894761                    /lib/x86_64-linux-gnu/libdl-2.19.so
7fd3ede63000-7fd3ee01e000 r-xp 00000000 08:05 2894772                    /lib/x86_64-linux-gnu/libc-2.19.so
7fd3ee01e000-7fd3ee21d000 ---p 001bb000 08:05 2894772                    /lib/x86_64-linux-gnu/libc-2.19.so
7fd3ee21d000-7fd3ee221000 r--p 001ba000 08:05 2894772                    /lib/x86_64-linux-gnu/libc-2.19.so
7fd3ee221000-7fd3ee223000 rw-p 001be000 08:05 2894772                    /lib/x86_64-linux-gnu/libc-2.19.so
7fd3ee223000-7fd3ee228000 rw-p 00000000 00:00 0 
7fd3ee228000-7fd3ee235000 r-xp 00000000 08:05 2656251                    /usr/lib/jvm/java-7-openjdk-amd64/jre/lib/amd64/jli/libjli.so
7fd3ee235000-7fd3ee434000 ---p 0000d000 08:05 2656251                    /usr/lib/jvm/java-7-openjdk-amd64/jre/lib/amd64/jli/libjli.so
7fd3ee434000-7fd3ee435000 r--p 0000c000 08:05 2656251                    /usr/lib/jvm/java-7-openjdk-amd64/jre/lib/amd64/jli/libjli.so
7fd3ee435000-7fd3ee436000 rw-p 0000d000 08:05 2656251                    /usr/lib/jvm/java-7-openjdk-amd64/jre/lib/amd64/jli/libjli.so
7fd3ee436000-7fd3ee459000 r-xp 00000000 08:05 2894769                    /lib/x86_64-linux-gnu/ld-2.19.so
7fd3ee460000-7fd3ee46f000 r--s 000df000 08:05 1200912                    /home/mayank/android-sdk-linux/build-tools/23.0.2/lib/dx.jar
7fd3ee46f000-7fd3ee479000 rw-p 00000000 00:00 0 
7fd3ee479000-7fd3ee52f000 rw-p 00000000 00:00 0 
7fd3ee52f000-7fd3ee532000 ---p 00000000 00:00 0 
7fd3ee532000-7fd3ee634000 rw-p 00000000 00:00 0                          [stack:3850]
7fd3ee637000-7fd3ee638000 rw-p 00000000 00:00 0 
7fd3ee638000-7fd3ee63a000 r--s 00006000 08:05 133870                     /usr/share/java/java-atk-wrapper.jar
7fd3ee63a000-7fd3ee63e000 r--s 00034000 08:05 2656289                    /usr/lib/jvm/java-7-openjdk-amd64/jre/lib/ext/sunjce_provider.jar
7fd3ee63e000-7fd3ee63f000 r--s 00002000 08:05 2656286                    /usr/lib/jvm/java-7-openjdk-amd64/jre/lib/ext/dnsns.jar
7fd3ee63f000-7fd3ee643000 r--s 0003c000 08:05 2656287                    /usr/lib/jvm/java-7-openjdk-amd64/jre/lib/ext/sunpkcs11.jar
7fd3ee643000-7fd3ee646000 r--s 0000f000 08:05 2656285                    /usr/lib/jvm/java-7-openjdk-amd64/jre/lib/ext/icedtea-sound.jar
7fd3ee646000-7fd3ee649000 r--s 00086000 08:05 2656288                    /usr/lib/jvm/java-7-openjdk-amd64/jre/lib/ext/localedata.jar
7fd3ee649000-7fd3ee64b000 r--s 00012000 08:05 2656290                    /usr/lib/jvm/java-7-openjdk-amd64/jre/lib/ext/zipfs.jar
7fd3ee64b000-7fd3ee653000 rw-s 00000000 08:05 2490456                    /tmp/hsperfdata_mayank/3839
7fd3ee653000-7fd3ee654000 rw-p 00000000 00:00 0 
7fd3ee654000-7fd3ee655000 ---p 00000000 00:00 0 
7fd3ee655000-7fd3ee658000 rw-p 00000000 00:00 0 
7fd3ee658000-7fd3ee659000 r--p 00022000 08:05 2894769                    /lib/x86_64-linux-gnu/ld-2.19.so
7fd3ee659000-7fd3ee65a000 rw-p 00023000 08:05 2894769                    /lib/x86_64-linux-gnu/ld-2.19.so
7fd3ee65a000-7fd3ee65b000 rw-p 00000000 00:00 0 
7fff5fd26000-7fff5fd48000 rw-p 00000000 00:00 0                          [stack]
7fff5fd48000-7fff5fd4a000 r-xp 00000000 00:00 0                          [vdso]
ffffffffff600000-ffffffffff601000 r-xp 00000000 00:00 0                  [vsyscall]

VM Arguments:
jvm_args: -Djava.awt.headless=true -Xmx1024M -Dfile.encoding=UTF-8 -Duser.country=IN -Duser.language=en -Duser.variant 
java_command: com.android.dx.command.Main --dex --num-threads=4 --output /home/mayank/android projects/Movies/app/build/intermediates/pre-dexed/debug/com.android.support-support-v4-23.1.1_31502f776c2d32c68a0a203943bde6b13e94bedb.jar /home/mayank/android projects/Movies/app/build/intermediates/exploded-aar/com.android.support/support-v4/23.1.1/jars/classes.jar
Launcher Type: SUN_STANDARD

Environment Variables:
JAVA_HOME=/usr/local/java/jdk1.7.0_40
PATH=/usr/local/sbin:/usr/local/bin:/usr/sbin:/usr/bin:/sbin:/bin:/usr/games:/usr/local/games:/home/mayank/bin:/usr/local/java/jdk1.7.0_40/bin:/usr/local/jdk1.7.0_40/bin:/home/mayank/ns-allinone-2.35/xgraph-12.2/:/home/mayank/ns-allinone-2.35/bin/:/home/mayank/ns-allinone-2.35/tcl8.5.10/unix/:/home/mayank/ns-allinone-2.35/tk8.5.10/unix/:/home/mayank/ns-allinone-2.35/ns-2.35/:/home/mayank/ns-allinone-2.35/nam-1.15/:/home/mayank/omnetpp-4.6/bin:/apache-tomcat-7.0.62/lib/servlet-api.jar:/usr/local/apache-tomcat-8.0.23/
LD_LIBRARY_PATH=.::/home/mayank/ns-allinone-2.35/otcl-1.14:/home/mayank/ns-allinone-2.35/lib/:/usr/local/lib/
SHELL=/bin/bash
DISPLAY=:0

Signal Handlers:
SIGSEGV: [libjvm.so+0x94b9a0], sa_mask[0]=0x7ffbfeff, sa_flags=0x10000004
SIGBUS: [libjvm.so+0x94b9a0], sa_mask[0]=0x7ffbfeff, sa_flags=0x10000004
SIGFPE: [libjvm.so+0x7c3880], sa_mask[0]=0x7ffbfeff, sa_flags=0x10000004
SIGPIPE: [libjvm.so+0x7c3880], sa_mask[0]=0x7ffbfeff, sa_flags=0x10000004
SIGXFSZ: [libjvm.so+0x7c3880], sa_mask[0]=0x7ffbfeff, sa_flags=0x10000004
SIGILL: [libjvm.so+0x7c3880], sa_mask[0]=0x7ffbfeff, sa_flags=0x10000004
SIGUSR1: SIG_DFL, sa_mask[0]=0x00000000, sa_flags=0x00000000
SIGUSR2: [libjvm.so+0x7c3720], sa_mask[0]=0x00000004, sa_flags=0x10000004
SIGHUP: [libjvm.so+0x7c3900], sa_mask[0]=0x7ffbfeff, sa_flags=0x10000004
SIGINT: [libjvm.so+0x7c3900], sa_mask[0]=0x7ffbfeff, sa_flags=0x10000004
SIGTERM: [libjvm.so+0x7c3900], sa_mask[0]=0x7ffbfeff, sa_flags=0x10000004
SIGQUIT: [libjvm.so+0x7c3900], sa_mask[0]=0x7ffbfeff, sa_flags=0x10000004
SIGTRAP: SIG_DFL, sa_mask[0]=0x00000000, sa_flags=0x00000000


---------------  S Y S T E M  ---------------

OS:Ubuntu 14.04 (trusty)
uname:Linux 3.13.0-46-generic #79-Ubuntu SMP Tue Mar 10 20:06:50 UTC 2015 x86_64
libc:glibc 2.19 NPTL 2.19 
rlimit: STACK 8192k, CORE 0k, NPROC 30704, NOFILE 4096, AS infinity
load average:15.67 5.81 2.37

/proc/meminfo:
MemTotal:        3951712 kB
MemFree:          109216 kB
Buffers:             276 kB
Cached:           451084 kB
SwapCached:            0 kB
Active:          3222424 kB
Inactive:         444836 kB
Active(anon):    3218972 kB
Inactive(anon):   413360 kB
Active(file):       3452 kB
Inactive(file):    31476 kB
Unevictable:          48 kB
Mlocked:              48 kB
SwapTotal:             0 kB
SwapFree:              0 kB
Dirty:               904 kB
Writeback:             0 kB
AnonPages:       3215736 kB
Mapped:           143432 kB
Shmem:            416564 kB
Slab:              70360 kB
SReclaimable:      32508 kB
SUnreclaim:        37852 kB
KernelStack:        5224 kB
PageTables:        44596 kB
NFS_Unstable:          0 kB
Bounce:                0 kB
WritebackTmp:          0 kB
CommitLimit:     1975856 kB
Committed_AS:    7492904 kB
VmallocTotal:   34359738367 kB
VmallocUsed:      347516 kB
VmallocChunk:   34359380860 kB
HardwareCorrupted:     0 kB
AnonHugePages:    561152 kB
HugePages_Total:       0
HugePages_Free:        0
HugePages_Rsvd:        0
HugePages_Surp:        0
Hugepagesize:       2048 kB
DirectMap4k:       92608 kB
DirectMap2M:     4005888 kB


CPU:total 4 (2 cores per cpu, 2 threads per core) family 6 model 42 stepping 7, cmov, cx8, fxsr, mmx, sse, sse2, sse3, ssse3, sse4.1, sse4.2, popcnt, avx, aes, ht, tsc, tscinvbit

/proc/cpuinfo:
processor	: 0
vendor_id	: GenuineIntel
cpu family	: 6
model		: 42
model name	: Intel(R) Core(TM) i5-2450M CPU @ 2.50GHz
stepping	: 7
microcode	: 0x1b
cpu MHz		: 2501.000
cache size	: 3072 KB
physical id	: 0
siblings	: 4
core id		: 0
cpu cores	: 2
apicid		: 0
initial apicid	: 0
fpu		: yes
fpu_exception	: yes
cpuid level	: 13
wp		: yes
flags		: fpu vme de pse tsc msr pae mce cx8 apic sep mtrr pge mca cmov pat pse36 clflush dts acpi mmx fxsr sse sse2 ss ht tm pbe syscall nx rdtscp lm constant_tsc arch_perfmon pebs bts rep_good nopl xtopology nonstop_tsc aperfmperf eagerfpu pni pclmulqdq dtes64 monitor ds_cpl vmx est tm2 ssse3 cx16 xtpr pdcm pcid sse4_1 sse4_2 x2apic popcnt tsc_deadline_timer aes xsave avx lahf_lm ida arat epb xsaveopt pln pts dtherm tpr_shadow vnmi flexpriority ept vpid
bogomips	: 4988.92
clflush size	: 64
cache_alignment	: 64
address sizes	: 36 bits physical, 48 bits virtual
power management:

processor	: 1
vendor_id	: GenuineIntel
cpu family	: 6
model		: 42
model name	: Intel(R) Core(TM) i5-2450M CPU @ 2.50GHz
stepping	: 7
microcode	: 0x1b
cpu MHz		: 2501.000
cache size	: 3072 KB
physical id	: 0
siblings	: 4
core id		: 1
cpu cores	: 2
apicid		: 2
initial apicid	: 2
fpu		: yes
fpu_exception	: yes
cpuid level	: 13
wp		: yes
flags		: fpu vme de pse tsc msr pae mce cx8 apic sep mtrr pge mca cmov pat pse36 clflush dts acpi mmx fxsr sse sse2 ss ht tm pbe syscall nx rdtscp lm constant_tsc arch_perfmon pebs bts rep_good nopl xtopology nonstop_tsc aperfmperf eagerfpu pni pclmulqdq dtes64 monitor ds_cpl vmx est tm2 ssse3 cx16 xtpr pdcm pcid sse4_1 sse4_2 x2apic popcnt tsc_deadline_timer aes xsave avx lahf_lm ida arat epb xsaveopt pln pts dtherm tpr_shadow vnmi flexpriority ept vpid
bogomips	: 4988.92
clflush size	: 64
cache_alignment	: 64
address sizes	: 36 bits physical, 48 bits virtual
power management:

processor	: 2
vendor_id	: GenuineIntel
cpu family	: 6
model		: 42
model name	: Intel(R) Core(TM) i5-2450M CPU @ 2.50GHz
stepping	: 7
microcode	: 0x1b
cpu MHz		: 2501.000
cache size	: 3072 KB
physical id	: 0
siblings	: 4
core id		: 0
cpu cores	: 2
apicid		: 1
initial apicid	: 1
fpu		: yes
fpu_exception	: yes
cpuid level	: 13
wp		: yes
flags		: fpu vme de pse tsc msr pae mce cx8 apic sep mtrr pge mca cmov pat pse36 clflush dts acpi mmx fxsr sse sse2 ss ht tm pbe syscall nx rdtscp lm constant_tsc arch_perfmon pebs bts rep_good nopl xtopology nonstop_tsc aperfmperf eagerfpu pni pclmulqdq dtes64 monitor ds_cpl vmx est tm2 ssse3 cx16 xtpr pdcm pcid sse4_1 sse4_2 x2apic popcnt tsc_deadline_timer aes xsave avx lahf_lm ida arat epb xsaveopt pln pts dtherm tpr_shadow vnmi flexpriority ept vpid
bogomips	: 4988.92
clflush size	: 64
cache_alignment	: 64
address sizes	: 36 bits physical, 48 bits virtual
power management:

processor	: 3
vendor_id	: GenuineIntel
cpu family	: 6
model		: 42
model name	: Intel(R) Core(TM) i5-2450M CPU @ 2.50GHz
stepping	: 7
microcode	: 0x1b
cpu MHz		: 2501.000
cache size	: 3072 KB
physical id	: 0
siblings	: 4
core id		: 1
cpu cores	: 2
apicid		: 3
initial apicid	: 3
fpu		: yes
fpu_exception	: yes
cpuid level	: 13
wp		: yes
flags		: fpu vme de pse tsc msr pae mce cx8 apic sep mtrr pge mca cmov pat pse36 clflush dts acpi mmx fxsr sse sse2 ss ht tm pbe syscall nx rdtscp lm constant_tsc arch_perfmon pebs bts rep_good nopl xtopology nonstop_tsc aperfmperf eagerfpu pni pclmulqdq dtes64 monitor ds_cpl vmx est tm2 ssse3 cx16 xtpr pdcm pcid sse4_1 sse4_2 x2apic popcnt tsc_deadline_timer aes xsave avx lahf_lm ida arat epb xsaveopt pln pts dtherm tpr_shadow vnmi flexpriority ept vpid
bogomips	: 4988.92
clflush size	: 64
cache_alignment	: 64
address sizes	: 36 bits physical, 48 bits virtual
power management:



Memory: 4k page, physical 3951712k(109216k free), swap 0k(0k free)

vm_info: OpenJDK 64-Bit Server VM (24.79-b02) for linux-amd64 JRE (1.7.0_79-b14), built on Apr 16 2015 08:21:58 by "buildd" with gcc 4.8.2

time: Fri Feb 12 21:12:02 2016
elapsed time: 77 seconds

